running egg_info
writing ../../build/python_topic/python_topic.egg-info/PKG-INFO
writing dependency_links to ../../build/python_topic/python_topic.egg-info/dependency_links.txt
writing entry points to ../../build/python_topic/python_topic.egg-info/entry_points.txt
writing requirements to ../../build/python_topic/python_topic.egg-info/requires.txt
writing top-level names to ../../build/python_topic/python_topic.egg-info/top_level.txt
reading manifest file '../../build/python_topic/python_topic.egg-info/SOURCES.txt'
adding license file 'LICENSE'
writing manifest file '../../build/python_topic/python_topic.egg-info/SOURCES.txt'
running build
running build_py
copying python_topic/novel_pub_node.py -> /home/lxf/桌面/ROS/7.话题发布小说/build/python_topic/build/lib/python_topic
running install
running install_lib
copying /home/lxf/桌面/ROS/7.话题发布小说/build/python_topic/build/lib/python_topic/novel_pub_node.py -> /home/lxf/桌面/ROS/7.话题发布小说/install/python_topic/lib/python3.10/site-packages/python_topic
byte-compiling /home/lxf/桌面/ROS/7.话题发布小说/install/python_topic/lib/python3.10/site-packages/python_topic/novel_pub_node.py to novel_pub_node.cpython-310.pyc
running install_data
running install_egg_info
removing '/home/lxf/桌面/ROS/7.话题发布小说/install/python_topic/lib/python3.10/site-packages/python_topic-0.0.0-py3.10.egg-info' (and everything under it)
Copying ../../build/python_topic/python_topic.egg-info to /home/lxf/桌面/ROS/7.话题发布小说/install/python_topic/lib/python3.10/site-packages/python_topic-0.0.0-py3.10.egg-info
running install_scripts
Installing novel_pub_node script to /home/lxf/桌面/ROS/7.话题发布小说/install/python_topic/lib/python_topic
writing list of installed files to '/home/lxf/桌面/ROS/7.话题发布小说/build/python_topic/install.log'
