[35m[1mConsolidate compiler generated dependencies of target person_node[0m
[ 50%] Built target cpp_node
[ 75%] [32mBuilding CXX object CMakeFiles/person_node.dir/src/person_node.cpp.o[0m
[100%] [32m[1mLinking CXX executable person_node[0m
[100%] Built target person_node
-- Install configuration: ""
-- Up-to-date: /home/lxf/æ¡Œé¢/ROS/4.OPP_learn/install/cpp_pkg/lib/&{PROJECT_NAME}/cpp_node
-- Installing: /home/lxf/æ¡Œé¢/ROS/4.OPP_learn/install/cpp_pkg/lib/&{PROJECT_NAME}/person_node
-- Set runtime path of "/home/lxf/æ¡Œé¢/ROS/4.OPP_learn/install/cpp_pkg/lib/&{PROJECT_NAME}/person_node" to ""
-- Up-to-date: /home/lxf/æ¡Œé¢/ROS/4.OPP_learn/install/cpp_pkg/share/ament_index/resource_index/package_run_dependencies/cpp_pkg
-- Installing: /home/lxf/æ¡Œé¢/ROS/4.OPP_learn/install/cpp_pkg/share/ament_index/resource_index/parent_prefix_path/cpp_pkg
-- Up-to-date: /home/lxf/æ¡Œé¢/ROS/4.OPP_learn/install/cpp_pkg/share/cpp_pkg/environment/ament_prefix_path.sh
-- Installing: /home/lxf/æ¡Œé¢/ROS/4.OPP_learn/install/cpp_pkg/share/cpp_pkg/environment/ament_prefix_path.dsv
-- Up-to-date: /home/lxf/æ¡Œé¢/ROS/4.OPP_learn/install/cpp_pkg/share/cpp_pkg/environment/path.sh
-- Installing: /home/lxf/æ¡Œé¢/ROS/4.OPP_learn/install/cpp_pkg/share/cpp_pkg/environment/path.dsv
-- Up-to-date: /home/lxf/æ¡Œé¢/ROS/4.OPP_learn/install/cpp_pkg/share/cpp_pkg/local_setup.bash
-- Up-to-date: /home/lxf/æ¡Œé¢/ROS/4.OPP_learn/install/cpp_pkg/share/cpp_pkg/local_setup.sh
-- Up-to-date: /home/lxf/æ¡Œé¢/ROS/4.OPP_learn/install/cpp_pkg/share/cpp_pkg/local_setup.zsh
-- Installing: /home/lxf/æ¡Œé¢/ROS/4.OPP_learn/install/cpp_pkg/share/cpp_pkg/local_setup.dsv
-- Installing: /home/lxf/æ¡Œé¢/ROS/4.OPP_learn/install/cpp_pkg/share/cpp_pkg/package.dsv
-- Up-to-date: /home/lxf/æ¡Œé¢/ROS/4.OPP_learn/install/cpp_pkg/share/ament_index/resource_index/packages/cpp_pkg
-- Up-to-date: /home/lxf/æ¡Œé¢/ROS/4.OPP_learn/install/cpp_pkg/share/cpp_pkg/cmake/cpp_pkgConfig.cmake
-- Up-to-date: /home/lxf/æ¡Œé¢/ROS/4.OPP_learn/install/cpp_pkg/share/cpp_pkg/cmake/cpp_pkgConfig-version.cmake
-- Up-to-date: /home/lxf/æ¡Œé¢/ROS/4.OPP_learn/install/cpp_pkg/share/cpp_pkg/package.xml
