[0.010s] Invoking command in '/home/lxf/桌面/ROS/4.OPP_learn/build/cpp_pkg': CMAKE_PREFIX_PATH=${CMAKE_PREFIX_PATH}:/home/lxf/桌面/ROS/4.OPP_learn/install/python_pkg:/opt/ros/humble /usr/bin/cmake --build /home/lxf/桌面/ROS/4.OPP_learn/build/cpp_pkg -- -j16 -l16
[0.058s] [100%] Built target cpp_node
[0.172s] Invoked command in '/home/lxf/桌面/ROS/4.OPP_learn/build/cpp_pkg' returned '0': CMAKE_PREFIX_PATH=${CMAKE_PREFIX_PATH}:/home/lxf/桌面/ROS/4.OPP_learn/install/python_pkg:/opt/ros/humble /usr/bin/cmake --build /home/lxf/桌面/ROS/4.OPP_learn/build/cpp_pkg -- -j16 -l16
[0.179s] Invoking command in '/home/lxf/桌面/ROS/4.OPP_learn/build/cpp_pkg': CMAKE_PREFIX_PATH=${CMAKE_PREFIX_PATH}:/home/lxf/桌面/ROS/4.OPP_learn/install/python_pkg:/opt/ros/humble /usr/bin/cmake --install /home/lxf/桌面/ROS/4.OPP_learn/build/cpp_pkg
[0.184s] -- Install configuration: ""
[0.184s] -- Up-to-date: /home/lxf/桌面/ROS/4.OPP_learn/install/cpp_pkg/lib/&{PROJECT_NAME}/cpp_node
[0.184s] -- Up-to-date: /home/lxf/桌面/ROS/4.OPP_learn/install/cpp_pkg/share/ament_index/resource_index/package_run_dependencies/cpp_pkg
[0.185s] -- Up-to-date: /home/lxf/桌面/ROS/4.OPP_learn/install/cpp_pkg/share/ament_index/resource_index/parent_prefix_path/cpp_pkg
[0.185s] -- Up-to-date: /home/lxf/桌面/ROS/4.OPP_learn/install/cpp_pkg/share/cpp_pkg/environment/ament_prefix_path.sh
[0.185s] -- Up-to-date: /home/lxf/桌面/ROS/4.OPP_learn/install/cpp_pkg/share/cpp_pkg/environment/ament_prefix_path.dsv
[0.185s] -- Up-to-date: /home/lxf/桌面/ROS/4.OPP_learn/install/cpp_pkg/share/cpp_pkg/environment/path.sh
[0.185s] -- Up-to-date: /home/lxf/桌面/ROS/4.OPP_learn/install/cpp_pkg/share/cpp_pkg/environment/path.dsv
[0.185s] -- Up-to-date: /home/lxf/桌面/ROS/4.OPP_learn/install/cpp_pkg/share/cpp_pkg/local_setup.bash
[0.185s] -- Up-to-date: /home/lxf/桌面/ROS/4.OPP_learn/install/cpp_pkg/share/cpp_pkg/local_setup.sh
[0.185s] -- Up-to-date: /home/lxf/桌面/ROS/4.OPP_learn/install/cpp_pkg/share/cpp_pkg/local_setup.zsh
[0.185s] -- Up-to-date: /home/lxf/桌面/ROS/4.OPP_learn/install/cpp_pkg/share/cpp_pkg/local_setup.dsv
[0.185s] -- Installing: /home/lxf/桌面/ROS/4.OPP_learn/install/cpp_pkg/share/cpp_pkg/package.dsv
[0.185s] -- Up-to-date: /home/lxf/桌面/ROS/4.OPP_learn/install/cpp_pkg/share/ament_index/resource_index/packages/cpp_pkg
[0.185s] -- Up-to-date: /home/lxf/桌面/ROS/4.OPP_learn/install/cpp_pkg/share/cpp_pkg/cmake/cpp_pkgConfig.cmake
[0.185s] -- Up-to-date: /home/lxf/桌面/ROS/4.OPP_learn/install/cpp_pkg/share/cpp_pkg/cmake/cpp_pkgConfig-version.cmake
[0.185s] -- Up-to-date: /home/lxf/桌面/ROS/4.OPP_learn/install/cpp_pkg/share/cpp_pkg/package.xml
[0.187s] Invoked command in '/home/lxf/桌面/ROS/4.OPP_learn/build/cpp_pkg' returned '0': CMAKE_PREFIX_PATH=${CMAKE_PREFIX_PATH}:/home/lxf/桌面/ROS/4.OPP_learn/install/python_pkg:/opt/ros/humble /usr/bin/cmake --install /home/lxf/桌面/ROS/4.OPP_learn/build/cpp_pkg
