[0.011s] Invoking command in '/home/lxf/æ¡Œé¢/ROS/6.Thread/build/cpp_pkg': CMAKE_PREFIX_PATH=/opt/ros/humble /usr/bin/cmake --build /home/lxf/æ¡Œé¢/ROS/6.Thread/build/cpp_pkg -- -j16 -l16
[0.044s] [ 14%] Built target learn_function
[0.045s] [ 35%] Built target learn_shared_ptr
[0.045s] [ 42%] Built target learn_auto
[0.047s] [ 57%] Built target person_node
[0.048s] [ 71%] Built target learn_lambda
[0.051s] [ 85%] Built target cpp_node
[0.055s] [ 92%] [32mBuilding CXX object CMakeFiles/learn_thread.dir/src/learn_thread.cpp.o[0m
[3.644s] [100%] [1m[32mLinking CXX executable learn_thread[0m
[3.839s] [100%] Built target learn_thread
[3.843s] Invoked command in '/home/lxf/æ¡Œé¢/ROS/6.Thread/build/cpp_pkg' returned '0': CMAKE_PREFIX_PATH=/opt/ros/humble /usr/bin/cmake --build /home/lxf/æ¡Œé¢/ROS/6.Thread/build/cpp_pkg -- -j16 -l16
[3.847s] Invoking command in '/home/lxf/æ¡Œé¢/ROS/6.Thread/build/cpp_pkg': CMAKE_PREFIX_PATH=/opt/ros/humble /usr/bin/cmake --install /home/lxf/æ¡Œé¢/ROS/6.Thread/build/cpp_pkg
[3.850s] -- Install configuration: ""
[3.850s] -- Up-to-date: /home/lxf/æ¡Œé¢/ROS/6.Thread/install/cpp_pkg/lib/cpp_pkg/cpp_node
[3.850s] -- Up-to-date: /home/lxf/æ¡Œé¢/ROS/6.Thread/install/cpp_pkg/lib/cpp_pkg/person_node
[3.850s] -- Up-to-date: /home/lxf/æ¡Œé¢/ROS/6.Thread/install/cpp_pkg/lib/cpp_pkg/learn_auto
[3.850s] -- Up-to-date: /home/lxf/æ¡Œé¢/ROS/6.Thread/install/cpp_pkg/lib/cpp_pkg/learn_shared_ptr
[3.850s] -- Up-to-date: /home/lxf/æ¡Œé¢/ROS/6.Thread/install/cpp_pkg/lib/cpp_pkg/learn_lambda
[3.851s] -- Up-to-date: /home/lxf/æ¡Œé¢/ROS/6.Thread/install/cpp_pkg/lib/cpp_pkg/learn_function
[3.851s] -- Up-to-date: /home/lxf/æ¡Œé¢/ROS/6.Thread/install/cpp_pkg/share/ament_index/resource_index/package_run_dependencies/cpp_pkg
[3.851s] -- Up-to-date: /home/lxf/æ¡Œé¢/ROS/6.Thread/install/cpp_pkg/share/ament_index/resource_index/parent_prefix_path/cpp_pkg
[3.851s] -- Up-to-date: /home/lxf/æ¡Œé¢/ROS/6.Thread/install/cpp_pkg/share/cpp_pkg/environment/ament_prefix_path.sh
[3.852s] -- Installing: /home/lxf/æ¡Œé¢/ROS/6.Thread/install/cpp_pkg/share/cpp_pkg/environment/ament_prefix_path.dsv
[3.852s] -- Up-to-date: /home/lxf/æ¡Œé¢/ROS/6.Thread/install/cpp_pkg/share/cpp_pkg/environment/path.sh
[3.852s] -- Installing: /home/lxf/æ¡Œé¢/ROS/6.Thread/install/cpp_pkg/share/cpp_pkg/environment/path.dsv
[3.852s] -- Up-to-date: /home/lxf/æ¡Œé¢/ROS/6.Thread/install/cpp_pkg/share/cpp_pkg/local_setup.bash
[3.852s] -- Up-to-date: /home/lxf/æ¡Œé¢/ROS/6.Thread/install/cpp_pkg/share/cpp_pkg/local_setup.sh
[3.852s] -- Up-to-date: /home/lxf/æ¡Œé¢/ROS/6.Thread/install/cpp_pkg/share/cpp_pkg/local_setup.zsh
[3.853s] -- Installing: /home/lxf/æ¡Œé¢/ROS/6.Thread/install/cpp_pkg/share/cpp_pkg/local_setup.dsv
[3.853s] -- Installing: /home/lxf/æ¡Œé¢/ROS/6.Thread/install/cpp_pkg/share/cpp_pkg/package.dsv
[3.853s] -- Up-to-date: /home/lxf/æ¡Œé¢/ROS/6.Thread/install/cpp_pkg/share/ament_index/resource_index/packages/cpp_pkg
[3.853s] -- Up-to-date: /home/lxf/æ¡Œé¢/ROS/6.Thread/install/cpp_pkg/share/cpp_pkg/cmake/cpp_pkgConfig.cmake
[3.853s] -- Up-to-date: /home/lxf/æ¡Œé¢/ROS/6.Thread/install/cpp_pkg/share/cpp_pkg/cmake/cpp_pkgConfig-version.cmake
[3.853s] -- Up-to-date: /home/lxf/æ¡Œé¢/ROS/6.Thread/install/cpp_pkg/share/cpp_pkg/package.xml
[3.855s] Invoked command in '/home/lxf/æ¡Œé¢/ROS/6.Thread/build/cpp_pkg' returned '0': CMAKE_PREFIX_PATH=/opt/ros/humble /usr/bin/cmake --install /home/lxf/æ¡Œé¢/ROS/6.Thread/build/cpp_pkg
