[0.354s] Invoking command in '/home/lxf/桌面/ROS/4.OPP_learn/src/python_pkg': PYTHONPATH=/home/lxf/桌面/ROS/4.OPP_learn/build/python_pkg/prefix_override:/usr/lib/python3/dist-packages/colcon_core/task/python/colcon_distutils_commands:/home/lxf/桌面/ROS/4.OPP_learn/install/python_pkg/lib/python3.10/site-packages:${PYTHONPATH} /usr/bin/python3 -W ignore:setup.py install is deprecated -W ignore:easy_install command is deprecated setup.py egg_info --egg-base ../../build/python_pkg build --build-base /home/lxf/桌面/ROS/4.OPP_learn/build/python_pkg/build install --record /home/lxf/桌面/ROS/4.OPP_learn/build/python_pkg/install.log --single-version-externally-managed install_data
[0.493s] running egg_info
[0.494s] creating ../../build/python_pkg/python_pkg.egg-info
[0.494s] writing ../../build/python_pkg/python_pkg.egg-info/PKG-INFO
[0.494s] writing dependency_links to ../../build/python_pkg/python_pkg.egg-info/dependency_links.txt
[0.494s] writing entry points to ../../build/python_pkg/python_pkg.egg-info/entry_points.txt
[0.494s] writing requirements to ../../build/python_pkg/python_pkg.egg-info/requires.txt
[0.494s] writing top-level names to ../../build/python_pkg/python_pkg.egg-info/top_level.txt
[0.494s] writing manifest file '../../build/python_pkg/python_pkg.egg-info/SOURCES.txt'
[0.495s] reading manifest file '../../build/python_pkg/python_pkg.egg-info/SOURCES.txt'
[0.495s] adding license file 'LICENSE'
[0.496s] writing manifest file '../../build/python_pkg/python_pkg.egg-info/SOURCES.txt'
[0.496s] running build
[0.496s] running build_py
[0.496s] creating /home/lxf/桌面/ROS/4.OPP_learn/build/python_pkg/build
[0.496s] creating /home/lxf/桌面/ROS/4.OPP_learn/build/python_pkg/build/lib
[0.496s] creating /home/lxf/桌面/ROS/4.OPP_learn/build/python_pkg/build/lib/python_pkg
[0.496s] copying python_pkg/person_node.py -> /home/lxf/桌面/ROS/4.OPP_learn/build/python_pkg/build/lib/python_pkg
[0.496s] copying python_pkg/__init__.py -> /home/lxf/桌面/ROS/4.OPP_learn/build/python_pkg/build/lib/python_pkg
[0.496s] copying python_pkg/python_node.py -> /home/lxf/桌面/ROS/4.OPP_learn/build/python_pkg/build/lib/python_pkg
[0.496s] running install
[0.496s] running install_lib
[0.497s] creating /home/lxf/桌面/ROS/4.OPP_learn/install/python_pkg/lib/python3.10/site-packages/python_pkg
[0.497s] copying /home/lxf/桌面/ROS/4.OPP_learn/build/python_pkg/build/lib/python_pkg/person_node.py -> /home/lxf/桌面/ROS/4.OPP_learn/install/python_pkg/lib/python3.10/site-packages/python_pkg
[0.497s] copying /home/lxf/桌面/ROS/4.OPP_learn/build/python_pkg/build/lib/python_pkg/__init__.py -> /home/lxf/桌面/ROS/4.OPP_learn/install/python_pkg/lib/python3.10/site-packages/python_pkg
[0.497s] copying /home/lxf/桌面/ROS/4.OPP_learn/build/python_pkg/build/lib/python_pkg/python_node.py -> /home/lxf/桌面/ROS/4.OPP_learn/install/python_pkg/lib/python3.10/site-packages/python_pkg
[0.497s] byte-compiling /home/lxf/桌面/ROS/4.OPP_learn/install/python_pkg/lib/python3.10/site-packages/python_pkg/person_node.py to person_node.cpython-310.pyc
[0.497s] byte-compiling /home/lxf/桌面/ROS/4.OPP_learn/install/python_pkg/lib/python3.10/site-packages/python_pkg/__init__.py to __init__.cpython-310.pyc
[0.497s] byte-compiling /home/lxf/桌面/ROS/4.OPP_learn/install/python_pkg/lib/python3.10/site-packages/python_pkg/python_node.py to python_node.cpython-310.pyc
[0.497s] running install_data
[0.497s] creating /home/lxf/桌面/ROS/4.OPP_learn/install/python_pkg/share
[0.497s] creating /home/lxf/桌面/ROS/4.OPP_learn/install/python_pkg/share/ament_index
[0.497s] creating /home/lxf/桌面/ROS/4.OPP_learn/install/python_pkg/share/ament_index/resource_index
[0.497s] creating /home/lxf/桌面/ROS/4.OPP_learn/install/python_pkg/share/ament_index/resource_index/packages
[0.497s] copying resource/python_pkg -> /home/lxf/桌面/ROS/4.OPP_learn/install/python_pkg/share/ament_index/resource_index/packages
[0.498s] creating /home/lxf/桌面/ROS/4.OPP_learn/install/python_pkg/share/python_pkg
[0.498s] copying package.xml -> /home/lxf/桌面/ROS/4.OPP_learn/install/python_pkg/share/python_pkg
[0.498s] running install_egg_info
[0.499s] Copying ../../build/python_pkg/python_pkg.egg-info to /home/lxf/桌面/ROS/4.OPP_learn/install/python_pkg/lib/python3.10/site-packages/python_pkg-0.0.0-py3.10.egg-info
[0.499s] running install_scripts
[0.512s] Installing person_node script to /home/lxf/桌面/ROS/4.OPP_learn/install/python_pkg/lib/python_pkg
[0.513s] Installing python_node script to /home/lxf/桌面/ROS/4.OPP_learn/install/python_pkg/lib/python_pkg
[0.513s] writing list of installed files to '/home/lxf/桌面/ROS/4.OPP_learn/build/python_pkg/install.log'
[0.527s] Invoked command in '/home/lxf/桌面/ROS/4.OPP_learn/src/python_pkg' returned '0': PYTHONPATH=/home/lxf/桌面/ROS/4.OPP_learn/build/python_pkg/prefix_override:/usr/lib/python3/dist-packages/colcon_core/task/python/colcon_distutils_commands:/home/lxf/桌面/ROS/4.OPP_learn/install/python_pkg/lib/python3.10/site-packages:${PYTHONPATH} /usr/bin/python3 -W ignore:setup.py install is deprecated -W ignore:easy_install command is deprecated setup.py egg_info --egg-base ../../build/python_pkg build --build-base /home/lxf/桌面/ROS/4.OPP_learn/build/python_pkg/build install --record /home/lxf/桌面/ROS/4.OPP_learn/build/python_pkg/install.log --single-version-externally-managed install_data
