[0.010s] Invoking command in '/home/lxf/æ¡Œé¢/ROS/5.CPP_new_feature/build/cpp_pkg': CMAKE_PREFIX_PATH=/opt/ros/humble /usr/bin/cmake --build /home/lxf/æ¡Œé¢/ROS/5.CPP_new_feature/build/cpp_pkg -- -j16 -l16
[0.052s] [35m[1mConsolidate compiler generated dependencies of target learn_auto[0m
[0.052s] [35m[1mConsolidate compiler generated dependencies of target learn_lambda[0m
[0.052s] [35m[1mConsolidate compiler generated dependencies of target person_node[0m
[0.053s] [35m[1mConsolidate compiler generated dependencies of target cpp_node[0m
[0.054s] [35m[1mConsolidate compiler generated dependencies of target learn_shared_ptr[0m
[0.065s] [ 20%] Built target learn_auto
[0.066s] [ 40%] Built target learn_lambda
[0.070s] [ 60%] Built target learn_shared_ptr
[0.073s] [100%] Built target person_node
[0.073s] [100%] Built target cpp_node
[0.189s] Invoked command in '/home/lxf/æ¡Œé¢/ROS/5.CPP_new_feature/build/cpp_pkg' returned '0': CMAKE_PREFIX_PATH=/opt/ros/humble /usr/bin/cmake --build /home/lxf/æ¡Œé¢/ROS/5.CPP_new_feature/build/cpp_pkg -- -j16 -l16
[0.198s] Invoking command in '/home/lxf/æ¡Œé¢/ROS/5.CPP_new_feature/build/cpp_pkg': CMAKE_PREFIX_PATH=/opt/ros/humble /usr/bin/cmake --install /home/lxf/æ¡Œé¢/ROS/5.CPP_new_feature/build/cpp_pkg
[0.204s] -- Install configuration: ""
[0.204s] -- Up-to-date: /home/lxf/æ¡Œé¢/ROS/5.CPP_new_feature/install/cpp_pkg/lib/cpp_pkg/cpp_node
[0.204s] -- Up-to-date: /home/lxf/æ¡Œé¢/ROS/5.CPP_new_feature/install/cpp_pkg/lib/cpp_pkg/person_node
[0.204s] -- Up-to-date: /home/lxf/æ¡Œé¢/ROS/5.CPP_new_feature/install/cpp_pkg/lib/cpp_pkg/learn_auto
[0.204s] -- Up-to-date: /home/lxf/æ¡Œé¢/ROS/5.CPP_new_feature/install/cpp_pkg/lib/cpp_pkg/learn_shared_ptr
[0.205s] -- Up-to-date: /home/lxf/æ¡Œé¢/ROS/5.CPP_new_feature/install/cpp_pkg/lib/cpp_pkg/learn_lambda
[0.205s] -- Up-to-date: /home/lxf/æ¡Œé¢/ROS/5.CPP_new_feature/install/cpp_pkg/share/ament_index/resource_index/package_run_dependencies/cpp_pkg
[0.205s] -- Up-to-date: /home/lxf/æ¡Œé¢/ROS/5.CPP_new_feature/install/cpp_pkg/share/ament_index/resource_index/parent_prefix_path/cpp_pkg
[0.205s] -- Up-to-date: /home/lxf/æ¡Œé¢/ROS/5.CPP_new_feature/install/cpp_pkg/share/cpp_pkg/environment/ament_prefix_path.sh
[0.205s] -- Up-to-date: /home/lxf/æ¡Œé¢/ROS/5.CPP_new_feature/install/cpp_pkg/share/cpp_pkg/environment/ament_prefix_path.dsv
[0.205s] -- Up-to-date: /home/lxf/æ¡Œé¢/ROS/5.CPP_new_feature/install/cpp_pkg/share/cpp_pkg/environment/path.sh
[0.205s] -- Up-to-date: /home/lxf/æ¡Œé¢/ROS/5.CPP_new_feature/install/cpp_pkg/share/cpp_pkg/environment/path.dsv
[0.205s] -- Up-to-date: /home/lxf/æ¡Œé¢/ROS/5.CPP_new_feature/install/cpp_pkg/share/cpp_pkg/local_setup.bash
[0.205s] -- Up-to-date: /home/lxf/æ¡Œé¢/ROS/5.CPP_new_feature/install/cpp_pkg/share/cpp_pkg/local_setup.sh
[0.205s] -- Up-to-date: /home/lxf/æ¡Œé¢/ROS/5.CPP_new_feature/install/cpp_pkg/share/cpp_pkg/local_setup.zsh
[0.205s] -- Up-to-date: /home/lxf/æ¡Œé¢/ROS/5.CPP_new_feature/install/cpp_pkg/share/cpp_pkg/local_setup.dsv
[0.206s] -- Installing: /home/lxf/æ¡Œé¢/ROS/5.CPP_new_feature/install/cpp_pkg/share/cpp_pkg/package.dsv
[0.206s] -- Up-to-date: /home/lxf/æ¡Œé¢/ROS/5.CPP_new_feature/install/cpp_pkg/share/ament_index/resource_index/packages/cpp_pkg
[0.206s] -- Up-to-date: /home/lxf/æ¡Œé¢/ROS/5.CPP_new_feature/install/cpp_pkg/share/cpp_pkg/cmake/cpp_pkgConfig.cmake
[0.206s] -- Up-to-date: /home/lxf/æ¡Œé¢/ROS/5.CPP_new_feature/install/cpp_pkg/share/cpp_pkg/cmake/cpp_pkgConfig-version.cmake
[0.206s] -- Up-to-date: /home/lxf/æ¡Œé¢/ROS/5.CPP_new_feature/install/cpp_pkg/share/cpp_pkg/package.xml
[0.207s] Invoked command in '/home/lxf/æ¡Œé¢/ROS/5.CPP_new_feature/build/cpp_pkg' returned '0': CMAKE_PREFIX_PATH=/opt/ros/humble /usr/bin/cmake --install /home/lxf/æ¡Œé¢/ROS/5.CPP_new_feature/build/cpp_pkg
