[0.010s] Invoking command in '/home/lxf/桌面/ROS/6.Thread/build/cpp_pkg': CMAKE_PREFIX_PATH=/opt/ros/humble /usr/bin/cmake --build /home/lxf/桌面/ROS/6.Thread/build/cpp_pkg -- -j16 -l16
[0.019s] [0mCMake Deprecation Warning at CMakeLists.txt:1 (cmake_minimum_required):
[0.019s]   Compatibility with CMake < 3.10 will be removed from a future version of
[0.019s]   CMake.
[0.019s] 
[0.019s]   Update the VERSION argument <min> value.  Or, use the <min>...<max> syntax
[0.019s]   to tell CMake that the project requires at least <min> but has been updated
[0.019s]   to work with policies introduced by <max> or earlier.
[0.019s] 
[0.019s] [0m
[0.024s] -- Found ament_cmake: 1.3.12 (/opt/ros/humble/share/ament_cmake/cmake)
[0.164s] -- Found rclcpp: 16.0.15 (/opt/ros/humble/share/rclcpp/cmake)
[0.185s] -- Found rosidl_generator_c: 3.1.7 (/opt/ros/humble/share/rosidl_generator_c/cmake)
[0.186s] -- Found rosidl_adapter: 3.1.7 (/opt/ros/humble/share/rosidl_adapter/cmake)
[0.190s] -- Found rosidl_generator_cpp: 3.1.7 (/opt/ros/humble/share/rosidl_generator_cpp/cmake)
[0.197s] -- Using all available rosidl_typesupport_c: rosidl_typesupport_fastrtps_c;rosidl_typesupport_introspection_c
[0.206s] -- Using all available rosidl_typesupport_cpp: rosidl_typesupport_fastrtps_cpp;rosidl_typesupport_introspection_cpp
[0.234s] -- Found rmw_implementation_cmake: 6.1.2 (/opt/ros/humble/share/rmw_implementation_cmake/cmake)
[0.235s] -- Found rmw_fastrtps_cpp: 6.2.9 (/opt/ros/humble/share/rmw_fastrtps_cpp/cmake)
[0.312s] -- Using RMW implementation 'rmw_fastrtps_cpp' as default
[0.358s] -- Found ament_lint_auto: 0.12.14 (/opt/ros/humble/share/ament_lint_auto/cmake)
[0.422s] -- Added test 'cppcheck' to perform static code analysis on C / C++ code
[0.422s] -- Configured cppcheck include dirs: /home/lxf/桌面/ROS/6.Thread/src/cpp_pkg/include
[0.422s] -- Configured cppcheck exclude dirs and/or files: 
[0.423s] -- Added test 'flake8' to check Python code syntax and style conventions
[0.424s] -- Added test 'lint_cmake' to check CMake code style
[0.424s] -- Added test 'pep257' to check Python code against some of the docstring style conventions in PEP 257
[0.428s] -- Added test 'uncrustify' to check C / C++ code style
[0.428s] -- Configured uncrustify additional arguments: 
[0.428s] -- Added test 'xmllint' to check XML markup files
[0.429s] -- Configuring done (0.4s)
[0.446s] -- Generating done (0.0s)
[0.452s] -- Build files have been written to: /home/lxf/桌面/ROS/6.Thread/build/cpp_pkg
[0.469s] [ 14%] Built target learn_lambda
[0.470s] [ 28%] Built target learn_function
[0.472s] [ 42%] Built target learn_shared_ptr
[0.473s] [ 57%] Built target learn_auto
[0.475s] [ 71%] Built target cpp_node
[0.477s] [ 85%] Built target person_node
[0.477s] [ 92%] [32mBuilding CXX object CMakeFiles/learn_thread.dir/src/learn_thread.cpp.o[0m
[1.272s] In file included from [01m[K/usr/include/c++/11/thread:43[m[K,
[1.272s]                  from [01m[K/home/lxf/桌面/ROS/6.Thread/src/cpp_pkg/src/learn_thread.cpp:2[m[K:
[1.272s] /usr/include/c++/11/bits/std_thread.h: In instantiation of ‘[01m[Kstd::thread::thread(_Callable&&, _Args&& ...) [with _Callable = std::_Bind<void (Download::*(Download*, std::_Placeholder<1>, std::_Placeholder<2>, std::_Placeholder<3>))(const std::__cxx11::basic_string<char>&, const std::__cxx11::basic_string<char>&, const std::function<void(const std::__cxx11::basic_string<char>&, const std::__cxx11::basic_string<char>&)>&)>&; _Args = {Download*, const std::__cxx11::basic_string<char, std::char_traits<char>, std::allocator<char> >&, const std::__cxx11::basic_string<char, std::char_traits<char>, std::allocator<char> >&, const std::function<void(const std::__cxx11::basic_string<char, std::char_traits<char>, std::allocator<char> >&, const std::__cxx11::basic_string<char, std::char_traits<char>, std::allocator<char> >&)>&}; <template-parameter-1-3> = void][m[K’:
[1.272s] [01m[K/home/lxf/桌面/ROS/6.Thread/src/cpp_pkg/src/learn_thread.cpp:24:77:[m[K   required from here
[1.272s] [01m[K/usr/include/c++/11/bits/std_thread.h:130:72:[m[K [01;31m[Kerror: [m[Kstatic assertion failed: std::thread arguments must be invocable after conversion to rvalues
[1.272s]   130 |                                       typename decay<_Args>::type...>::[01;31m[Kvalue[m[K,
[1.272s]       |                                                                        [01;31m[K^~~~~[m[K
[1.272s] [01m[K/usr/include/c++/11/bits/std_thread.h:130:72:[m[K [01;36m[Knote: [m[K‘[01m[Kstd::integral_constant<bool, false>::value[m[K’ evaluates to false
[1.275s] /usr/include/c++/11/bits/std_thread.h: In instantiation of ‘[01m[Kstruct std::thread::_Invoker<std::tuple<std::_Bind<void (Download::*(Download*, std::_Placeholder<1>, std::_Placeholder<2>, std::_Placeholder<3>))(const std::__cxx11::basic_string<char, std::char_traits<char>, std::allocator<char> >&, const std::__cxx11::basic_string<char, std::char_traits<char>, std::allocator<char> >&, const std::function<void(const std::__cxx11::basic_string<char, std::char_traits<char>, std::allocator<char> >&, const std::__cxx11::basic_string<char, std::char_traits<char>, std::allocator<char> >&)>&)>, Download*, std::__cxx11::basic_string<char, std::char_traits<char>, std::allocator<char> >, std::__cxx11::basic_string<char, std::char_traits<char>, std::allocator<char> >, std::function<void(const std::__cxx11::basic_string<char, std::char_traits<char>, std::allocator<char> >&, const std::__cxx11::basic_string<char, std::char_traits<char>, std::allocator<char> >&)> > >[m[K’:
[1.275s] [01m[K/usr/include/c++/11/bits/std_thread.h:203:13:[m[K   required from ‘[01m[Kstruct std::thread::_State_impl<std::thread::_Invoker<std::tuple<std::_Bind<void (Download::*(Download*, std::_Placeholder<1>, std::_Placeholder<2>, std::_Placeholder<3>))(const std::__cxx11::basic_string<char, std::char_traits<char>, std::allocator<char> >&, const std::__cxx11::basic_string<char, std::char_traits<char>, std::allocator<char> >&, const std::function<void(const std::__cxx11::basic_string<char, std::char_traits<char>, std::allocator<char> >&, const std::__cxx11::basic_string<char, std::char_traits<char>, std::allocator<char> >&)>&)>, Download*, std::__cxx11::basic_string<char, std::char_traits<char>, std::allocator<char> >, std::__cxx11::basic_string<char, std::char_traits<char>, std::allocator<char> >, std::function<void(const std::__cxx11::basic_string<char, std::char_traits<char>, std::allocator<char> >&, const std::__cxx11::basic_string<char, std::char_traits<char>, std::allocator<char> >&)> > > >[m[K’
[1.275s] [01m[K/usr/include/c++/11/bits/std_thread.h:143:29:[m[K   required from ‘[01m[Kstd::thread::thread(_Callable&&, _Args&& ...) [with _Callable = std::_Bind<void (Download::*(Download*, std::_Placeholder<1>, std::_Placeholder<2>, std::_Placeholder<3>))(const std::__cxx11::basic_string<char>&, const std::__cxx11::basic_string<char>&, const std::function<void(const std::__cxx11::basic_string<char>&, const std::__cxx11::basic_string<char>&)>&)>&; _Args = {Download*, const std::__cxx11::basic_string<char, std::char_traits<char>, std::allocator<char> >&, const std::__cxx11::basic_string<char, std::char_traits<char>, std::allocator<char> >&, const std::function<void(const std::__cxx11::basic_string<char, std::char_traits<char>, std::allocator<char> >&, const std::__cxx11::basic_string<char, std::char_traits<char>, std::allocator<char> >&)>&}; <template-parameter-1-3> = void][m[K’
[1.276s] [01m[K/home/lxf/桌面/ROS/6.Thread/src/cpp_pkg/src/learn_thread.cpp:24:77:[m[K   required from here
[1.276s] [01m[K/usr/include/c++/11/bits/std_thread.h:258:11:[m[K [01;31m[Kerror: [m[Kno type named ‘[01m[Ktype[m[K’ in ‘[01m[Kstruct std::thread::_Invoker<std::tuple<std::_Bind<void (Download::*(Download*, std::_Placeholder<1>, std::_Placeholder<2>, std::_Placeholder<3>))(const std::__cxx11::basic_string<char, std::char_traits<char>, std::allocator<char> >&, const std::__cxx11::basic_string<char, std::char_traits<char>, std::allocator<char> >&, const std::function<void(const std::__cxx11::basic_string<char, std::char_traits<char>, std::allocator<char> >&, const std::__cxx11::basic_string<char, std::char_traits<char>, std::allocator<char> >&)>&)>, Download*, std::__cxx11::basic_string<char, std::char_traits<char>, std::allocator<char> >, std::__cxx11::basic_string<char, std::char_traits<char>, std::allocator<char> >, std::function<void(const std::__cxx11::basic_string<char, std::char_traits<char>, std::allocator<char> >&, const std::__cxx11::basic_string<char, std::char_traits<char>, std::allocator<char> >&)> > >::__result<std::tuple<std::_Bind<void (Download::*(Download*, std::_Placeholder<1>, std::_Placeholder<2>, std::_Placeholder<3>))(const std::__cxx11::basic_string<char, std::char_traits<char>, std::allocator<char> >&, const std::__cxx11::basic_string<char, std::char_traits<char>, std::allocator<char> >&, const std::function<void(const std::__cxx11::basic_string<char, std::char_traits<char>, std::allocator<char> >&, const std::__cxx11::basic_string<char, std::char_traits<char>, std::allocator<char> >&)>&)>, Download*, std::__cxx11::basic_string<char, std::char_traits<char>, std::allocator<char> >, std::__cxx11::basic_string<char, std::char_traits<char>, std::allocator<char> >, std::function<void(const std::__cxx11::basic_string<char, std::char_traits<char>, std::allocator<char> >&, const std::__cxx11::basic_string<char, std::char_traits<char>, std::allocator<char> >&)> > >[m[K’
[1.276s]   258 |           [01;31m[K_M_invoke[m[K(_Index_tuple<_Ind...>)
[1.276s]       |           [01;31m[K^~~~~~~~~[m[K
[1.276s] [01m[K/usr/include/c++/11/bits/std_thread.h:262:9:[m[K [01;31m[Kerror: [m[Kno type named ‘[01m[Ktype[m[K’ in ‘[01m[Kstruct std::thread::_Invoker<std::tuple<std::_Bind<void (Download::*(Download*, std::_Placeholder<1>, std::_Placeholder<2>, std::_Placeholder<3>))(const std::__cxx11::basic_string<char, std::char_traits<char>, std::allocator<char> >&, const std::__cxx11::basic_string<char, std::char_traits<char>, std::allocator<char> >&, const std::function<void(const std::__cxx11::basic_string<char, std::char_traits<char>, std::allocator<char> >&, const std::__cxx11::basic_string<char, std::char_traits<char>, std::allocator<char> >&)>&)>, Download*, std::__cxx11::basic_string<char, std::char_traits<char>, std::allocator<char> >, std::__cxx11::basic_string<char, std::char_traits<char>, std::allocator<char> >, std::function<void(const std::__cxx11::basic_string<char, std::char_traits<char>, std::allocator<char> >&, const std::__cxx11::basic_string<char, std::char_traits<char>, std::allocator<char> >&)> > >::__result<std::tuple<std::_Bind<void (Download::*(Download*, std::_Placeholder<1>, std::_Placeholder<2>, std::_Placeholder<3>))(const std::__cxx11::basic_string<char, std::char_traits<char>, std::allocator<char> >&, const std::__cxx11::basic_string<char, std::char_traits<char>, std::allocator<char> >&, const std::function<void(const std::__cxx11::basic_string<char, std::char_traits<char>, std::allocator<char> >&, const std::__cxx11::basic_string<char, std::char_traits<char>, std::allocator<char> >&)>&)>, Download*, std::__cxx11::basic_string<char, std::char_traits<char>, std::allocator<char> >, std::__cxx11::basic_string<char, std::char_traits<char>, std::allocator<char> >, std::function<void(const std::__cxx11::basic_string<char, std::char_traits<char>, std::allocator<char> >&, const std::__cxx11::basic_string<char, std::char_traits<char>, std::allocator<char> >&)> > >[m[K’
[1.276s]   262 |         [01;31m[Koperator[m[K()()
[1.276s]       |         [01;31m[K^~~~~~~~[m[K
[1.966s] gmake[2]: *** [CMakeFiles/learn_thread.dir/build.make:79：CMakeFiles/learn_thread.dir/src/learn_thread.cpp.o] 错误 1
[1.966s] gmake[1]: *** [CMakeFiles/Makefile2:363：CMakeFiles/learn_thread.dir/all] 错误 2
[1.966s] gmake: *** [Makefile:146：all] 错误 2
[1.967s] Invoked command in '/home/lxf/桌面/ROS/6.Thread/build/cpp_pkg' returned '2': CMAKE_PREFIX_PATH=/opt/ros/humble /usr/bin/cmake --build /home/lxf/桌面/ROS/6.Thread/build/cpp_pkg -- -j16 -l16
