[0.009s] Invoking command in '/home/lxf/桌面/ROS/5.CPP_new_feature/build/cpp_pkg': CMAKE_PREFIX_PATH=/opt/ros/humble /usr/bin/cmake /home/lxf/桌面/ROS/5.CPP_new_feature/src/cpp_pkg -DCMAKE_INSTALL_PREFIX=/home/lxf/桌面/ROS/5.CPP_new_feature/install/cpp_pkg
[0.052s] -- The C compiler identification is GNU 11.4.0
[0.093s] -- The CXX compiler identification is GNU 11.4.0
[0.098s] -- Detecting C compiler ABI info
[0.152s] -- Detecting C compiler ABI info - done
[0.157s] -- Check for working C compiler: /usr/bin/cc - skipped
[0.157s] -- Detecting C compile features
[0.157s] -- Detecting C compile features - done
[0.159s] -- Detecting CXX compiler ABI info
[0.221s] -- Detecting CXX compiler ABI info - done
[0.226s] -- Check for working CXX compiler: /usr/bin/c++ - skipped
[0.226s] -- Detecting CXX compile features
[0.227s] -- Detecting CXX compile features - done
[0.228s] -- Found ament_cmake: 1.3.12 (/opt/ros/humble/share/ament_cmake/cmake)
[0.339s] -- Found Python3: /usr/bin/python3 (found version "3.10.12") found components: Interpreter 
[0.397s] -- Found rclcpp: 16.0.15 (/opt/ros/humble/share/rclcpp/cmake)
[0.420s] -- Found rosidl_generator_c: 3.1.7 (/opt/ros/humble/share/rosidl_generator_c/cmake)
[0.422s] -- Found rosidl_adapter: 3.1.7 (/opt/ros/humble/share/rosidl_adapter/cmake)
[0.427s] -- Found rosidl_generator_cpp: 3.1.7 (/opt/ros/humble/share/rosidl_generator_cpp/cmake)
[0.434s] -- Using all available rosidl_typesupport_c: rosidl_typesupport_fastrtps_c;rosidl_typesupport_introspection_c
[0.443s] -- Using all available rosidl_typesupport_cpp: rosidl_typesupport_fastrtps_cpp;rosidl_typesupport_introspection_cpp
[0.468s] -- Found rmw_implementation_cmake: 6.1.2 (/opt/ros/humble/share/rmw_implementation_cmake/cmake)
[0.470s] -- Found rmw_fastrtps_cpp: 6.2.9 (/opt/ros/humble/share/rmw_fastrtps_cpp/cmake)
[0.530s] -- Found OpenSSL: /usr/lib/x86_64-linux-gnu/libcrypto.so (found version "3.0.2")  
[0.548s] -- Found FastRTPS: /opt/ros/humble/include  
[0.574s] -- Using RMW implementation 'rmw_fastrtps_cpp' as default
[0.578s] -- Looking for pthread.h
[0.672s] -- Looking for pthread.h - found
[0.672s] -- Performing Test CMAKE_HAVE_LIBC_PTHREAD
[0.773s] -- Performing Test CMAKE_HAVE_LIBC_PTHREAD - Success
[0.774s] -- Found Threads: TRUE  
[0.808s] -- Found ament_lint_auto: 0.12.14 (/opt/ros/humble/share/ament_lint_auto/cmake)
[0.870s] -- Added test 'cppcheck' to perform static code analysis on C / C++ code
[0.870s] -- Configured cppcheck include dirs: 
[0.870s] -- Configured cppcheck exclude dirs and/or files: 
[0.870s] -- Added test 'lint_cmake' to check CMake code style
[0.871s] -- Added test 'uncrustify' to check C / C++ code style
[0.871s] -- Configured uncrustify additional arguments: 
[0.871s] -- Added test 'xmllint' to check XML markup files
[0.871s] -- Configuring done
[0.881s] -- Generating done
[0.886s] -- Build files have been written to: /home/lxf/桌面/ROS/5.CPP_new_feature/build/cpp_pkg
[0.892s] Invoked command in '/home/lxf/桌面/ROS/5.CPP_new_feature/build/cpp_pkg' returned '0': CMAKE_PREFIX_PATH=/opt/ros/humble /usr/bin/cmake /home/lxf/桌面/ROS/5.CPP_new_feature/src/cpp_pkg -DCMAKE_INSTALL_PREFIX=/home/lxf/桌面/ROS/5.CPP_new_feature/install/cpp_pkg
[0.894s] Invoking command in '/home/lxf/桌面/ROS/5.CPP_new_feature/build/cpp_pkg': CMAKE_PREFIX_PATH=/opt/ros/humble /usr/bin/cmake --build /home/lxf/桌面/ROS/5.CPP_new_feature/build/cpp_pkg -- -j16 -l16
[0.952s] [ 10%] [32mBuilding CXX object CMakeFiles/cpp_node.dir/src/cpp_node.cpp.o[0m
[0.953s] [ 20%] [32mBuilding CXX object CMakeFiles/learn_shared_ptr.dir/src/learn_shared_ptr.cpp.o[0m
[0.953s] [ 30%] [32mBuilding CXX object CMakeFiles/person_node.dir/src/person_node.cpp.o[0m
[0.955s] [ 40%] [32mBuilding CXX object CMakeFiles/learn_auto.dir/src/learn_auto.cpp.o[0m
[0.956s] [ 50%] [32mBuilding CXX object CMakeFiles/learn_lambda.dir/src/learn_shared_ptr.cpp.o[0m
[1.129s] [ 60%] [32m[1mLinking CXX executable learn_auto[0m
[1.203s] [ 60%] Built target learn_auto
[1.209s] [ 70%] [32m[1mLinking CXX executable learn_lambda[0m
[1.211s] [ 80%] [32m[1mLinking CXX executable learn_shared_ptr[0m
[1.282s] [ 80%] Built target learn_lambda
[1.284s] [ 80%] Built target learn_shared_ptr
[2.746s] [ 90%] [32m[1mLinking CXX executable person_node[0m
[2.756s] [100%] [32m[1mLinking CXX executable cpp_node[0m
[2.819s] [100%] Built target person_node
[2.828s] [100%] Built target cpp_node
[2.837s] Invoked command in '/home/lxf/桌面/ROS/5.CPP_new_feature/build/cpp_pkg' returned '0': CMAKE_PREFIX_PATH=/opt/ros/humble /usr/bin/cmake --build /home/lxf/桌面/ROS/5.CPP_new_feature/build/cpp_pkg -- -j16 -l16
[2.847s] Invoking command in '/home/lxf/桌面/ROS/5.CPP_new_feature/build/cpp_pkg': CMAKE_PREFIX_PATH=/opt/ros/humble /usr/bin/cmake --install /home/lxf/桌面/ROS/5.CPP_new_feature/build/cpp_pkg
[2.859s] -- Install configuration: ""
[2.859s] -- Installing: /home/lxf/桌面/ROS/5.CPP_new_feature/install/cpp_pkg/lib/cpp_pkg/cpp_node
[2.860s] -- Set runtime path of "/home/lxf/桌面/ROS/5.CPP_new_feature/install/cpp_pkg/lib/cpp_pkg/cpp_node" to ""
[2.860s] -- Installing: /home/lxf/桌面/ROS/5.CPP_new_feature/install/cpp_pkg/lib/cpp_pkg/person_node
[2.860s] -- Set runtime path of "/home/lxf/桌面/ROS/5.CPP_new_feature/install/cpp_pkg/lib/cpp_pkg/person_node" to ""
[2.861s] -- Installing: /home/lxf/桌面/ROS/5.CPP_new_feature/install/cpp_pkg/lib/cpp_pkg/learn_auto
[2.861s] -- Set runtime path of "/home/lxf/桌面/ROS/5.CPP_new_feature/install/cpp_pkg/lib/cpp_pkg/learn_auto" to ""
[2.861s] -- Installing: /home/lxf/桌面/ROS/5.CPP_new_feature/install/cpp_pkg/lib/cpp_pkg/learn_shared_ptr
[2.861s] -- Set runtime path of "/home/lxf/桌面/ROS/5.CPP_new_feature/install/cpp_pkg/lib/cpp_pkg/learn_shared_ptr" to ""
[2.861s] -- Installing: /home/lxf/桌面/ROS/5.CPP_new_feature/install/cpp_pkg/lib/cpp_pkg/learn_lambda
[2.861s] -- Set runtime path of "/home/lxf/桌面/ROS/5.CPP_new_feature/install/cpp_pkg/lib/cpp_pkg/learn_lambda" to ""
[2.862s] -- Installing: /home/lxf/桌面/ROS/5.CPP_new_feature/install/cpp_pkg/share/ament_index/resource_index/package_run_dependencies/cpp_pkg
[2.862s] -- Installing: /home/lxf/桌面/ROS/5.CPP_new_feature/install/cpp_pkg/share/ament_index/resource_index/parent_prefix_path/cpp_pkg
[2.862s] -- Installing: /home/lxf/桌面/ROS/5.CPP_new_feature/install/cpp_pkg/share/cpp_pkg/environment/ament_prefix_path.sh
[2.862s] -- Installing: /home/lxf/桌面/ROS/5.CPP_new_feature/install/cpp_pkg/share/cpp_pkg/environment/ament_prefix_path.dsv
[2.862s] -- Installing: /home/lxf/桌面/ROS/5.CPP_new_feature/install/cpp_pkg/share/cpp_pkg/environment/path.sh
[2.862s] -- Installing: /home/lxf/桌面/ROS/5.CPP_new_feature/install/cpp_pkg/share/cpp_pkg/environment/path.dsv
[2.862s] -- Installing: /home/lxf/桌面/ROS/5.CPP_new_feature/install/cpp_pkg/share/cpp_pkg/local_setup.bash
[2.862s] -- Installing: /home/lxf/桌面/ROS/5.CPP_new_feature/install/cpp_pkg/share/cpp_pkg/local_setup.sh
[2.863s] -- Installing: /home/lxf/桌面/ROS/5.CPP_new_feature/install/cpp_pkg/share/cpp_pkg/local_setup.zsh
[2.863s] -- Installing: /home/lxf/桌面/ROS/5.CPP_new_feature/install/cpp_pkg/share/cpp_pkg/local_setup.dsv
[2.863s] -- Installing: /home/lxf/桌面/ROS/5.CPP_new_feature/install/cpp_pkg/share/cpp_pkg/package.dsv
[2.863s] -- Installing: /home/lxf/桌面/ROS/5.CPP_new_feature/install/cpp_pkg/share/ament_index/resource_index/packages/cpp_pkg
[2.863s] -- Installing: /home/lxf/桌面/ROS/5.CPP_new_feature/install/cpp_pkg/share/cpp_pkg/cmake/cpp_pkgConfig.cmake
[2.863s] -- Installing: /home/lxf/桌面/ROS/5.CPP_new_feature/install/cpp_pkg/share/cpp_pkg/cmake/cpp_pkgConfig-version.cmake
[2.863s] -- Installing: /home/lxf/桌面/ROS/5.CPP_new_feature/install/cpp_pkg/share/cpp_pkg/package.xml
[2.865s] Invoked command in '/home/lxf/桌面/ROS/5.CPP_new_feature/build/cpp_pkg' returned '0': CMAKE_PREFIX_PATH=/opt/ros/humble /usr/bin/cmake --install /home/lxf/桌面/ROS/5.CPP_new_feature/build/cpp_pkg
