[0.383s] Invoking command in '/home/lxf/桌面/ROS/4.OPP_learn/src/python_pkg': PYTHONPATH=/home/lxf/桌面/ROS/4.OPP_learn/build/python_pkg/prefix_override:/usr/lib/python3/dist-packages/colcon_core/task/python/colcon_distutils_commands:/home/lxf/桌面/ROS/4.OPP_learn/install/python_pkg/lib/python3.10/site-packages:${PYTHONPATH} /usr/bin/python3 -W ignore:setup.py install is deprecated -W ignore:easy_install command is deprecated setup.py egg_info --egg-base ../../build/python_pkg build --build-base /home/lxf/桌面/ROS/4.OPP_learn/build/python_pkg/build install --record /home/lxf/桌面/ROS/4.OPP_learn/build/python_pkg/install.log --single-version-externally-managed install_data
[0.524s] running egg_info
[0.525s] writing ../../build/python_pkg/python_pkg.egg-info/PKG-INFO
[0.525s] writing dependency_links to ../../build/python_pkg/python_pkg.egg-info/dependency_links.txt
[0.525s] writing entry points to ../../build/python_pkg/python_pkg.egg-info/entry_points.txt
[0.525s] writing requirements to ../../build/python_pkg/python_pkg.egg-info/requires.txt
[0.525s] writing top-level names to ../../build/python_pkg/python_pkg.egg-info/top_level.txt
[0.526s] reading manifest file '../../build/python_pkg/python_pkg.egg-info/SOURCES.txt'
[0.526s] adding license file 'LICENSE'
[0.527s] writing manifest file '../../build/python_pkg/python_pkg.egg-info/SOURCES.txt'
[0.527s] running build
[0.527s] running build_py
[0.527s] running install
[0.527s] running install_lib
[0.528s] running install_data
[0.528s] running install_egg_info
[0.529s] removing '/home/lxf/桌面/ROS/4.OPP_learn/install/python_pkg/lib/python3.10/site-packages/python_pkg-0.0.0-py3.10.egg-info' (and everything under it)
[0.529s] Copying ../../build/python_pkg/python_pkg.egg-info to /home/lxf/桌面/ROS/4.OPP_learn/install/python_pkg/lib/python3.10/site-packages/python_pkg-0.0.0-py3.10.egg-info
[0.530s] running install_scripts
[0.544s] Installing person_node script to /home/lxf/桌面/ROS/4.OPP_learn/install/python_pkg/lib/python_pkg
[0.544s] Installing python_node script to /home/lxf/桌面/ROS/4.OPP_learn/install/python_pkg/lib/python_pkg
[0.544s] Installing writer_node script to /home/lxf/桌面/ROS/4.OPP_learn/install/python_pkg/lib/python_pkg
[0.544s] writing list of installed files to '/home/lxf/桌面/ROS/4.OPP_learn/build/python_pkg/install.log'
[0.559s] Invoked command in '/home/lxf/桌面/ROS/4.OPP_learn/src/python_pkg' returned '0': PYTHONPATH=/home/lxf/桌面/ROS/4.OPP_learn/build/python_pkg/prefix_override:/usr/lib/python3/dist-packages/colcon_core/task/python/colcon_distutils_commands:/home/lxf/桌面/ROS/4.OPP_learn/install/python_pkg/lib/python3.10/site-packages:${PYTHONPATH} /usr/bin/python3 -W ignore:setup.py install is deprecated -W ignore:easy_install command is deprecated setup.py egg_info --egg-base ../../build/python_pkg build --build-base /home/lxf/桌面/ROS/4.OPP_learn/build/python_pkg/build install --record /home/lxf/桌面/ROS/4.OPP_learn/build/python_pkg/install.log --single-version-externally-managed install_data
