[0.011s] Invoking command in '/home/lxf/桌面/ROS/4.OPP_learn/build/cpp_pkg': CMAKE_PREFIX_PATH=${CMAKE_PREFIX_PATH}:/home/lxf/桌面/ROS/4.OPP_learn/install/python_pkg:/opt/ros/humble /usr/bin/cmake --build /home/lxf/桌面/ROS/4.OPP_learn/build/cpp_pkg -- -j16 -l16
[0.026s] -- Found ament_cmake: 1.3.12 (/opt/ros/humble/share/ament_cmake/cmake)
[0.111s] -- Found rclcpp: 16.0.15 (/opt/ros/humble/share/rclcpp/cmake)
[0.130s] -- Found rosidl_generator_c: 3.1.7 (/opt/ros/humble/share/rosidl_generator_c/cmake)
[0.131s] -- Found rosidl_adapter: 3.1.7 (/opt/ros/humble/share/rosidl_adapter/cmake)
[0.135s] -- Found rosidl_generator_cpp: 3.1.7 (/opt/ros/humble/share/rosidl_generator_cpp/cmake)
[0.141s] -- Using all available rosidl_typesupport_c: rosidl_typesupport_fastrtps_c;rosidl_typesupport_introspection_c
[0.148s] -- Using all available rosidl_typesupport_cpp: rosidl_typesupport_fastrtps_cpp;rosidl_typesupport_introspection_cpp
[0.169s] -- Found rmw_implementation_cmake: 6.1.2 (/opt/ros/humble/share/rmw_implementation_cmake/cmake)
[0.170s] -- Found rmw_fastrtps_cpp: 6.2.9 (/opt/ros/humble/share/rmw_fastrtps_cpp/cmake)
[0.237s] -- Using RMW implementation 'rmw_fastrtps_cpp' as default
[0.269s] -- Found ament_lint_auto: 0.12.14 (/opt/ros/humble/share/ament_lint_auto/cmake)
[0.327s] -- Added test 'cppcheck' to perform static code analysis on C / C++ code
[0.327s] -- Configured cppcheck include dirs: 
[0.327s] -- Configured cppcheck exclude dirs and/or files: 
[0.327s] -- Added test 'lint_cmake' to check CMake code style
[0.328s] -- Added test 'uncrustify' to check C / C++ code style
[0.328s] -- Configured uncrustify additional arguments: 
[0.328s] -- Added test 'xmllint' to check XML markup files
[0.328s] -- Configuring done
[0.334s] -- Generating done
[0.337s] -- Build files have been written to: /home/lxf/桌面/ROS/4.OPP_learn/build/cpp_pkg
[0.356s] [35m[1mConsolidate compiler generated dependencies of target person_node[0m
[0.356s] [35m[1mConsolidate compiler generated dependencies of target cpp_node[0m
[0.368s] [ 50%] Built target cpp_node
[0.369s] [100%] Built target person_node
[0.376s] Invoked command in '/home/lxf/桌面/ROS/4.OPP_learn/build/cpp_pkg' returned '0': CMAKE_PREFIX_PATH=${CMAKE_PREFIX_PATH}:/home/lxf/桌面/ROS/4.OPP_learn/install/python_pkg:/opt/ros/humble /usr/bin/cmake --build /home/lxf/桌面/ROS/4.OPP_learn/build/cpp_pkg -- -j16 -l16
[0.384s] Invoking command in '/home/lxf/桌面/ROS/4.OPP_learn/build/cpp_pkg': CMAKE_PREFIX_PATH=${CMAKE_PREFIX_PATH}:/home/lxf/桌面/ROS/4.OPP_learn/install/python_pkg:/opt/ros/humble /usr/bin/cmake --install /home/lxf/桌面/ROS/4.OPP_learn/build/cpp_pkg
[0.389s] -- Install configuration: ""
[0.389s] -- Up-to-date: /home/lxf/桌面/ROS/4.OPP_learn/install/cpp_pkg/lib/&{PROJECT_NAME}/cpp_node
[0.389s] -- Up-to-date: /home/lxf/桌面/ROS/4.OPP_learn/install/cpp_pkg/lib/&{PROJECT_NAME}/person_node
[0.390s] -- Up-to-date: /home/lxf/桌面/ROS/4.OPP_learn/install/cpp_pkg/share/ament_index/resource_index/package_run_dependencies/cpp_pkg
[0.390s] -- Installing: /home/lxf/桌面/ROS/4.OPP_learn/install/cpp_pkg/share/ament_index/resource_index/parent_prefix_path/cpp_pkg
[0.390s] -- Up-to-date: /home/lxf/桌面/ROS/4.OPP_learn/install/cpp_pkg/share/cpp_pkg/environment/ament_prefix_path.sh
[0.390s] -- Installing: /home/lxf/桌面/ROS/4.OPP_learn/install/cpp_pkg/share/cpp_pkg/environment/ament_prefix_path.dsv
[0.390s] -- Up-to-date: /home/lxf/桌面/ROS/4.OPP_learn/install/cpp_pkg/share/cpp_pkg/environment/path.sh
[0.390s] -- Installing: /home/lxf/桌面/ROS/4.OPP_learn/install/cpp_pkg/share/cpp_pkg/environment/path.dsv
[0.390s] -- Up-to-date: /home/lxf/桌面/ROS/4.OPP_learn/install/cpp_pkg/share/cpp_pkg/local_setup.bash
[0.390s] -- Up-to-date: /home/lxf/桌面/ROS/4.OPP_learn/install/cpp_pkg/share/cpp_pkg/local_setup.sh
[0.390s] -- Up-to-date: /home/lxf/桌面/ROS/4.OPP_learn/install/cpp_pkg/share/cpp_pkg/local_setup.zsh
[0.390s] -- Installing: /home/lxf/桌面/ROS/4.OPP_learn/install/cpp_pkg/share/cpp_pkg/local_setup.dsv
[0.390s] -- Installing: /home/lxf/桌面/ROS/4.OPP_learn/install/cpp_pkg/share/cpp_pkg/package.dsv
[0.390s] -- Up-to-date: /home/lxf/桌面/ROS/4.OPP_learn/install/cpp_pkg/share/ament_index/resource_index/packages/cpp_pkg
[0.390s] -- Up-to-date: /home/lxf/桌面/ROS/4.OPP_learn/install/cpp_pkg/share/cpp_pkg/cmake/cpp_pkgConfig.cmake
[0.390s] -- Up-to-date: /home/lxf/桌面/ROS/4.OPP_learn/install/cpp_pkg/share/cpp_pkg/cmake/cpp_pkgConfig-version.cmake
[0.390s] -- Up-to-date: /home/lxf/桌面/ROS/4.OPP_learn/install/cpp_pkg/share/cpp_pkg/package.xml
[0.391s] Invoked command in '/home/lxf/桌面/ROS/4.OPP_learn/build/cpp_pkg' returned '0': CMAKE_PREFIX_PATH=${CMAKE_PREFIX_PATH}:/home/lxf/桌面/ROS/4.OPP_learn/install/python_pkg:/opt/ros/humble /usr/bin/cmake --install /home/lxf/桌面/ROS/4.OPP_learn/build/cpp_pkg
