[0.404s] Invoking command in '/home/lxf/桌面/ROS/5.CPP_new_feature/src/python_pkg': PYTHONPATH=/home/lxf/桌面/ROS/5.CPP_new_feature/build/python_pkg/prefix_override:/usr/lib/python3/dist-packages/colcon_core/task/python/colcon_distutils_commands:/home/lxf/桌面/ROS/5.CPP_new_feature/install/python_pkg/lib/python3.10/site-packages:${PYTHONPATH} /usr/bin/python3 -W ignore:setup.py install is deprecated -W ignore:easy_install command is deprecated setup.py egg_info --egg-base ../../build/python_pkg build --build-base /home/lxf/桌面/ROS/5.CPP_new_feature/build/python_pkg/build install --record /home/lxf/桌面/ROS/5.CPP_new_feature/build/python_pkg/install.log --single-version-externally-managed install_data
[0.544s] running egg_info
[0.544s] writing ../../build/python_pkg/python_pkg.egg-info/PKG-INFO
[0.544s] writing dependency_links to ../../build/python_pkg/python_pkg.egg-info/dependency_links.txt
[0.545s] writing entry points to ../../build/python_pkg/python_pkg.egg-info/entry_points.txt
[0.545s] writing requirements to ../../build/python_pkg/python_pkg.egg-info/requires.txt
[0.545s] writing top-level names to ../../build/python_pkg/python_pkg.egg-info/top_level.txt
[0.546s] reading manifest file '../../build/python_pkg/python_pkg.egg-info/SOURCES.txt'
[0.546s] adding license file 'LICENSE'
[0.546s] writing manifest file '../../build/python_pkg/python_pkg.egg-info/SOURCES.txt'
[0.546s] running build
[0.546s] running build_py
[0.546s] copying python_pkg/writer_node.py -> /home/lxf/桌面/ROS/5.CPP_new_feature/build/python_pkg/build/lib/python_pkg
[0.547s] running install
[0.547s] running install_lib
[0.547s] copying /home/lxf/桌面/ROS/5.CPP_new_feature/build/python_pkg/build/lib/python_pkg/writer_node.py -> /home/lxf/桌面/ROS/5.CPP_new_feature/install/python_pkg/lib/python3.10/site-packages/python_pkg
[0.548s] byte-compiling /home/lxf/桌面/ROS/5.CPP_new_feature/install/python_pkg/lib/python3.10/site-packages/python_pkg/writer_node.py to writer_node.cpython-310.pyc
[0.548s] running install_data
[0.548s] running install_egg_info
[0.549s] removing '/home/lxf/桌面/ROS/5.CPP_new_feature/install/python_pkg/lib/python3.10/site-packages/python_pkg-0.0.0-py3.10.egg-info' (and everything under it)
[0.549s] Copying ../../build/python_pkg/python_pkg.egg-info to /home/lxf/桌面/ROS/5.CPP_new_feature/install/python_pkg/lib/python3.10/site-packages/python_pkg-0.0.0-py3.10.egg-info
[0.550s] running install_scripts
[0.563s] Installing person_node script to /home/lxf/桌面/ROS/5.CPP_new_feature/install/python_pkg/lib/python_pkg
[0.563s] Installing python_node script to /home/lxf/桌面/ROS/5.CPP_new_feature/install/python_pkg/lib/python_pkg
[0.563s] Installing writer_node script to /home/lxf/桌面/ROS/5.CPP_new_feature/install/python_pkg/lib/python_pkg
[0.563s] writing list of installed files to '/home/lxf/桌面/ROS/5.CPP_new_feature/build/python_pkg/install.log'
[0.578s] Invoked command in '/home/lxf/桌面/ROS/5.CPP_new_feature/src/python_pkg' returned '0': PYTHONPATH=/home/lxf/桌面/ROS/5.CPP_new_feature/build/python_pkg/prefix_override:/usr/lib/python3/dist-packages/colcon_core/task/python/colcon_distutils_commands:/home/lxf/桌面/ROS/5.CPP_new_feature/install/python_pkg/lib/python3.10/site-packages:${PYTHONPATH} /usr/bin/python3 -W ignore:setup.py install is deprecated -W ignore:easy_install command is deprecated setup.py egg_info --egg-base ../../build/python_pkg build --build-base /home/lxf/桌面/ROS/5.CPP_new_feature/build/python_pkg/build install --record /home/lxf/桌面/ROS/5.CPP_new_feature/build/python_pkg/install.log --single-version-externally-managed install_data
