[0.387s] Invoking command in '/home/lxf/桌面/ROS/3.workspace/src/2.python_pkg/demo_python_pkg': AMENT_PREFIX_PATH=/home/lxf/桌面/ROS/3.workspace/install/demo_cpp_pkg:${AMENT_PREFIX_PATH} CMAKE_PREFIX_PATH=/home/lxf/桌面/ROS/3.workspace/install/demo_cpp_pkg:${CMAKE_PREFIX_PATH} PYTHONPATH=/home/lxf/桌面/ROS/3.workspace/build/demo_python_pkg/prefix_override:/usr/lib/python3/dist-packages/colcon_core/task/python/colcon_distutils_commands:/home/lxf/桌面/ROS/3.workspace/install/demo_python_pkg/lib/python3.10/site-packages:${PYTHONPATH} /usr/bin/python3 -W ignore:setup.py install is deprecated -W ignore:easy_install command is deprecated setup.py egg_info --egg-base ../../../build/demo_python_pkg build --build-base /home/lxf/桌面/ROS/3.workspace/build/demo_python_pkg/build install --record /home/lxf/桌面/ROS/3.workspace/build/demo_python_pkg/install.log --single-version-externally-managed install_data
[0.541s] running egg_info
[0.542s] writing ../../../build/demo_python_pkg/demo_python_pkg.egg-info/PKG-INFO
[0.542s] writing dependency_links to ../../../build/demo_python_pkg/demo_python_pkg.egg-info/dependency_links.txt
[0.542s] writing entry points to ../../../build/demo_python_pkg/demo_python_pkg.egg-info/entry_points.txt
[0.542s] writing requirements to ../../../build/demo_python_pkg/demo_python_pkg.egg-info/requires.txt
[0.542s] writing top-level names to ../../../build/demo_python_pkg/demo_python_pkg.egg-info/top_level.txt
[0.543s] reading manifest file '../../../build/demo_python_pkg/demo_python_pkg.egg-info/SOURCES.txt'
[0.543s] adding license file 'LICENSE'
[0.543s] writing manifest file '../../../build/demo_python_pkg/demo_python_pkg.egg-info/SOURCES.txt'
[0.544s] running build
[0.544s] running build_py
[0.544s] running install
[0.544s] running install_lib
[0.545s] running install_data
[0.545s] copying package.xml -> /home/lxf/桌面/ROS/3.workspace/install/demo_python_pkg/share/demo_python_pkg
[0.545s] running install_egg_info
[0.546s] removing '/home/lxf/桌面/ROS/3.workspace/install/demo_python_pkg/lib/python3.10/site-packages/demo_python_pkg-0.0.0-py3.10.egg-info' (and everything under it)
[0.546s] Copying ../../../build/demo_python_pkg/demo_python_pkg.egg-info to /home/lxf/桌面/ROS/3.workspace/install/demo_python_pkg/lib/python3.10/site-packages/demo_python_pkg-0.0.0-py3.10.egg-info
[0.546s] running install_scripts
[0.561s] Installing python_node script to /home/lxf/桌面/ROS/3.workspace/install/demo_python_pkg/lib/demo_python_pkg
[0.561s] writing list of installed files to '/home/lxf/桌面/ROS/3.workspace/build/demo_python_pkg/install.log'
[0.576s] Invoked command in '/home/lxf/桌面/ROS/3.workspace/src/2.python_pkg/demo_python_pkg' returned '0': AMENT_PREFIX_PATH=/home/lxf/桌面/ROS/3.workspace/install/demo_cpp_pkg:${AMENT_PREFIX_PATH} CMAKE_PREFIX_PATH=/home/lxf/桌面/ROS/3.workspace/install/demo_cpp_pkg:${CMAKE_PREFIX_PATH} PYTHONPATH=/home/lxf/桌面/ROS/3.workspace/build/demo_python_pkg/prefix_override:/usr/lib/python3/dist-packages/colcon_core/task/python/colcon_distutils_commands:/home/lxf/桌面/ROS/3.workspace/install/demo_python_pkg/lib/python3.10/site-packages:${PYTHONPATH} /usr/bin/python3 -W ignore:setup.py install is deprecated -W ignore:easy_install command is deprecated setup.py egg_info --egg-base ../../../build/demo_python_pkg build --build-base /home/lxf/桌面/ROS/3.workspace/build/demo_python_pkg/build install --record /home/lxf/桌面/ROS/3.workspace/build/demo_python_pkg/install.log --single-version-externally-managed install_data
