[0.012s] Invoking command in '/home/lxf/桌面/ROS/6.Thread/build/cpp_pkg': CMAKE_PREFIX_PATH=/opt/ros/humble /usr/bin/cmake --build /home/lxf/桌面/ROS/6.Thread/build/cpp_pkg -- -j16 -l16
[0.029s] [0mCMake Deprecation Warning at CMakeLists.txt:1 (cmake_minimum_required):
[0.029s]   Compatibility with CMake < 3.10 will be removed from a future version of
[0.029s]   CMake.
[0.029s] 
[0.029s]   Update the VERSION argument <min> value.  Or, use the <min>...<max> syntax
[0.029s]   to tell CMake that the project requires at least <min> but has been updated
[0.029s]   to work with policies introduced by <max> or earlier.
[0.029s] 
[0.029s] [0m
[0.063s] -- The C compiler identification is GNU 11.4.0
[0.110s] -- The CXX compiler identification is GNU 11.4.0
[0.117s] -- Detecting C compiler ABI info
[0.166s] -- Detecting C compiler ABI info - done
[0.178s] -- Check for working C compiler: /usr/bin/cc - skipped
[0.179s] -- Detecting C compile features
[0.179s] -- Detecting C compile features - done
[0.190s] -- Detecting CXX compiler ABI info
[0.247s] -- Detecting CXX compiler ABI info - done
[0.258s] -- Check for working CXX compiler: /usr/bin/c++ - skipped
[0.258s] -- Detecting CXX compile features
[0.259s] -- Detecting CXX compile features - done
[0.264s] -- Found ament_cmake: 1.3.12 (/opt/ros/humble/share/ament_cmake/cmake)
[0.371s] -- Found Python3: /usr/bin/python3 (found version "3.10.12") found components: Interpreter
[0.477s] -- Found rclcpp: 16.0.15 (/opt/ros/humble/share/rclcpp/cmake)
[0.511s] -- Found rosidl_generator_c: 3.1.7 (/opt/ros/humble/share/rosidl_generator_c/cmake)
[0.514s] -- Found rosidl_adapter: 3.1.7 (/opt/ros/humble/share/rosidl_adapter/cmake)
[0.521s] -- Found rosidl_generator_cpp: 3.1.7 (/opt/ros/humble/share/rosidl_generator_cpp/cmake)
[0.530s] -- Using all available rosidl_typesupport_c: rosidl_typesupport_fastrtps_c;rosidl_typesupport_introspection_c
[0.541s] -- Using all available rosidl_typesupport_cpp: rosidl_typesupport_fastrtps_cpp;rosidl_typesupport_introspection_cpp
[0.576s] -- Found rmw_implementation_cmake: 6.1.2 (/opt/ros/humble/share/rmw_implementation_cmake/cmake)
[0.577s] -- Found rmw_fastrtps_cpp: 6.2.9 (/opt/ros/humble/share/rmw_fastrtps_cpp/cmake)
[0.608s] -- Found OpenSSL: /usr/lib/x86_64-linux-gnu/libcrypto.so (found version "3.0.2")
[0.660s] -- Using RMW implementation 'rmw_fastrtps_cpp' as default
[0.723s] -- Found ament_lint_auto: 0.12.14 (/opt/ros/humble/share/ament_lint_auto/cmake)
[0.785s] -- Added test 'cppcheck' to perform static code analysis on C / C++ code
[0.785s] -- Configured cppcheck include dirs: /home/lxf/桌面/ROS/6.Thread/src/cpp_pkg/include
[0.785s] -- Configured cppcheck exclude dirs and/or files: 
[0.785s] -- Added test 'lint_cmake' to check CMake code style
[0.786s] -- Added test 'uncrustify' to check C / C++ code style
[0.786s] -- Configured uncrustify additional arguments: 
[0.786s] -- Added test 'xmllint' to check XML markup files
[0.787s] -- Configuring done (0.8s)
[0.804s] -- Generating done (0.0s)
[0.810s] -- Build files have been written to: /home/lxf/桌面/ROS/6.Thread/build/cpp_pkg
[0.839s] [  8%] [32mBuilding CXX object CMakeFiles/learn_shared_ptr.dir/src/learn_shared_ptr.cpp.o[0m
[0.839s] [ 16%] [32mBuilding CXX object CMakeFiles/learn_auto.dir/src/learn_auto.cpp.o[0m
[0.840s] [ 25%] [32mBuilding CXX object CMakeFiles/learn_function.dir/src/learn_function.cpp.o[0m
[0.843s] [ 33%] [32mBuilding CXX object CMakeFiles/learn_lambda.dir/src/learn_lambda.cpp.o[0m
[0.852s] [ 41%] [32mBuilding CXX object CMakeFiles/person_node.dir/src/person_node.cpp.o[0m
[0.857s] [ 50%] [32mBuilding CXX object CMakeFiles/cpp_node.dir/src/cpp_node.cpp.o[0m
[1.049s] [ 58%] [1m[32mLinking CXX executable learn_auto[0m
[1.171s] [ 58%] Built target learn_auto
[1.177s] [ 66%] [1m[32mLinking CXX executable learn_lambda[0m
[1.273s] [ 75%] [1m[32mLinking CXX executable learn_shared_ptr[0m
[1.282s] [ 83%] [1m[32mLinking CXX executable learn_function[0m
[1.288s] [ 83%] Built target learn_lambda
[1.341s] [ 83%] Built target learn_shared_ptr
[1.348s] [ 83%] Built target learn_function
[2.841s] [ 91%] [1m[32mLinking CXX executable person_node[0m
[2.886s] [100%] [1m[32mLinking CXX executable cpp_node[0m
[2.910s] [100%] Built target person_node
[2.958s] [100%] Built target cpp_node
[2.964s] Invoked command in '/home/lxf/桌面/ROS/6.Thread/build/cpp_pkg' returned '0': CMAKE_PREFIX_PATH=/opt/ros/humble /usr/bin/cmake --build /home/lxf/桌面/ROS/6.Thread/build/cpp_pkg -- -j16 -l16
[2.969s] Invoking command in '/home/lxf/桌面/ROS/6.Thread/build/cpp_pkg': CMAKE_PREFIX_PATH=/opt/ros/humble /usr/bin/cmake --install /home/lxf/桌面/ROS/6.Thread/build/cpp_pkg
[2.971s] -- Install configuration: ""
[2.973s] -- Installing: /home/lxf/桌面/ROS/6.Thread/install/cpp_pkg/lib/cpp_pkg/cpp_node
[2.973s] -- Set non-toolchain portion of runtime path of "/home/lxf/桌面/ROS/6.Thread/install/cpp_pkg/lib/cpp_pkg/cpp_node" to ""
[2.973s] -- Installing: /home/lxf/桌面/ROS/6.Thread/install/cpp_pkg/lib/cpp_pkg/person_node
[2.973s] -- Set non-toolchain portion of runtime path of "/home/lxf/桌面/ROS/6.Thread/install/cpp_pkg/lib/cpp_pkg/person_node" to ""
[2.974s] -- Installing: /home/lxf/桌面/ROS/6.Thread/install/cpp_pkg/lib/cpp_pkg/learn_auto
[2.974s] -- Set non-toolchain portion of runtime path of "/home/lxf/桌面/ROS/6.Thread/install/cpp_pkg/lib/cpp_pkg/learn_auto" to ""
[2.974s] -- Installing: /home/lxf/桌面/ROS/6.Thread/install/cpp_pkg/lib/cpp_pkg/learn_shared_ptr
[2.974s] -- Set non-toolchain portion of runtime path of "/home/lxf/桌面/ROS/6.Thread/install/cpp_pkg/lib/cpp_pkg/learn_shared_ptr" to ""
[2.974s] -- Installing: /home/lxf/桌面/ROS/6.Thread/install/cpp_pkg/lib/cpp_pkg/learn_lambda
[2.975s] -- Set non-toolchain portion of runtime path of "/home/lxf/桌面/ROS/6.Thread/install/cpp_pkg/lib/cpp_pkg/learn_lambda" to ""
[2.975s] -- Installing: /home/lxf/桌面/ROS/6.Thread/install/cpp_pkg/lib/cpp_pkg/learn_function
[2.975s] -- Set non-toolchain portion of runtime path of "/home/lxf/桌面/ROS/6.Thread/install/cpp_pkg/lib/cpp_pkg/learn_function" to ""
[2.975s] -- Up-to-date: /home/lxf/桌面/ROS/6.Thread/install/cpp_pkg/share/ament_index/resource_index/package_run_dependencies/cpp_pkg
[2.975s] -- Up-to-date: /home/lxf/桌面/ROS/6.Thread/install/cpp_pkg/share/ament_index/resource_index/parent_prefix_path/cpp_pkg
[2.975s] -- Up-to-date: /home/lxf/桌面/ROS/6.Thread/install/cpp_pkg/share/cpp_pkg/environment/ament_prefix_path.sh
[2.975s] -- Installing: /home/lxf/桌面/ROS/6.Thread/install/cpp_pkg/share/cpp_pkg/environment/ament_prefix_path.dsv
[2.975s] -- Up-to-date: /home/lxf/桌面/ROS/6.Thread/install/cpp_pkg/share/cpp_pkg/environment/path.sh
[2.975s] -- Installing: /home/lxf/桌面/ROS/6.Thread/install/cpp_pkg/share/cpp_pkg/environment/path.dsv
[2.976s] -- Up-to-date: /home/lxf/桌面/ROS/6.Thread/install/cpp_pkg/share/cpp_pkg/local_setup.bash
[2.976s] -- Up-to-date: /home/lxf/桌面/ROS/6.Thread/install/cpp_pkg/share/cpp_pkg/local_setup.sh
[2.976s] -- Up-to-date: /home/lxf/桌面/ROS/6.Thread/install/cpp_pkg/share/cpp_pkg/local_setup.zsh
[2.976s] -- Installing: /home/lxf/桌面/ROS/6.Thread/install/cpp_pkg/share/cpp_pkg/local_setup.dsv
[2.976s] -- Installing: /home/lxf/桌面/ROS/6.Thread/install/cpp_pkg/share/cpp_pkg/package.dsv
[2.976s] -- Up-to-date: /home/lxf/桌面/ROS/6.Thread/install/cpp_pkg/share/ament_index/resource_index/packages/cpp_pkg
[2.976s] -- Up-to-date: /home/lxf/桌面/ROS/6.Thread/install/cpp_pkg/share/cpp_pkg/cmake/cpp_pkgConfig.cmake
[2.976s] -- Up-to-date: /home/lxf/桌面/ROS/6.Thread/install/cpp_pkg/share/cpp_pkg/cmake/cpp_pkgConfig-version.cmake
[2.976s] -- Up-to-date: /home/lxf/桌面/ROS/6.Thread/install/cpp_pkg/share/cpp_pkg/package.xml
[2.977s] Invoked command in '/home/lxf/桌面/ROS/6.Thread/build/cpp_pkg' returned '0': CMAKE_PREFIX_PATH=/opt/ros/humble /usr/bin/cmake --install /home/lxf/桌面/ROS/6.Thread/build/cpp_pkg
