[0.009s] Invoking command in '/home/lxf/æ¡Œé¢/ROS/6.Thread/build/cpp_pkg': CMAKE_PREFIX_PATH=/opt/ros/humble /usr/bin/cmake --build /home/lxf/æ¡Œé¢/ROS/6.Thread/build/cpp_pkg -- -j16 -l16
[0.043s] [35m[1mConsolidate compiler generated dependencies of target learn_shared_ptr[0m
[0.043s] [35m[1mConsolidate compiler generated dependencies of target learn_function[0m
[0.043s] [35m[1mConsolidate compiler generated dependencies of target cpp_node[0m
[0.043s] [35m[1mConsolidate compiler generated dependencies of target person_node[0m
[0.044s] [35m[1mConsolidate compiler generated dependencies of target learn_auto[0m
[0.047s] [35m[1mConsolidate compiler generated dependencies of target learn_lambda[0m
[0.051s] [ 16%] Built target learn_function
[0.051s] [ 33%] Built target learn_shared_ptr
[0.052s] [ 50%] Built target learn_auto
[0.053s] [ 66%] Built target person_node
[0.054s] [ 83%] Built target cpp_node
[0.055s] [100%] Built target learn_lambda
[0.170s] Invoked command in '/home/lxf/æ¡Œé¢/ROS/6.Thread/build/cpp_pkg' returned '0': CMAKE_PREFIX_PATH=/opt/ros/humble /usr/bin/cmake --build /home/lxf/æ¡Œé¢/ROS/6.Thread/build/cpp_pkg -- -j16 -l16
[0.176s] Invoking command in '/home/lxf/æ¡Œé¢/ROS/6.Thread/build/cpp_pkg': CMAKE_PREFIX_PATH=/opt/ros/humble /usr/bin/cmake --install /home/lxf/æ¡Œé¢/ROS/6.Thread/build/cpp_pkg
[0.183s] -- Install configuration: ""
[0.183s] -- Up-to-date: /home/lxf/æ¡Œé¢/ROS/6.Thread/install/cpp_pkg/lib/cpp_pkg/cpp_node
[0.183s] -- Up-to-date: /home/lxf/æ¡Œé¢/ROS/6.Thread/install/cpp_pkg/lib/cpp_pkg/person_node
[0.184s] -- Up-to-date: /home/lxf/æ¡Œé¢/ROS/6.Thread/install/cpp_pkg/lib/cpp_pkg/learn_auto
[0.184s] -- Up-to-date: /home/lxf/æ¡Œé¢/ROS/6.Thread/install/cpp_pkg/lib/cpp_pkg/learn_shared_ptr
[0.184s] -- Up-to-date: /home/lxf/æ¡Œé¢/ROS/6.Thread/install/cpp_pkg/lib/cpp_pkg/learn_lambda
[0.184s] -- Up-to-date: /home/lxf/æ¡Œé¢/ROS/6.Thread/install/cpp_pkg/lib/cpp_pkg/learn_function
[0.184s] -- Up-to-date: /home/lxf/æ¡Œé¢/ROS/6.Thread/install/cpp_pkg/share/ament_index/resource_index/package_run_dependencies/cpp_pkg
[0.184s] -- Up-to-date: /home/lxf/æ¡Œé¢/ROS/6.Thread/install/cpp_pkg/share/ament_index/resource_index/parent_prefix_path/cpp_pkg
[0.184s] -- Up-to-date: /home/lxf/æ¡Œé¢/ROS/6.Thread/install/cpp_pkg/share/cpp_pkg/environment/ament_prefix_path.sh
[0.184s] -- Up-to-date: /home/lxf/æ¡Œé¢/ROS/6.Thread/install/cpp_pkg/share/cpp_pkg/environment/ament_prefix_path.dsv
[0.184s] -- Up-to-date: /home/lxf/æ¡Œé¢/ROS/6.Thread/install/cpp_pkg/share/cpp_pkg/environment/path.sh
[0.184s] -- Up-to-date: /home/lxf/æ¡Œé¢/ROS/6.Thread/install/cpp_pkg/share/cpp_pkg/environment/path.dsv
[0.184s] -- Up-to-date: /home/lxf/æ¡Œé¢/ROS/6.Thread/install/cpp_pkg/share/cpp_pkg/local_setup.bash
[0.184s] -- Up-to-date: /home/lxf/æ¡Œé¢/ROS/6.Thread/install/cpp_pkg/share/cpp_pkg/local_setup.sh
[0.185s] -- Up-to-date: /home/lxf/æ¡Œé¢/ROS/6.Thread/install/cpp_pkg/share/cpp_pkg/local_setup.zsh
[0.185s] -- Up-to-date: /home/lxf/æ¡Œé¢/ROS/6.Thread/install/cpp_pkg/share/cpp_pkg/local_setup.dsv
[0.185s] -- Installing: /home/lxf/æ¡Œé¢/ROS/6.Thread/install/cpp_pkg/share/cpp_pkg/package.dsv
[0.185s] -- Up-to-date: /home/lxf/æ¡Œé¢/ROS/6.Thread/install/cpp_pkg/share/ament_index/resource_index/packages/cpp_pkg
[0.185s] -- Up-to-date: /home/lxf/æ¡Œé¢/ROS/6.Thread/install/cpp_pkg/share/cpp_pkg/cmake/cpp_pkgConfig.cmake
[0.185s] -- Up-to-date: /home/lxf/æ¡Œé¢/ROS/6.Thread/install/cpp_pkg/share/cpp_pkg/cmake/cpp_pkgConfig-version.cmake
[0.185s] -- Up-to-date: /home/lxf/æ¡Œé¢/ROS/6.Thread/install/cpp_pkg/share/cpp_pkg/package.xml
[0.186s] Invoked command in '/home/lxf/æ¡Œé¢/ROS/6.Thread/build/cpp_pkg' returned '0': CMAKE_PREFIX_PATH=/opt/ros/humble /usr/bin/cmake --install /home/lxf/æ¡Œé¢/ROS/6.Thread/build/cpp_pkg
