[0.781s] Invoking command in '/home/lxf/桌面/ROS/6.Thread/src/python_pkg': PYTHONPATH=/home/lxf/桌面/ROS/6.Thread/build/python_pkg/prefix_override:/usr/lib/python3/dist-packages/colcon_core/task/python/colcon_distutils_commands:/home/lxf/桌面/ROS/6.Thread/install/python_pkg/lib/python3.10/site-packages:${PYTHONPATH} /usr/bin/python3 -W ignore:setup.py install is deprecated -W ignore:easy_install command is deprecated setup.py egg_info --egg-base ../../build/python_pkg build --build-base /home/lxf/桌面/ROS/6.Thread/build/python_pkg/build install --record /home/lxf/桌面/ROS/6.Thread/build/python_pkg/install.log --single-version-externally-managed install_data
[0.922s] running egg_info
[0.922s] creating ../../build/python_pkg/python_pkg.egg-info
[0.922s] writing ../../build/python_pkg/python_pkg.egg-info/PKG-INFO
[0.922s] writing dependency_links to ../../build/python_pkg/python_pkg.egg-info/dependency_links.txt
[0.922s] writing entry points to ../../build/python_pkg/python_pkg.egg-info/entry_points.txt
[0.922s] writing requirements to ../../build/python_pkg/python_pkg.egg-info/requires.txt
[0.922s] writing top-level names to ../../build/python_pkg/python_pkg.egg-info/top_level.txt
[0.922s] writing manifest file '../../build/python_pkg/python_pkg.egg-info/SOURCES.txt'
[0.923s] reading manifest file '../../build/python_pkg/python_pkg.egg-info/SOURCES.txt'
[0.923s] adding license file 'LICENSE'
[0.924s] writing manifest file '../../build/python_pkg/python_pkg.egg-info/SOURCES.txt'
[0.924s] running build
[0.924s] running build_py
[0.924s] creating /home/lxf/桌面/ROS/6.Thread/build/python_pkg/build
[0.924s] creating /home/lxf/桌面/ROS/6.Thread/build/python_pkg/build/lib
[0.924s] creating /home/lxf/桌面/ROS/6.Thread/build/python_pkg/build/lib/python_pkg
[0.924s] copying python_pkg/person_node.py -> /home/lxf/桌面/ROS/6.Thread/build/python_pkg/build/lib/python_pkg
[0.926s] copying python_pkg/learn_thread.py -> /home/lxf/桌面/ROS/6.Thread/build/python_pkg/build/lib/python_pkg
[0.926s] copying python_pkg/writer_node.py -> /home/lxf/桌面/ROS/6.Thread/build/python_pkg/build/lib/python_pkg
[0.930s] copying python_pkg/__init__.py -> /home/lxf/桌面/ROS/6.Thread/build/python_pkg/build/lib/python_pkg
[0.930s] copying python_pkg/python_node.py -> /home/lxf/桌面/ROS/6.Thread/build/python_pkg/build/lib/python_pkg
[0.930s] running install
[0.930s] running install_lib
[0.931s] creating /home/lxf/桌面/ROS/6.Thread/install/python_pkg/lib/python3.10/site-packages/python_pkg
[0.931s] copying /home/lxf/桌面/ROS/6.Thread/build/python_pkg/build/lib/python_pkg/person_node.py -> /home/lxf/桌面/ROS/6.Thread/install/python_pkg/lib/python3.10/site-packages/python_pkg
[0.931s] copying /home/lxf/桌面/ROS/6.Thread/build/python_pkg/build/lib/python_pkg/learn_thread.py -> /home/lxf/桌面/ROS/6.Thread/install/python_pkg/lib/python3.10/site-packages/python_pkg
[0.931s] copying /home/lxf/桌面/ROS/6.Thread/build/python_pkg/build/lib/python_pkg/writer_node.py -> /home/lxf/桌面/ROS/6.Thread/install/python_pkg/lib/python3.10/site-packages/python_pkg
[0.931s] copying /home/lxf/桌面/ROS/6.Thread/build/python_pkg/build/lib/python_pkg/__init__.py -> /home/lxf/桌面/ROS/6.Thread/install/python_pkg/lib/python3.10/site-packages/python_pkg
[0.931s] copying /home/lxf/桌面/ROS/6.Thread/build/python_pkg/build/lib/python_pkg/python_node.py -> /home/lxf/桌面/ROS/6.Thread/install/python_pkg/lib/python3.10/site-packages/python_pkg
[0.931s] byte-compiling /home/lxf/桌面/ROS/6.Thread/install/python_pkg/lib/python3.10/site-packages/python_pkg/person_node.py to person_node.cpython-310.pyc
[0.932s] byte-compiling /home/lxf/桌面/ROS/6.Thread/install/python_pkg/lib/python3.10/site-packages/python_pkg/learn_thread.py to learn_thread.cpython-310.pyc
[0.932s] byte-compiling /home/lxf/桌面/ROS/6.Thread/install/python_pkg/lib/python3.10/site-packages/python_pkg/writer_node.py to writer_node.cpython-310.pyc
[0.932s] byte-compiling /home/lxf/桌面/ROS/6.Thread/install/python_pkg/lib/python3.10/site-packages/python_pkg/__init__.py to __init__.cpython-310.pyc
[0.932s] byte-compiling /home/lxf/桌面/ROS/6.Thread/install/python_pkg/lib/python3.10/site-packages/python_pkg/python_node.py to python_node.cpython-310.pyc
[0.932s] running install_data
[0.932s] creating /home/lxf/桌面/ROS/6.Thread/install/python_pkg/share/ament_index
[0.932s] creating /home/lxf/桌面/ROS/6.Thread/install/python_pkg/share/ament_index/resource_index
[0.932s] creating /home/lxf/桌面/ROS/6.Thread/install/python_pkg/share/ament_index/resource_index/packages
[0.932s] copying resource/python_pkg -> /home/lxf/桌面/ROS/6.Thread/install/python_pkg/share/ament_index/resource_index/packages
[0.932s] copying package.xml -> /home/lxf/桌面/ROS/6.Thread/install/python_pkg/share/python_pkg
[0.932s] running install_egg_info
[0.934s] Copying ../../build/python_pkg/python_pkg.egg-info to /home/lxf/桌面/ROS/6.Thread/install/python_pkg/lib/python3.10/site-packages/python_pkg-0.0.0-py3.10.egg-info
[0.934s] running install_scripts
[0.947s] Installing person_node script to /home/lxf/桌面/ROS/6.Thread/install/python_pkg/lib/python_pkg
[0.947s] Installing python_node script to /home/lxf/桌面/ROS/6.Thread/install/python_pkg/lib/python_pkg
[0.947s] Installing writer_node script to /home/lxf/桌面/ROS/6.Thread/install/python_pkg/lib/python_pkg
[0.947s] writing list of installed files to '/home/lxf/桌面/ROS/6.Thread/build/python_pkg/install.log'
[0.962s] Invoked command in '/home/lxf/桌面/ROS/6.Thread/src/python_pkg' returned '0': PYTHONPATH=/home/lxf/桌面/ROS/6.Thread/build/python_pkg/prefix_override:/usr/lib/python3/dist-packages/colcon_core/task/python/colcon_distutils_commands:/home/lxf/桌面/ROS/6.Thread/install/python_pkg/lib/python3.10/site-packages:${PYTHONPATH} /usr/bin/python3 -W ignore:setup.py install is deprecated -W ignore:easy_install command is deprecated setup.py egg_info --egg-base ../../build/python_pkg build --build-base /home/lxf/桌面/ROS/6.Thread/build/python_pkg/build install --record /home/lxf/桌面/ROS/6.Thread/build/python_pkg/install.log --single-version-externally-managed install_data
