[0.065s] DEBUG:colcon:Command line arguments: ['/usr/bin/colcon', 'build']
[0.066s] DEBUG:colcon:Parsed command line arguments: Namespace(log_base=None, log_level=None, verb_name='build', build_base='build', install_base='install', merge_install=False, symlink_install=False, test_result_base=None, continue_on_error=False, executor='parallel', parallel_workers=16, event_handlers=None, ignore_user_meta=False, metas=['./colcon.meta'], base_paths=['.'], packages_ignore=None, packages_ignore_regex=None, paths=None, packages_up_to=None, packages_up_to_regex=None, packages_above=None, packages_above_and_dependencies=None, packages_above_depth=None, packages_select_by_dep=None, packages_skip_by_dep=None, packages_skip_up_to=None, packages_select_build_failed=False, packages_skip_build_finished=False, packages_select_test_failures=False, packages_skip_test_passed=False, packages_select=None, packages_skip=None, packages_select_regex=None, packages_skip_regex=None, packages_start=None, packages_end=None, allow_overriding=[], cmake_args=None, cmake_target=None, cmake_target_skip_unavailable=False, cmake_clean_cache=False, cmake_clean_first=False, cmake_force_configure=False, ament_cmake_args=None, catkin_cmake_args=None, catkin_skip_building_tests=False, verb_parser=<colcon_defaults.argument_parser.defaults.DefaultArgumentsDecorator object at 0x7f263dc28070>, verb_extension=<colcon_core.verb.build.BuildVerb object at 0x7f263dd65b40>, main=<bound method BuildVerb.main of <colcon_core.verb.build.BuildVerb object at 0x7f263dd65b40>>)
[0.168s] Level 1:colcon.colcon_core.package_discovery:discover_packages(colcon_meta) check parameters
[0.168s] Level 1:colcon.colcon_core.package_discovery:discover_packages(recursive) check parameters
[0.168s] Level 1:colcon.colcon_core.package_discovery:discover_packages(ignore) check parameters
[0.168s] Level 1:colcon.colcon_core.package_discovery:discover_packages(path) check parameters
[0.168s] Level 1:colcon.colcon_core.package_discovery:discover_packages(colcon_meta) discover
[0.168s] Level 1:colcon.colcon_core.package_discovery:discover_packages(recursive) discover
[0.168s] INFO:colcon.colcon_core.package_discovery:Crawling recursively for packages in '/home/lxf/桌面/ROS/3.workspace'
[0.168s] Level 1:colcon.colcon_core.package_identification:_identify(.) by extensions ['ignore', 'ignore_ament_install']
[0.168s] Level 1:colcon.colcon_core.package_identification:_identify(.) by extension 'ignore'
[0.168s] Level 1:colcon.colcon_core.package_identification:_identify(.) by extension 'ignore_ament_install'
[0.168s] Level 1:colcon.colcon_core.package_identification:_identify(.) by extensions ['colcon_pkg']
[0.168s] Level 1:colcon.colcon_core.package_identification:_identify(.) by extension 'colcon_pkg'
[0.168s] Level 1:colcon.colcon_core.package_identification:_identify(.) by extensions ['colcon_meta']
[0.168s] Level 1:colcon.colcon_core.package_identification:_identify(.) by extension 'colcon_meta'
[0.168s] Level 1:colcon.colcon_core.package_identification:_identify(.) by extensions ['ros']
[0.168s] Level 1:colcon.colcon_core.package_identification:_identify(.) by extension 'ros'
[0.185s] Level 1:colcon.colcon_core.package_identification:_identify(.) by extensions ['cmake', 'python']
[0.185s] Level 1:colcon.colcon_core.package_identification:_identify(.) by extension 'cmake'
[0.185s] Level 1:colcon.colcon_core.package_identification:_identify(.) by extension 'python'
[0.185s] Level 1:colcon.colcon_core.package_identification:_identify(.) by extensions ['python_setup_py']
[0.185s] Level 1:colcon.colcon_core.package_identification:_identify(.) by extension 'python_setup_py'
[0.185s] Level 1:colcon.colcon_core.package_identification:_identify(build) by extensions ['ignore', 'ignore_ament_install']
[0.185s] Level 1:colcon.colcon_core.package_identification:_identify(build) by extension 'ignore'
[0.185s] Level 1:colcon.colcon_core.package_identification:_identify(build) ignored
[0.185s] Level 1:colcon.colcon_core.package_identification:_identify(install) by extensions ['ignore', 'ignore_ament_install']
[0.185s] Level 1:colcon.colcon_core.package_identification:_identify(install) by extension 'ignore'
[0.185s] Level 1:colcon.colcon_core.package_identification:_identify(install) ignored
[0.185s] Level 1:colcon.colcon_core.package_identification:_identify(log) by extensions ['ignore', 'ignore_ament_install']
[0.185s] Level 1:colcon.colcon_core.package_identification:_identify(log) by extension 'ignore'
[0.185s] Level 1:colcon.colcon_core.package_identification:_identify(log) ignored
[0.185s] Level 1:colcon.colcon_core.package_identification:_identify(src) by extensions ['ignore', 'ignore_ament_install']
[0.185s] Level 1:colcon.colcon_core.package_identification:_identify(src) by extension 'ignore'
[0.185s] Level 1:colcon.colcon_core.package_identification:_identify(src) by extension 'ignore_ament_install'
[0.185s] Level 1:colcon.colcon_core.package_identification:_identify(src) by extensions ['colcon_pkg']
[0.185s] Level 1:colcon.colcon_core.package_identification:_identify(src) by extension 'colcon_pkg'
[0.185s] Level 1:colcon.colcon_core.package_identification:_identify(src) by extensions ['colcon_meta']
[0.185s] Level 1:colcon.colcon_core.package_identification:_identify(src) by extension 'colcon_meta'
[0.185s] Level 1:colcon.colcon_core.package_identification:_identify(src) by extensions ['ros']
[0.185s] Level 1:colcon.colcon_core.package_identification:_identify(src) by extension 'ros'
[0.186s] Level 1:colcon.colcon_core.package_identification:_identify(src) by extensions ['cmake', 'python']
[0.186s] Level 1:colcon.colcon_core.package_identification:_identify(src) by extension 'cmake'
[0.186s] Level 1:colcon.colcon_core.package_identification:_identify(src) by extension 'python'
[0.186s] Level 1:colcon.colcon_core.package_identification:_identify(src) by extensions ['python_setup_py']
[0.186s] Level 1:colcon.colcon_core.package_identification:_identify(src) by extension 'python_setup_py'
[0.186s] Level 1:colcon.colcon_core.package_identification:_identify(src/2.cpp_pkg) by extensions ['ignore', 'ignore_ament_install']
[0.186s] Level 1:colcon.colcon_core.package_identification:_identify(src/2.cpp_pkg) by extension 'ignore'
[0.186s] Level 1:colcon.colcon_core.package_identification:_identify(src/2.cpp_pkg) by extension 'ignore_ament_install'
[0.186s] Level 1:colcon.colcon_core.package_identification:_identify(src/2.cpp_pkg) by extensions ['colcon_pkg']
[0.186s] Level 1:colcon.colcon_core.package_identification:_identify(src/2.cpp_pkg) by extension 'colcon_pkg'
[0.186s] Level 1:colcon.colcon_core.package_identification:_identify(src/2.cpp_pkg) by extensions ['colcon_meta']
[0.186s] Level 1:colcon.colcon_core.package_identification:_identify(src/2.cpp_pkg) by extension 'colcon_meta'
[0.186s] Level 1:colcon.colcon_core.package_identification:_identify(src/2.cpp_pkg) by extensions ['ros']
[0.186s] Level 1:colcon.colcon_core.package_identification:_identify(src/2.cpp_pkg) by extension 'ros'
[0.186s] Level 1:colcon.colcon_core.package_identification:_identify(src/2.cpp_pkg) by extensions ['cmake', 'python']
[0.186s] Level 1:colcon.colcon_core.package_identification:_identify(src/2.cpp_pkg) by extension 'cmake'
[0.186s] Level 1:colcon.colcon_core.package_identification:_identify(src/2.cpp_pkg) by extension 'python'
[0.186s] Level 1:colcon.colcon_core.package_identification:_identify(src/2.cpp_pkg) by extensions ['python_setup_py']
[0.186s] Level 1:colcon.colcon_core.package_identification:_identify(src/2.cpp_pkg) by extension 'python_setup_py'
[0.186s] Level 1:colcon.colcon_core.package_identification:_identify(src/2.cpp_pkg/build) by extensions ['ignore', 'ignore_ament_install']
[0.186s] Level 1:colcon.colcon_core.package_identification:_identify(src/2.cpp_pkg/build) by extension 'ignore'
[0.186s] Level 1:colcon.colcon_core.package_identification:_identify(src/2.cpp_pkg/build) ignored
[0.186s] Level 1:colcon.colcon_core.package_identification:_identify(src/2.cpp_pkg/demo_cpp_pkg) by extensions ['ignore', 'ignore_ament_install']
[0.186s] Level 1:colcon.colcon_core.package_identification:_identify(src/2.cpp_pkg/demo_cpp_pkg) by extension 'ignore'
[0.186s] Level 1:colcon.colcon_core.package_identification:_identify(src/2.cpp_pkg/demo_cpp_pkg) by extension 'ignore_ament_install'
[0.186s] Level 1:colcon.colcon_core.package_identification:_identify(src/2.cpp_pkg/demo_cpp_pkg) by extensions ['colcon_pkg']
[0.186s] Level 1:colcon.colcon_core.package_identification:_identify(src/2.cpp_pkg/demo_cpp_pkg) by extension 'colcon_pkg'
[0.186s] Level 1:colcon.colcon_core.package_identification:_identify(src/2.cpp_pkg/demo_cpp_pkg) by extensions ['colcon_meta']
[0.186s] Level 1:colcon.colcon_core.package_identification:_identify(src/2.cpp_pkg/demo_cpp_pkg) by extension 'colcon_meta'
[0.186s] Level 1:colcon.colcon_core.package_identification:_identify(src/2.cpp_pkg/demo_cpp_pkg) by extensions ['ros']
[0.186s] Level 1:colcon.colcon_core.package_identification:_identify(src/2.cpp_pkg/demo_cpp_pkg) by extension 'ros'
[0.193s] DEBUG:colcon.colcon_core.package_identification:Package 'src/2.cpp_pkg/demo_cpp_pkg' with type 'ros.ament_cmake' and name 'demo_cpp_pkg'
[0.193s] Level 1:colcon.colcon_core.package_identification:_identify(src/2.cpp_pkg/install) by extensions ['ignore', 'ignore_ament_install']
[0.193s] Level 1:colcon.colcon_core.package_identification:_identify(src/2.cpp_pkg/install) by extension 'ignore'
[0.193s] Level 1:colcon.colcon_core.package_identification:_identify(src/2.cpp_pkg/install) ignored
[0.193s] Level 1:colcon.colcon_core.package_identification:_identify(src/2.cpp_pkg/log) by extensions ['ignore', 'ignore_ament_install']
[0.193s] Level 1:colcon.colcon_core.package_identification:_identify(src/2.cpp_pkg/log) by extension 'ignore'
[0.193s] Level 1:colcon.colcon_core.package_identification:_identify(src/2.cpp_pkg/log) ignored
[0.193s] Level 1:colcon.colcon_core.package_identification:_identify(src/2.python_pkg) by extensions ['ignore', 'ignore_ament_install']
[0.193s] Level 1:colcon.colcon_core.package_identification:_identify(src/2.python_pkg) by extension 'ignore'
[0.193s] Level 1:colcon.colcon_core.package_identification:_identify(src/2.python_pkg) by extension 'ignore_ament_install'
[0.194s] Level 1:colcon.colcon_core.package_identification:_identify(src/2.python_pkg) by extensions ['colcon_pkg']
[0.194s] Level 1:colcon.colcon_core.package_identification:_identify(src/2.python_pkg) by extension 'colcon_pkg'
[0.194s] Level 1:colcon.colcon_core.package_identification:_identify(src/2.python_pkg) by extensions ['colcon_meta']
[0.194s] Level 1:colcon.colcon_core.package_identification:_identify(src/2.python_pkg) by extension 'colcon_meta'
[0.194s] Level 1:colcon.colcon_core.package_identification:_identify(src/2.python_pkg) by extensions ['ros']
[0.194s] Level 1:colcon.colcon_core.package_identification:_identify(src/2.python_pkg) by extension 'ros'
[0.194s] Level 1:colcon.colcon_core.package_identification:_identify(src/2.python_pkg) by extensions ['cmake', 'python']
[0.194s] Level 1:colcon.colcon_core.package_identification:_identify(src/2.python_pkg) by extension 'cmake'
[0.194s] Level 1:colcon.colcon_core.package_identification:_identify(src/2.python_pkg) by extension 'python'
[0.194s] Level 1:colcon.colcon_core.package_identification:_identify(src/2.python_pkg) by extensions ['python_setup_py']
[0.194s] Level 1:colcon.colcon_core.package_identification:_identify(src/2.python_pkg) by extension 'python_setup_py'
[0.194s] Level 1:colcon.colcon_core.package_identification:_identify(src/2.python_pkg/build) by extensions ['ignore', 'ignore_ament_install']
[0.194s] Level 1:colcon.colcon_core.package_identification:_identify(src/2.python_pkg/build) by extension 'ignore'
[0.194s] Level 1:colcon.colcon_core.package_identification:_identify(src/2.python_pkg/build) ignored
[0.194s] Level 1:colcon.colcon_core.package_identification:_identify(src/2.python_pkg/demo_python_pkg) by extensions ['ignore', 'ignore_ament_install']
[0.194s] Level 1:colcon.colcon_core.package_identification:_identify(src/2.python_pkg/demo_python_pkg) by extension 'ignore'
[0.194s] Level 1:colcon.colcon_core.package_identification:_identify(src/2.python_pkg/demo_python_pkg) by extension 'ignore_ament_install'
[0.194s] Level 1:colcon.colcon_core.package_identification:_identify(src/2.python_pkg/demo_python_pkg) by extensions ['colcon_pkg']
[0.194s] Level 1:colcon.colcon_core.package_identification:_identify(src/2.python_pkg/demo_python_pkg) by extension 'colcon_pkg'
[0.194s] Level 1:colcon.colcon_core.package_identification:_identify(src/2.python_pkg/demo_python_pkg) by extensions ['colcon_meta']
[0.194s] Level 1:colcon.colcon_core.package_identification:_identify(src/2.python_pkg/demo_python_pkg) by extension 'colcon_meta'
[0.194s] Level 1:colcon.colcon_core.package_identification:_identify(src/2.python_pkg/demo_python_pkg) by extensions ['ros']
[0.194s] Level 1:colcon.colcon_core.package_identification:_identify(src/2.python_pkg/demo_python_pkg) by extension 'ros'
[0.195s] DEBUG:colcon.colcon_core.package_identification:Package 'src/2.python_pkg/demo_python_pkg' with type 'ros.ament_python' and name 'demo_python_pkg'
[0.195s] Level 1:colcon.colcon_core.package_identification:_identify(src/2.python_pkg/install) by extensions ['ignore', 'ignore_ament_install']
[0.195s] Level 1:colcon.colcon_core.package_identification:_identify(src/2.python_pkg/install) by extension 'ignore'
[0.195s] Level 1:colcon.colcon_core.package_identification:_identify(src/2.python_pkg/install) ignored
[0.195s] Level 1:colcon.colcon_core.package_identification:_identify(src/2.python_pkg/log) by extensions ['ignore', 'ignore_ament_install']
[0.195s] Level 1:colcon.colcon_core.package_identification:_identify(src/2.python_pkg/log) by extension 'ignore'
[0.195s] Level 1:colcon.colcon_core.package_identification:_identify(src/2.python_pkg/log) ignored
[0.195s] Level 1:colcon.colcon_core.package_discovery:discover_packages(recursive) using defaults
[0.195s] Level 1:colcon.colcon_core.package_discovery:discover_packages(ignore) discover
[0.195s] Level 1:colcon.colcon_core.package_discovery:discover_packages(ignore) using defaults
[0.195s] Level 1:colcon.colcon_core.package_discovery:discover_packages(path) discover
[0.195s] Level 1:colcon.colcon_core.package_discovery:discover_packages(path) using defaults
[0.209s] Level 1:colcon.colcon_core.package_discovery:discover_packages(prefix_path) check parameters
[0.209s] Level 1:colcon.colcon_core.package_discovery:discover_packages(prefix_path) discover
[0.210s] DEBUG:colcon.colcon_installed_package_information.package_discovery:Found 1 installed packages in /home/lxf/桌面/ROS/2.cpp_pkg/install
[0.211s] DEBUG:colcon.colcon_installed_package_information.package_discovery:Found 271 installed packages in /opt/ros/humble
[0.212s] Level 1:colcon.colcon_core.package_discovery:discover_packages(prefix_path) using defaults
[0.232s] Level 5:colcon.colcon_core.verb:set package 'demo_cpp_pkg' build argument 'cmake_args' from command line to 'None'
[0.232s] Level 5:colcon.colcon_core.verb:set package 'demo_cpp_pkg' build argument 'cmake_target' from command line to 'None'
[0.232s] Level 5:colcon.colcon_core.verb:set package 'demo_cpp_pkg' build argument 'cmake_target_skip_unavailable' from command line to 'False'
[0.232s] Level 5:colcon.colcon_core.verb:set package 'demo_cpp_pkg' build argument 'cmake_clean_cache' from command line to 'False'
[0.232s] Level 5:colcon.colcon_core.verb:set package 'demo_cpp_pkg' build argument 'cmake_clean_first' from command line to 'False'
[0.232s] Level 5:colcon.colcon_core.verb:set package 'demo_cpp_pkg' build argument 'cmake_force_configure' from command line to 'False'
[0.232s] Level 5:colcon.colcon_core.verb:set package 'demo_cpp_pkg' build argument 'ament_cmake_args' from command line to 'None'
[0.232s] Level 5:colcon.colcon_core.verb:set package 'demo_cpp_pkg' build argument 'catkin_cmake_args' from command line to 'None'
[0.233s] Level 5:colcon.colcon_core.verb:set package 'demo_cpp_pkg' build argument 'catkin_skip_building_tests' from command line to 'False'
[0.233s] DEBUG:colcon.colcon_core.verb:Building package 'demo_cpp_pkg' with the following arguments: {'ament_cmake_args': None, 'build_base': '/home/lxf/桌面/ROS/3.workspace/build/demo_cpp_pkg', 'catkin_cmake_args': None, 'catkin_skip_building_tests': False, 'cmake_args': None, 'cmake_clean_cache': False, 'cmake_clean_first': False, 'cmake_force_configure': False, 'cmake_target': None, 'cmake_target_skip_unavailable': False, 'install_base': '/home/lxf/桌面/ROS/3.workspace/install/demo_cpp_pkg', 'merge_install': False, 'path': '/home/lxf/桌面/ROS/3.workspace/src/2.cpp_pkg/demo_cpp_pkg', 'symlink_install': False, 'test_result_base': None}
[0.233s] Level 5:colcon.colcon_core.verb:set package 'demo_python_pkg' build argument 'cmake_args' from command line to 'None'
[0.233s] Level 5:colcon.colcon_core.verb:set package 'demo_python_pkg' build argument 'cmake_target' from command line to 'None'
[0.233s] Level 5:colcon.colcon_core.verb:set package 'demo_python_pkg' build argument 'cmake_target_skip_unavailable' from command line to 'False'
[0.233s] Level 5:colcon.colcon_core.verb:set package 'demo_python_pkg' build argument 'cmake_clean_cache' from command line to 'False'
[0.233s] Level 5:colcon.colcon_core.verb:set package 'demo_python_pkg' build argument 'cmake_clean_first' from command line to 'False'
[0.233s] Level 5:colcon.colcon_core.verb:set package 'demo_python_pkg' build argument 'cmake_force_configure' from command line to 'False'
[0.233s] Level 5:colcon.colcon_core.verb:set package 'demo_python_pkg' build argument 'ament_cmake_args' from command line to 'None'
[0.233s] Level 5:colcon.colcon_core.verb:set package 'demo_python_pkg' build argument 'catkin_cmake_args' from command line to 'None'
[0.233s] Level 5:colcon.colcon_core.verb:set package 'demo_python_pkg' build argument 'catkin_skip_building_tests' from command line to 'False'
[0.233s] DEBUG:colcon.colcon_core.verb:Building package 'demo_python_pkg' with the following arguments: {'ament_cmake_args': None, 'build_base': '/home/lxf/桌面/ROS/3.workspace/build/demo_python_pkg', 'catkin_cmake_args': None, 'catkin_skip_building_tests': False, 'cmake_args': None, 'cmake_clean_cache': False, 'cmake_clean_first': False, 'cmake_force_configure': False, 'cmake_target': None, 'cmake_target_skip_unavailable': False, 'install_base': '/home/lxf/桌面/ROS/3.workspace/install/demo_python_pkg', 'merge_install': False, 'path': '/home/lxf/桌面/ROS/3.workspace/src/2.python_pkg/demo_python_pkg', 'symlink_install': False, 'test_result_base': None}
[0.233s] INFO:colcon.colcon_core.executor:Executing jobs using 'parallel' executor
[0.234s] DEBUG:colcon.colcon_parallel_executor.executor.parallel:run_until_complete
[0.234s] INFO:colcon.colcon_ros.task.ament_cmake.build:Building ROS package in '/home/lxf/桌面/ROS/3.workspace/src/2.cpp_pkg/demo_cpp_pkg' with build type 'ament_cmake'
[0.234s] INFO:colcon.colcon_cmake.task.cmake.build:Building CMake package in '/home/lxf/桌面/ROS/3.workspace/src/2.cpp_pkg/demo_cpp_pkg'
[0.235s] INFO:colcon.colcon_core.plugin_system:Skipping extension 'colcon_core.shell.bat': Not used on non-Windows systems
[0.236s] INFO:colcon.colcon_core.shell:Skip shell extension 'powershell' for command environment: Not usable outside of PowerShell
[0.236s] DEBUG:colcon.colcon_core.shell:Skip shell extension 'dsv' for command environment
[0.242s] DEBUG:colcon.colcon_core.event_handler.log_command:Invoking command in '/home/lxf/桌面/ROS/3.workspace/build/demo_cpp_pkg': CMAKE_PREFIX_PATH=${CMAKE_PREFIX_PATH}:/opt/ros/humble /usr/bin/cmake --build /home/lxf/桌面/ROS/3.workspace/build/demo_cpp_pkg -- -j16 -l16
[0.344s] DEBUG:colcon.colcon_core.event_handler.log_command:Invoked command in '/home/lxf/桌面/ROS/3.workspace/build/demo_cpp_pkg' returned '0': CMAKE_PREFIX_PATH=${CMAKE_PREFIX_PATH}:/opt/ros/humble /usr/bin/cmake --build /home/lxf/桌面/ROS/3.workspace/build/demo_cpp_pkg -- -j16 -l16
[0.370s] DEBUG:colcon.colcon_core.event_handler.log_command:Invoking command in '/home/lxf/桌面/ROS/3.workspace/build/demo_cpp_pkg': CMAKE_PREFIX_PATH=${CMAKE_PREFIX_PATH}:/opt/ros/humble /usr/bin/cmake --install /home/lxf/桌面/ROS/3.workspace/build/demo_cpp_pkg
[0.387s] Level 1:colcon.colcon_core.environment:create_environment_scripts_only(demo_cpp_pkg)
[0.388s] DEBUG:colcon.colcon_core.event_handler.log_command:Invoked command in '/home/lxf/桌面/ROS/3.workspace/build/demo_cpp_pkg' returned '0': CMAKE_PREFIX_PATH=${CMAKE_PREFIX_PATH}:/opt/ros/humble /usr/bin/cmake --install /home/lxf/桌面/ROS/3.workspace/build/demo_cpp_pkg
[0.390s] Level 1:colcon.colcon_core.environment:checking '/home/lxf/桌面/ROS/3.workspace/install/demo_cpp_pkg' for CMake module files
[0.390s] Level 1:colcon.colcon_core.environment:checking '/home/lxf/桌面/ROS/3.workspace/install/demo_cpp_pkg' for CMake config files
[0.391s] Level 1:colcon.colcon_core.shell:create_environment_hook('demo_cpp_pkg', 'cmake_prefix_path')
[0.391s] INFO:colcon.colcon_core.shell:Creating environment hook '/home/lxf/桌面/ROS/3.workspace/install/demo_cpp_pkg/share/demo_cpp_pkg/hook/cmake_prefix_path.ps1'
[0.392s] INFO:colcon.colcon_core.shell:Creating environment descriptor '/home/lxf/桌面/ROS/3.workspace/install/demo_cpp_pkg/share/demo_cpp_pkg/hook/cmake_prefix_path.dsv'
[0.392s] INFO:colcon.colcon_core.shell:Creating environment hook '/home/lxf/桌面/ROS/3.workspace/install/demo_cpp_pkg/share/demo_cpp_pkg/hook/cmake_prefix_path.sh'
[0.393s] Level 1:colcon.colcon_core.environment:checking '/home/lxf/桌面/ROS/3.workspace/install/demo_cpp_pkg/lib'
[0.394s] Level 1:colcon.colcon_core.environment:checking '/home/lxf/桌面/ROS/3.workspace/install/demo_cpp_pkg/bin'
[0.394s] Level 1:colcon.colcon_core.environment:checking '/home/lxf/桌面/ROS/3.workspace/install/demo_cpp_pkg/lib/pkgconfig/demo_cpp_pkg.pc'
[0.394s] Level 1:colcon.colcon_core.environment:checking '/home/lxf/桌面/ROS/3.workspace/install/demo_cpp_pkg/lib/python3.10/site-packages'
[0.395s] Level 1:colcon.colcon_core.environment:checking '/home/lxf/桌面/ROS/3.workspace/install/demo_cpp_pkg/bin'
[0.395s] INFO:colcon.colcon_core.shell:Creating package script '/home/lxf/桌面/ROS/3.workspace/install/demo_cpp_pkg/share/demo_cpp_pkg/package.ps1'
[0.396s] INFO:colcon.colcon_core.shell:Creating package descriptor '/home/lxf/桌面/ROS/3.workspace/install/demo_cpp_pkg/share/demo_cpp_pkg/package.dsv'
[0.397s] INFO:colcon.colcon_core.shell:Creating package script '/home/lxf/桌面/ROS/3.workspace/install/demo_cpp_pkg/share/demo_cpp_pkg/package.sh'
[0.399s] INFO:colcon.colcon_core.shell:Creating package script '/home/lxf/桌面/ROS/3.workspace/install/demo_cpp_pkg/share/demo_cpp_pkg/package.bash'
[0.400s] INFO:colcon.colcon_core.shell:Creating package script '/home/lxf/桌面/ROS/3.workspace/install/demo_cpp_pkg/share/demo_cpp_pkg/package.zsh'
[0.401s] Level 1:colcon.colcon_core.environment:create_file_with_runtime_dependencies(/home/lxf/桌面/ROS/3.workspace/install/demo_cpp_pkg/share/colcon-core/packages/demo_cpp_pkg)
[0.402s] Level 1:colcon.colcon_core.environment:create_environment_scripts_only(demo_cpp_pkg)
[0.402s] Level 1:colcon.colcon_core.environment:checking '/home/lxf/桌面/ROS/3.workspace/install/demo_cpp_pkg' for CMake module files
[0.403s] Level 1:colcon.colcon_core.environment:checking '/home/lxf/桌面/ROS/3.workspace/install/demo_cpp_pkg' for CMake config files
[0.403s] Level 1:colcon.colcon_core.shell:create_environment_hook('demo_cpp_pkg', 'cmake_prefix_path')
[0.404s] INFO:colcon.colcon_core.shell:Creating environment hook '/home/lxf/桌面/ROS/3.workspace/install/demo_cpp_pkg/share/demo_cpp_pkg/hook/cmake_prefix_path.ps1'
[0.404s] INFO:colcon.colcon_core.shell:Creating environment descriptor '/home/lxf/桌面/ROS/3.workspace/install/demo_cpp_pkg/share/demo_cpp_pkg/hook/cmake_prefix_path.dsv'
[0.405s] INFO:colcon.colcon_core.shell:Creating environment hook '/home/lxf/桌面/ROS/3.workspace/install/demo_cpp_pkg/share/demo_cpp_pkg/hook/cmake_prefix_path.sh'
[0.406s] Level 1:colcon.colcon_core.environment:checking '/home/lxf/桌面/ROS/3.workspace/install/demo_cpp_pkg/lib'
[0.406s] Level 1:colcon.colcon_core.environment:checking '/home/lxf/桌面/ROS/3.workspace/install/demo_cpp_pkg/bin'
[0.406s] Level 1:colcon.colcon_core.environment:checking '/home/lxf/桌面/ROS/3.workspace/install/demo_cpp_pkg/lib/pkgconfig/demo_cpp_pkg.pc'
[0.407s] Level 1:colcon.colcon_core.environment:checking '/home/lxf/桌面/ROS/3.workspace/install/demo_cpp_pkg/lib/python3.10/site-packages'
[0.407s] Level 1:colcon.colcon_core.environment:checking '/home/lxf/桌面/ROS/3.workspace/install/demo_cpp_pkg/bin'
[0.408s] INFO:colcon.colcon_core.shell:Creating package script '/home/lxf/桌面/ROS/3.workspace/install/demo_cpp_pkg/share/demo_cpp_pkg/package.ps1'
[0.409s] INFO:colcon.colcon_core.shell:Creating package descriptor '/home/lxf/桌面/ROS/3.workspace/install/demo_cpp_pkg/share/demo_cpp_pkg/package.dsv'
[0.409s] INFO:colcon.colcon_core.shell:Creating package script '/home/lxf/桌面/ROS/3.workspace/install/demo_cpp_pkg/share/demo_cpp_pkg/package.sh'
[0.410s] INFO:colcon.colcon_core.shell:Creating package script '/home/lxf/桌面/ROS/3.workspace/install/demo_cpp_pkg/share/demo_cpp_pkg/package.bash'
[0.410s] INFO:colcon.colcon_core.shell:Creating package script '/home/lxf/桌面/ROS/3.workspace/install/demo_cpp_pkg/share/demo_cpp_pkg/package.zsh'
[0.411s] Level 1:colcon.colcon_core.environment:create_file_with_runtime_dependencies(/home/lxf/桌面/ROS/3.workspace/install/demo_cpp_pkg/share/colcon-core/packages/demo_cpp_pkg)
[0.411s] INFO:colcon.colcon_ros.task.ament_python.build:Building ROS package in '/home/lxf/桌面/ROS/3.workspace/src/2.python_pkg/demo_python_pkg' with build type 'ament_python'
[0.411s] Level 1:colcon.colcon_core.shell:create_environment_hook('demo_python_pkg', 'ament_prefix_path')
[0.411s] INFO:colcon.colcon_core.shell:Creating environment hook '/home/lxf/桌面/ROS/3.workspace/install/demo_python_pkg/share/demo_python_pkg/hook/ament_prefix_path.ps1'
[0.412s] INFO:colcon.colcon_core.shell:Creating environment descriptor '/home/lxf/桌面/ROS/3.workspace/install/demo_python_pkg/share/demo_python_pkg/hook/ament_prefix_path.dsv'
[0.413s] INFO:colcon.colcon_core.shell:Creating environment hook '/home/lxf/桌面/ROS/3.workspace/install/demo_python_pkg/share/demo_python_pkg/hook/ament_prefix_path.sh'
[0.413s] INFO:colcon.colcon_core.shell:Skip shell extension 'powershell' for command environment: Not usable outside of PowerShell
[0.413s] DEBUG:colcon.colcon_core.shell:Skip shell extension 'dsv' for command environment
[0.586s] INFO:colcon.colcon_core.task.python.build:Building Python package in '/home/lxf/桌面/ROS/3.workspace/src/2.python_pkg/demo_python_pkg'
[0.586s] INFO:colcon.colcon_core.shell:Skip shell extension 'powershell' for command environment: Not usable outside of PowerShell
[0.586s] DEBUG:colcon.colcon_core.shell:Skip shell extension 'dsv' for command environment
[0.799s] DEBUG:colcon.colcon_core.event_handler.log_command:Invoking command in '/home/lxf/桌面/ROS/3.workspace/src/2.python_pkg/demo_python_pkg': AMENT_PREFIX_PATH=/home/lxf/桌面/ROS/3.workspace/install/demo_cpp_pkg:${AMENT_PREFIX_PATH} CMAKE_PREFIX_PATH=/home/lxf/桌面/ROS/3.workspace/install/demo_cpp_pkg:${CMAKE_PREFIX_PATH} PYTHONPATH=/home/lxf/桌面/ROS/3.workspace/build/demo_python_pkg/prefix_override:/usr/lib/python3/dist-packages/colcon_core/task/python/colcon_distutils_commands:/home/lxf/桌面/ROS/3.workspace/install/demo_python_pkg/lib/python3.10/site-packages:${PYTHONPATH} /usr/bin/python3 -W ignore:setup.py install is deprecated -W ignore:easy_install command is deprecated setup.py egg_info --egg-base ../../../build/demo_python_pkg build --build-base /home/lxf/桌面/ROS/3.workspace/build/demo_python_pkg/build install --record /home/lxf/桌面/ROS/3.workspace/build/demo_python_pkg/install.log --single-version-externally-managed install_data
[0.988s] Level 1:colcon.colcon_core.environment:checking '/home/lxf/桌面/ROS/3.workspace/install/demo_python_pkg' for CMake module files
[0.989s] DEBUG:colcon.colcon_core.event_handler.log_command:Invoked command in '/home/lxf/桌面/ROS/3.workspace/src/2.python_pkg/demo_python_pkg' returned '0': AMENT_PREFIX_PATH=/home/lxf/桌面/ROS/3.workspace/install/demo_cpp_pkg:${AMENT_PREFIX_PATH} CMAKE_PREFIX_PATH=/home/lxf/桌面/ROS/3.workspace/install/demo_cpp_pkg:${CMAKE_PREFIX_PATH} PYTHONPATH=/home/lxf/桌面/ROS/3.workspace/build/demo_python_pkg/prefix_override:/usr/lib/python3/dist-packages/colcon_core/task/python/colcon_distutils_commands:/home/lxf/桌面/ROS/3.workspace/install/demo_python_pkg/lib/python3.10/site-packages:${PYTHONPATH} /usr/bin/python3 -W ignore:setup.py install is deprecated -W ignore:easy_install command is deprecated setup.py egg_info --egg-base ../../../build/demo_python_pkg build --build-base /home/lxf/桌面/ROS/3.workspace/build/demo_python_pkg/build install --record /home/lxf/桌面/ROS/3.workspace/build/demo_python_pkg/install.log --single-version-externally-managed install_data
[0.989s] Level 1:colcon.colcon_core.environment:checking '/home/lxf/桌面/ROS/3.workspace/install/demo_python_pkg' for CMake config files
[0.989s] Level 1:colcon.colcon_core.environment:checking '/home/lxf/桌面/ROS/3.workspace/install/demo_python_pkg/lib'
[0.989s] Level 1:colcon.colcon_core.environment:checking '/home/lxf/桌面/ROS/3.workspace/install/demo_python_pkg/bin'
[0.989s] Level 1:colcon.colcon_core.environment:checking '/home/lxf/桌面/ROS/3.workspace/install/demo_python_pkg/lib/pkgconfig/demo_python_pkg.pc'
[0.989s] Level 1:colcon.colcon_core.environment:checking '/home/lxf/桌面/ROS/3.workspace/install/demo_python_pkg/lib/python3.10/site-packages'
[0.989s] Level 1:colcon.colcon_core.shell:create_environment_hook('demo_python_pkg', 'pythonpath')
[0.990s] INFO:colcon.colcon_core.shell:Creating environment hook '/home/lxf/桌面/ROS/3.workspace/install/demo_python_pkg/share/demo_python_pkg/hook/pythonpath.ps1'
[0.990s] INFO:colcon.colcon_core.shell:Creating environment descriptor '/home/lxf/桌面/ROS/3.workspace/install/demo_python_pkg/share/demo_python_pkg/hook/pythonpath.dsv'
[0.990s] INFO:colcon.colcon_core.shell:Creating environment hook '/home/lxf/桌面/ROS/3.workspace/install/demo_python_pkg/share/demo_python_pkg/hook/pythonpath.sh'
[0.991s] Level 1:colcon.colcon_core.environment:checking '/home/lxf/桌面/ROS/3.workspace/install/demo_python_pkg/bin'
[0.991s] Level 1:colcon.colcon_core.environment:create_environment_scripts_only(demo_python_pkg)
[0.991s] INFO:colcon.colcon_core.shell:Creating package script '/home/lxf/桌面/ROS/3.workspace/install/demo_python_pkg/share/demo_python_pkg/package.ps1'
[0.991s] INFO:colcon.colcon_core.shell:Creating package descriptor '/home/lxf/桌面/ROS/3.workspace/install/demo_python_pkg/share/demo_python_pkg/package.dsv'
[0.991s] INFO:colcon.colcon_core.shell:Creating package script '/home/lxf/桌面/ROS/3.workspace/install/demo_python_pkg/share/demo_python_pkg/package.sh'
[0.992s] INFO:colcon.colcon_core.shell:Creating package script '/home/lxf/桌面/ROS/3.workspace/install/demo_python_pkg/share/demo_python_pkg/package.bash'
[0.992s] INFO:colcon.colcon_core.shell:Creating package script '/home/lxf/桌面/ROS/3.workspace/install/demo_python_pkg/share/demo_python_pkg/package.zsh'
[0.992s] Level 1:colcon.colcon_core.environment:create_file_with_runtime_dependencies(/home/lxf/桌面/ROS/3.workspace/install/demo_python_pkg/share/colcon-core/packages/demo_python_pkg)
[0.992s] DEBUG:colcon.colcon_parallel_executor.executor.parallel:closing loop
[0.992s] DEBUG:colcon.colcon_parallel_executor.executor.parallel:loop closed
[0.992s] DEBUG:colcon.colcon_parallel_executor.executor.parallel:run_until_complete finished with '0'
[0.992s] DEBUG:colcon.colcon_core.event_reactor:joining thread
[0.996s] INFO:colcon.colcon_core.plugin_system:Skipping extension 'colcon_notification.desktop_notification.terminal_notifier': Not used on non-Darwin systems
[0.996s] INFO:colcon.colcon_core.plugin_system:Skipping extension 'colcon_notification.desktop_notification.win32': Not used on non-Windows systems
[0.996s] INFO:colcon.colcon_notification.desktop_notification:Sending desktop notification using 'notify2'
[1.006s] DEBUG:colcon.colcon_core.event_reactor:joined thread
[1.007s] INFO:colcon.colcon_core.shell:Creating prefix script '/home/lxf/桌面/ROS/3.workspace/install/local_setup.ps1'
[1.007s] INFO:colcon.colcon_core.shell:Creating prefix util module '/home/lxf/桌面/ROS/3.workspace/install/_local_setup_util_ps1.py'
[1.008s] INFO:colcon.colcon_core.shell:Creating prefix chain script '/home/lxf/桌面/ROS/3.workspace/install/setup.ps1'
[1.009s] INFO:colcon.colcon_core.shell:Creating prefix script '/home/lxf/桌面/ROS/3.workspace/install/local_setup.sh'
[1.009s] INFO:colcon.colcon_core.shell:Creating prefix util module '/home/lxf/桌面/ROS/3.workspace/install/_local_setup_util_sh.py'
[1.010s] INFO:colcon.colcon_core.shell:Creating prefix chain script '/home/lxf/桌面/ROS/3.workspace/install/setup.sh'
[1.010s] INFO:colcon.colcon_core.shell:Creating prefix script '/home/lxf/桌面/ROS/3.workspace/install/local_setup.bash'
[1.011s] INFO:colcon.colcon_core.shell:Creating prefix chain script '/home/lxf/桌面/ROS/3.workspace/install/setup.bash'
[1.011s] INFO:colcon.colcon_core.shell:Creating prefix script '/home/lxf/桌面/ROS/3.workspace/install/local_setup.zsh'
[1.012s] INFO:colcon.colcon_core.shell:Creating prefix chain script '/home/lxf/桌面/ROS/3.workspace/install/setup.zsh'
