[0.073s] DEBUG:colcon:Command line arguments: ['/usr/bin/colcon', 'build']
[0.073s] DEBUG:colcon:Parsed command line arguments: Namespace(log_base=None, log_level=None, verb_name='build', build_base='build', install_base='install', merge_install=False, symlink_install=False, test_result_base=None, continue_on_error=False, executor='parallel', parallel_workers=16, event_handlers=None, ignore_user_meta=False, metas=['./colcon.meta'], base_paths=['.'], packages_ignore=None, packages_ignore_regex=None, paths=None, packages_up_to=None, packages_up_to_regex=None, packages_above=None, packages_above_and_dependencies=None, packages_above_depth=None, packages_select_by_dep=None, packages_skip_by_dep=None, packages_skip_up_to=None, packages_select_build_failed=False, packages_skip_build_finished=False, packages_select_test_failures=False, packages_skip_test_passed=False, packages_select=None, packages_skip=None, packages_select_regex=None, packages_skip_regex=None, packages_start=None, packages_end=None, allow_overriding=[], cmake_args=None, cmake_target=None, cmake_target_skip_unavailable=False, cmake_clean_cache=False, cmake_clean_first=False, cmake_force_configure=False, ament_cmake_args=None, catkin_cmake_args=None, catkin_skip_building_tests=False, verb_parser=<colcon_defaults.argument_parser.defaults.DefaultArgumentsDecorator object at 0x7e0c21420250>, verb_extension=<colcon_core.verb.build.BuildVerb object at 0x7e0c21565ea0>, main=<bound method BuildVerb.main of <colcon_core.verb.build.BuildVerb object at 0x7e0c21565ea0>>)
[0.172s] Level 1:colcon.colcon_core.package_discovery:discover_packages(colcon_meta) check parameters
[0.172s] Level 1:colcon.colcon_core.package_discovery:discover_packages(recursive) check parameters
[0.172s] Level 1:colcon.colcon_core.package_discovery:discover_packages(ignore) check parameters
[0.172s] Level 1:colcon.colcon_core.package_discovery:discover_packages(path) check parameters
[0.172s] Level 1:colcon.colcon_core.package_discovery:discover_packages(colcon_meta) discover
[0.172s] Level 1:colcon.colcon_core.package_discovery:discover_packages(recursive) discover
[0.172s] INFO:colcon.colcon_core.package_discovery:Crawling recursively for packages in '/home/lxf/桌面/ROS/4.OPP_learn'
[0.172s] Level 1:colcon.colcon_core.package_identification:_identify(.) by extensions ['ignore', 'ignore_ament_install']
[0.172s] Level 1:colcon.colcon_core.package_identification:_identify(.) by extension 'ignore'
[0.173s] Level 1:colcon.colcon_core.package_identification:_identify(.) by extension 'ignore_ament_install'
[0.173s] Level 1:colcon.colcon_core.package_identification:_identify(.) by extensions ['colcon_pkg']
[0.173s] Level 1:colcon.colcon_core.package_identification:_identify(.) by extension 'colcon_pkg'
[0.173s] Level 1:colcon.colcon_core.package_identification:_identify(.) by extensions ['colcon_meta']
[0.173s] Level 1:colcon.colcon_core.package_identification:_identify(.) by extension 'colcon_meta'
[0.173s] Level 1:colcon.colcon_core.package_identification:_identify(.) by extensions ['ros']
[0.173s] Level 1:colcon.colcon_core.package_identification:_identify(.) by extension 'ros'
[0.191s] Level 1:colcon.colcon_core.package_identification:_identify(.) by extensions ['cmake', 'python']
[0.192s] Level 1:colcon.colcon_core.package_identification:_identify(.) by extension 'cmake'
[0.192s] Level 1:colcon.colcon_core.package_identification:_identify(.) by extension 'python'
[0.192s] Level 1:colcon.colcon_core.package_identification:_identify(.) by extensions ['python_setup_py']
[0.192s] Level 1:colcon.colcon_core.package_identification:_identify(.) by extension 'python_setup_py'
[0.192s] Level 1:colcon.colcon_core.package_identification:_identify(build) by extensions ['ignore', 'ignore_ament_install']
[0.192s] Level 1:colcon.colcon_core.package_identification:_identify(build) by extension 'ignore'
[0.192s] Level 1:colcon.colcon_core.package_identification:_identify(build) ignored
[0.192s] Level 1:colcon.colcon_core.package_identification:_identify(install) by extensions ['ignore', 'ignore_ament_install']
[0.192s] Level 1:colcon.colcon_core.package_identification:_identify(install) by extension 'ignore'
[0.192s] Level 1:colcon.colcon_core.package_identification:_identify(install) ignored
[0.192s] Level 1:colcon.colcon_core.package_identification:_identify(log) by extensions ['ignore', 'ignore_ament_install']
[0.192s] Level 1:colcon.colcon_core.package_identification:_identify(log) by extension 'ignore'
[0.192s] Level 1:colcon.colcon_core.package_identification:_identify(log) ignored
[0.192s] Level 1:colcon.colcon_core.package_identification:_identify(src) by extensions ['ignore', 'ignore_ament_install']
[0.192s] Level 1:colcon.colcon_core.package_identification:_identify(src) by extension 'ignore'
[0.192s] Level 1:colcon.colcon_core.package_identification:_identify(src) by extension 'ignore_ament_install'
[0.192s] Level 1:colcon.colcon_core.package_identification:_identify(src) by extensions ['colcon_pkg']
[0.192s] Level 1:colcon.colcon_core.package_identification:_identify(src) by extension 'colcon_pkg'
[0.192s] Level 1:colcon.colcon_core.package_identification:_identify(src) by extensions ['colcon_meta']
[0.192s] Level 1:colcon.colcon_core.package_identification:_identify(src) by extension 'colcon_meta'
[0.192s] Level 1:colcon.colcon_core.package_identification:_identify(src) by extensions ['ros']
[0.192s] Level 1:colcon.colcon_core.package_identification:_identify(src) by extension 'ros'
[0.192s] Level 1:colcon.colcon_core.package_identification:_identify(src) by extensions ['cmake', 'python']
[0.192s] Level 1:colcon.colcon_core.package_identification:_identify(src) by extension 'cmake'
[0.192s] Level 1:colcon.colcon_core.package_identification:_identify(src) by extension 'python'
[0.192s] Level 1:colcon.colcon_core.package_identification:_identify(src) by extensions ['python_setup_py']
[0.192s] Level 1:colcon.colcon_core.package_identification:_identify(src) by extension 'python_setup_py'
[0.192s] Level 1:colcon.colcon_core.package_identification:_identify(src/cpp_pkg) by extensions ['ignore', 'ignore_ament_install']
[0.193s] Level 1:colcon.colcon_core.package_identification:_identify(src/cpp_pkg) by extension 'ignore'
[0.193s] Level 1:colcon.colcon_core.package_identification:_identify(src/cpp_pkg) by extension 'ignore_ament_install'
[0.193s] Level 1:colcon.colcon_core.package_identification:_identify(src/cpp_pkg) by extensions ['colcon_pkg']
[0.193s] Level 1:colcon.colcon_core.package_identification:_identify(src/cpp_pkg) by extension 'colcon_pkg'
[0.193s] Level 1:colcon.colcon_core.package_identification:_identify(src/cpp_pkg) by extensions ['colcon_meta']
[0.193s] Level 1:colcon.colcon_core.package_identification:_identify(src/cpp_pkg) by extension 'colcon_meta'
[0.193s] Level 1:colcon.colcon_core.package_identification:_identify(src/cpp_pkg) by extensions ['ros']
[0.193s] Level 1:colcon.colcon_core.package_identification:_identify(src/cpp_pkg) by extension 'ros'
[0.200s] DEBUG:colcon.colcon_core.package_identification:Package 'src/cpp_pkg' with type 'ros.ament_cmake' and name 'cpp_pkg'
[0.200s] Level 1:colcon.colcon_core.package_identification:_identify(src/python_pkg) by extensions ['ignore', 'ignore_ament_install']
[0.200s] Level 1:colcon.colcon_core.package_identification:_identify(src/python_pkg) by extension 'ignore'
[0.200s] Level 1:colcon.colcon_core.package_identification:_identify(src/python_pkg) by extension 'ignore_ament_install'
[0.200s] Level 1:colcon.colcon_core.package_identification:_identify(src/python_pkg) by extensions ['colcon_pkg']
[0.200s] Level 1:colcon.colcon_core.package_identification:_identify(src/python_pkg) by extension 'colcon_pkg'
[0.200s] Level 1:colcon.colcon_core.package_identification:_identify(src/python_pkg) by extensions ['colcon_meta']
[0.200s] Level 1:colcon.colcon_core.package_identification:_identify(src/python_pkg) by extension 'colcon_meta'
[0.200s] Level 1:colcon.colcon_core.package_identification:_identify(src/python_pkg) by extensions ['ros']
[0.200s] Level 1:colcon.colcon_core.package_identification:_identify(src/python_pkg) by extension 'ros'
[0.200s] DEBUG:colcon.colcon_core.package_identification:Package 'src/python_pkg' with type 'ros.ament_python' and name 'python_pkg'
[0.200s] Level 1:colcon.colcon_core.package_discovery:discover_packages(recursive) using defaults
[0.200s] Level 1:colcon.colcon_core.package_discovery:discover_packages(ignore) discover
[0.200s] Level 1:colcon.colcon_core.package_discovery:discover_packages(ignore) using defaults
[0.200s] Level 1:colcon.colcon_core.package_discovery:discover_packages(path) discover
[0.200s] Level 1:colcon.colcon_core.package_discovery:discover_packages(path) using defaults
[0.214s] Level 1:colcon.colcon_core.package_discovery:discover_packages(prefix_path) check parameters
[0.214s] Level 1:colcon.colcon_core.package_discovery:discover_packages(prefix_path) discover
[0.215s] DEBUG:colcon.colcon_installed_package_information.package_discovery:Found 2 installed packages in /home/lxf/桌面/ROS/4.OPP_learn/install
[0.216s] DEBUG:colcon.colcon_installed_package_information.package_discovery:Found 271 installed packages in /opt/ros/humble
[0.217s] Level 1:colcon.colcon_core.package_discovery:discover_packages(prefix_path) using defaults
[0.238s] Level 5:colcon.colcon_core.verb:set package 'cpp_pkg' build argument 'cmake_args' from command line to 'None'
[0.238s] Level 5:colcon.colcon_core.verb:set package 'cpp_pkg' build argument 'cmake_target' from command line to 'None'
[0.238s] Level 5:colcon.colcon_core.verb:set package 'cpp_pkg' build argument 'cmake_target_skip_unavailable' from command line to 'False'
[0.238s] Level 5:colcon.colcon_core.verb:set package 'cpp_pkg' build argument 'cmake_clean_cache' from command line to 'False'
[0.238s] Level 5:colcon.colcon_core.verb:set package 'cpp_pkg' build argument 'cmake_clean_first' from command line to 'False'
[0.238s] Level 5:colcon.colcon_core.verb:set package 'cpp_pkg' build argument 'cmake_force_configure' from command line to 'False'
[0.238s] Level 5:colcon.colcon_core.verb:set package 'cpp_pkg' build argument 'ament_cmake_args' from command line to 'None'
[0.238s] Level 5:colcon.colcon_core.verb:set package 'cpp_pkg' build argument 'catkin_cmake_args' from command line to 'None'
[0.238s] Level 5:colcon.colcon_core.verb:set package 'cpp_pkg' build argument 'catkin_skip_building_tests' from command line to 'False'
[0.238s] DEBUG:colcon.colcon_core.verb:Building package 'cpp_pkg' with the following arguments: {'ament_cmake_args': None, 'build_base': '/home/lxf/桌面/ROS/4.OPP_learn/build/cpp_pkg', 'catkin_cmake_args': None, 'catkin_skip_building_tests': False, 'cmake_args': None, 'cmake_clean_cache': False, 'cmake_clean_first': False, 'cmake_force_configure': False, 'cmake_target': None, 'cmake_target_skip_unavailable': False, 'install_base': '/home/lxf/桌面/ROS/4.OPP_learn/install/cpp_pkg', 'merge_install': False, 'path': '/home/lxf/桌面/ROS/4.OPP_learn/src/cpp_pkg', 'symlink_install': False, 'test_result_base': None}
[0.238s] Level 5:colcon.colcon_core.verb:set package 'python_pkg' build argument 'cmake_args' from command line to 'None'
[0.238s] Level 5:colcon.colcon_core.verb:set package 'python_pkg' build argument 'cmake_target' from command line to 'None'
[0.238s] Level 5:colcon.colcon_core.verb:set package 'python_pkg' build argument 'cmake_target_skip_unavailable' from command line to 'False'
[0.238s] Level 5:colcon.colcon_core.verb:set package 'python_pkg' build argument 'cmake_clean_cache' from command line to 'False'
[0.238s] Level 5:colcon.colcon_core.verb:set package 'python_pkg' build argument 'cmake_clean_first' from command line to 'False'
[0.238s] Level 5:colcon.colcon_core.verb:set package 'python_pkg' build argument 'cmake_force_configure' from command line to 'False'
[0.238s] Level 5:colcon.colcon_core.verb:set package 'python_pkg' build argument 'ament_cmake_args' from command line to 'None'
[0.238s] Level 5:colcon.colcon_core.verb:set package 'python_pkg' build argument 'catkin_cmake_args' from command line to 'None'
[0.238s] Level 5:colcon.colcon_core.verb:set package 'python_pkg' build argument 'catkin_skip_building_tests' from command line to 'False'
[0.238s] DEBUG:colcon.colcon_core.verb:Building package 'python_pkg' with the following arguments: {'ament_cmake_args': None, 'build_base': '/home/lxf/桌面/ROS/4.OPP_learn/build/python_pkg', 'catkin_cmake_args': None, 'catkin_skip_building_tests': False, 'cmake_args': None, 'cmake_clean_cache': False, 'cmake_clean_first': False, 'cmake_force_configure': False, 'cmake_target': None, 'cmake_target_skip_unavailable': False, 'install_base': '/home/lxf/桌面/ROS/4.OPP_learn/install/python_pkg', 'merge_install': False, 'path': '/home/lxf/桌面/ROS/4.OPP_learn/src/python_pkg', 'symlink_install': False, 'test_result_base': None}
[0.238s] INFO:colcon.colcon_core.executor:Executing jobs using 'parallel' executor
[0.239s] DEBUG:colcon.colcon_parallel_executor.executor.parallel:run_until_complete
[0.239s] INFO:colcon.colcon_ros.task.ament_cmake.build:Building ROS package in '/home/lxf/桌面/ROS/4.OPP_learn/src/cpp_pkg' with build type 'ament_cmake'
[0.239s] INFO:colcon.colcon_cmake.task.cmake.build:Building CMake package in '/home/lxf/桌面/ROS/4.OPP_learn/src/cpp_pkg'
[0.241s] INFO:colcon.colcon_core.plugin_system:Skipping extension 'colcon_core.shell.bat': Not used on non-Windows systems
[0.241s] INFO:colcon.colcon_core.shell:Skip shell extension 'powershell' for command environment: Not usable outside of PowerShell
[0.241s] DEBUG:colcon.colcon_core.shell:Skip shell extension 'dsv' for command environment
[0.243s] INFO:colcon.colcon_ros.task.ament_python.build:Building ROS package in '/home/lxf/桌面/ROS/4.OPP_learn/src/python_pkg' with build type 'ament_python'
[0.243s] Level 1:colcon.colcon_core.shell:create_environment_hook('python_pkg', 'ament_prefix_path')
[0.243s] INFO:colcon.colcon_core.shell:Creating environment hook '/home/lxf/桌面/ROS/4.OPP_learn/install/python_pkg/share/python_pkg/hook/ament_prefix_path.ps1'
[0.244s] INFO:colcon.colcon_core.shell:Creating environment descriptor '/home/lxf/桌面/ROS/4.OPP_learn/install/python_pkg/share/python_pkg/hook/ament_prefix_path.dsv'
[0.244s] INFO:colcon.colcon_core.shell:Creating environment hook '/home/lxf/桌面/ROS/4.OPP_learn/install/python_pkg/share/python_pkg/hook/ament_prefix_path.sh'
[0.244s] INFO:colcon.colcon_core.shell:Skip shell extension 'powershell' for command environment: Not usable outside of PowerShell
[0.244s] DEBUG:colcon.colcon_core.shell:Skip shell extension 'dsv' for command environment
[0.251s] DEBUG:colcon.colcon_core.event_handler.log_command:Invoking command in '/home/lxf/桌面/ROS/4.OPP_learn/build/cpp_pkg': CMAKE_PREFIX_PATH=${CMAKE_PREFIX_PATH}:/home/lxf/桌面/ROS/4.OPP_learn/install/python_pkg:/opt/ros/humble /usr/bin/cmake --build /home/lxf/桌面/ROS/4.OPP_learn/build/cpp_pkg -- -j16 -l16
[0.406s] INFO:colcon.colcon_core.task.python.build:Building Python package in '/home/lxf/桌面/ROS/4.OPP_learn/src/python_pkg'
[0.407s] INFO:colcon.colcon_core.shell:Skip shell extension 'powershell' for command environment: Not usable outside of PowerShell
[0.407s] DEBUG:colcon.colcon_core.shell:Skip shell extension 'dsv' for command environment
[0.410s] DEBUG:colcon.colcon_core.event_handler.log_command:Invoked command in '/home/lxf/桌面/ROS/4.OPP_learn/build/cpp_pkg' returned '0': CMAKE_PREFIX_PATH=${CMAKE_PREFIX_PATH}:/home/lxf/桌面/ROS/4.OPP_learn/install/python_pkg:/opt/ros/humble /usr/bin/cmake --build /home/lxf/桌面/ROS/4.OPP_learn/build/cpp_pkg -- -j16 -l16
[0.417s] DEBUG:colcon.colcon_core.event_handler.log_command:Invoking command in '/home/lxf/桌面/ROS/4.OPP_learn/build/cpp_pkg': CMAKE_PREFIX_PATH=${CMAKE_PREFIX_PATH}:/home/lxf/桌面/ROS/4.OPP_learn/install/python_pkg:/opt/ros/humble /usr/bin/cmake --install /home/lxf/桌面/ROS/4.OPP_learn/build/cpp_pkg
[0.424s] Level 1:colcon.colcon_core.environment:create_environment_scripts_only(cpp_pkg)
[0.425s] DEBUG:colcon.colcon_core.event_handler.log_command:Invoked command in '/home/lxf/桌面/ROS/4.OPP_learn/build/cpp_pkg' returned '0': CMAKE_PREFIX_PATH=${CMAKE_PREFIX_PATH}:/home/lxf/桌面/ROS/4.OPP_learn/install/python_pkg:/opt/ros/humble /usr/bin/cmake --install /home/lxf/桌面/ROS/4.OPP_learn/build/cpp_pkg
[0.426s] Level 1:colcon.colcon_core.environment:checking '/home/lxf/桌面/ROS/4.OPP_learn/install/cpp_pkg' for CMake module files
[0.426s] Level 1:colcon.colcon_core.environment:checking '/home/lxf/桌面/ROS/4.OPP_learn/install/cpp_pkg' for CMake config files
[0.426s] Level 1:colcon.colcon_core.shell:create_environment_hook('cpp_pkg', 'cmake_prefix_path')
[0.427s] INFO:colcon.colcon_core.shell:Creating environment hook '/home/lxf/桌面/ROS/4.OPP_learn/install/cpp_pkg/share/cpp_pkg/hook/cmake_prefix_path.ps1'
[0.427s] INFO:colcon.colcon_core.shell:Creating environment descriptor '/home/lxf/桌面/ROS/4.OPP_learn/install/cpp_pkg/share/cpp_pkg/hook/cmake_prefix_path.dsv'
[0.427s] INFO:colcon.colcon_core.shell:Creating environment hook '/home/lxf/桌面/ROS/4.OPP_learn/install/cpp_pkg/share/cpp_pkg/hook/cmake_prefix_path.sh'
[0.428s] Level 1:colcon.colcon_core.environment:checking '/home/lxf/桌面/ROS/4.OPP_learn/install/cpp_pkg/lib'
[0.428s] Level 1:colcon.colcon_core.environment:checking '/home/lxf/桌面/ROS/4.OPP_learn/install/cpp_pkg/bin'
[0.428s] Level 1:colcon.colcon_core.environment:checking '/home/lxf/桌面/ROS/4.OPP_learn/install/cpp_pkg/lib/pkgconfig/cpp_pkg.pc'
[0.428s] Level 1:colcon.colcon_core.environment:checking '/home/lxf/桌面/ROS/4.OPP_learn/install/cpp_pkg/lib/python3.10/site-packages'
[0.428s] Level 1:colcon.colcon_core.environment:checking '/home/lxf/桌面/ROS/4.OPP_learn/install/cpp_pkg/bin'
[0.428s] INFO:colcon.colcon_core.shell:Creating package script '/home/lxf/桌面/ROS/4.OPP_learn/install/cpp_pkg/share/cpp_pkg/package.ps1'
[0.429s] INFO:colcon.colcon_core.shell:Creating package descriptor '/home/lxf/桌面/ROS/4.OPP_learn/install/cpp_pkg/share/cpp_pkg/package.dsv'
[0.429s] INFO:colcon.colcon_core.shell:Creating package script '/home/lxf/桌面/ROS/4.OPP_learn/install/cpp_pkg/share/cpp_pkg/package.sh'
[0.430s] INFO:colcon.colcon_core.shell:Creating package script '/home/lxf/桌面/ROS/4.OPP_learn/install/cpp_pkg/share/cpp_pkg/package.bash'
[0.430s] INFO:colcon.colcon_core.shell:Creating package script '/home/lxf/桌面/ROS/4.OPP_learn/install/cpp_pkg/share/cpp_pkg/package.zsh'
[0.431s] Level 1:colcon.colcon_core.environment:create_file_with_runtime_dependencies(/home/lxf/桌面/ROS/4.OPP_learn/install/cpp_pkg/share/colcon-core/packages/cpp_pkg)
[0.431s] Level 1:colcon.colcon_core.environment:create_environment_scripts_only(cpp_pkg)
[0.431s] Level 1:colcon.colcon_core.environment:checking '/home/lxf/桌面/ROS/4.OPP_learn/install/cpp_pkg' for CMake module files
[0.431s] Level 1:colcon.colcon_core.environment:checking '/home/lxf/桌面/ROS/4.OPP_learn/install/cpp_pkg' for CMake config files
[0.431s] Level 1:colcon.colcon_core.shell:create_environment_hook('cpp_pkg', 'cmake_prefix_path')
[0.432s] INFO:colcon.colcon_core.shell:Creating environment hook '/home/lxf/桌面/ROS/4.OPP_learn/install/cpp_pkg/share/cpp_pkg/hook/cmake_prefix_path.ps1'
[0.432s] INFO:colcon.colcon_core.shell:Creating environment descriptor '/home/lxf/桌面/ROS/4.OPP_learn/install/cpp_pkg/share/cpp_pkg/hook/cmake_prefix_path.dsv'
[0.432s] INFO:colcon.colcon_core.shell:Creating environment hook '/home/lxf/桌面/ROS/4.OPP_learn/install/cpp_pkg/share/cpp_pkg/hook/cmake_prefix_path.sh'
[0.432s] Level 1:colcon.colcon_core.environment:checking '/home/lxf/桌面/ROS/4.OPP_learn/install/cpp_pkg/lib'
[0.432s] Level 1:colcon.colcon_core.environment:checking '/home/lxf/桌面/ROS/4.OPP_learn/install/cpp_pkg/bin'
[0.432s] Level 1:colcon.colcon_core.environment:checking '/home/lxf/桌面/ROS/4.OPP_learn/install/cpp_pkg/lib/pkgconfig/cpp_pkg.pc'
[0.433s] Level 1:colcon.colcon_core.environment:checking '/home/lxf/桌面/ROS/4.OPP_learn/install/cpp_pkg/lib/python3.10/site-packages'
[0.433s] Level 1:colcon.colcon_core.environment:checking '/home/lxf/桌面/ROS/4.OPP_learn/install/cpp_pkg/bin'
[0.433s] INFO:colcon.colcon_core.shell:Creating package script '/home/lxf/桌面/ROS/4.OPP_learn/install/cpp_pkg/share/cpp_pkg/package.ps1'
[0.433s] INFO:colcon.colcon_core.shell:Creating package descriptor '/home/lxf/桌面/ROS/4.OPP_learn/install/cpp_pkg/share/cpp_pkg/package.dsv'
[0.434s] INFO:colcon.colcon_core.shell:Creating package script '/home/lxf/桌面/ROS/4.OPP_learn/install/cpp_pkg/share/cpp_pkg/package.sh'
[0.434s] INFO:colcon.colcon_core.shell:Creating package script '/home/lxf/桌面/ROS/4.OPP_learn/install/cpp_pkg/share/cpp_pkg/package.bash'
[0.434s] INFO:colcon.colcon_core.shell:Creating package script '/home/lxf/桌面/ROS/4.OPP_learn/install/cpp_pkg/share/cpp_pkg/package.zsh'
[0.434s] Level 1:colcon.colcon_core.environment:create_file_with_runtime_dependencies(/home/lxf/桌面/ROS/4.OPP_learn/install/cpp_pkg/share/colcon-core/packages/cpp_pkg)
[0.623s] DEBUG:colcon.colcon_core.event_handler.log_command:Invoking command in '/home/lxf/桌面/ROS/4.OPP_learn/src/python_pkg': PYTHONPATH=/home/lxf/桌面/ROS/4.OPP_learn/build/python_pkg/prefix_override:/usr/lib/python3/dist-packages/colcon_core/task/python/colcon_distutils_commands:/home/lxf/桌面/ROS/4.OPP_learn/install/python_pkg/lib/python3.10/site-packages:${PYTHONPATH} /usr/bin/python3 -W ignore:setup.py install is deprecated -W ignore:easy_install command is deprecated setup.py egg_info --egg-base ../../build/python_pkg build --build-base /home/lxf/桌面/ROS/4.OPP_learn/build/python_pkg/build install --record /home/lxf/桌面/ROS/4.OPP_learn/build/python_pkg/install.log --single-version-externally-managed install_data
[0.803s] Level 1:colcon.colcon_core.environment:checking '/home/lxf/桌面/ROS/4.OPP_learn/install/python_pkg' for CMake module files
[0.803s] DEBUG:colcon.colcon_core.event_handler.log_command:Invoked command in '/home/lxf/桌面/ROS/4.OPP_learn/src/python_pkg' returned '0': PYTHONPATH=/home/lxf/桌面/ROS/4.OPP_learn/build/python_pkg/prefix_override:/usr/lib/python3/dist-packages/colcon_core/task/python/colcon_distutils_commands:/home/lxf/桌面/ROS/4.OPP_learn/install/python_pkg/lib/python3.10/site-packages:${PYTHONPATH} /usr/bin/python3 -W ignore:setup.py install is deprecated -W ignore:easy_install command is deprecated setup.py egg_info --egg-base ../../build/python_pkg build --build-base /home/lxf/桌面/ROS/4.OPP_learn/build/python_pkg/build install --record /home/lxf/桌面/ROS/4.OPP_learn/build/python_pkg/install.log --single-version-externally-managed install_data
[0.803s] Level 1:colcon.colcon_core.environment:checking '/home/lxf/桌面/ROS/4.OPP_learn/install/python_pkg' for CMake config files
[0.804s] Level 1:colcon.colcon_core.environment:checking '/home/lxf/桌面/ROS/4.OPP_learn/install/python_pkg/lib'
[0.804s] Level 1:colcon.colcon_core.environment:checking '/home/lxf/桌面/ROS/4.OPP_learn/install/python_pkg/bin'
[0.804s] Level 1:colcon.colcon_core.environment:checking '/home/lxf/桌面/ROS/4.OPP_learn/install/python_pkg/lib/pkgconfig/python_pkg.pc'
[0.804s] Level 1:colcon.colcon_core.environment:checking '/home/lxf/桌面/ROS/4.OPP_learn/install/python_pkg/lib/python3.10/site-packages'
[0.804s] Level 1:colcon.colcon_core.shell:create_environment_hook('python_pkg', 'pythonpath')
[0.804s] INFO:colcon.colcon_core.shell:Creating environment hook '/home/lxf/桌面/ROS/4.OPP_learn/install/python_pkg/share/python_pkg/hook/pythonpath.ps1'
[0.805s] INFO:colcon.colcon_core.shell:Creating environment descriptor '/home/lxf/桌面/ROS/4.OPP_learn/install/python_pkg/share/python_pkg/hook/pythonpath.dsv'
[0.805s] INFO:colcon.colcon_core.shell:Creating environment hook '/home/lxf/桌面/ROS/4.OPP_learn/install/python_pkg/share/python_pkg/hook/pythonpath.sh'
[0.805s] Level 1:colcon.colcon_core.environment:checking '/home/lxf/桌面/ROS/4.OPP_learn/install/python_pkg/bin'
[0.805s] Level 1:colcon.colcon_core.environment:create_environment_scripts_only(python_pkg)
[0.805s] INFO:colcon.colcon_core.shell:Creating package script '/home/lxf/桌面/ROS/4.OPP_learn/install/python_pkg/share/python_pkg/package.ps1'
[0.806s] INFO:colcon.colcon_core.shell:Creating package descriptor '/home/lxf/桌面/ROS/4.OPP_learn/install/python_pkg/share/python_pkg/package.dsv'
[0.806s] INFO:colcon.colcon_core.shell:Creating package script '/home/lxf/桌面/ROS/4.OPP_learn/install/python_pkg/share/python_pkg/package.sh'
[0.806s] INFO:colcon.colcon_core.shell:Creating package script '/home/lxf/桌面/ROS/4.OPP_learn/install/python_pkg/share/python_pkg/package.bash'
[0.807s] INFO:colcon.colcon_core.shell:Creating package script '/home/lxf/桌面/ROS/4.OPP_learn/install/python_pkg/share/python_pkg/package.zsh'
[0.807s] Level 1:colcon.colcon_core.environment:create_file_with_runtime_dependencies(/home/lxf/桌面/ROS/4.OPP_learn/install/python_pkg/share/colcon-core/packages/python_pkg)
[0.807s] DEBUG:colcon.colcon_parallel_executor.executor.parallel:closing loop
[0.807s] DEBUG:colcon.colcon_parallel_executor.executor.parallel:loop closed
[0.807s] DEBUG:colcon.colcon_parallel_executor.executor.parallel:run_until_complete finished with '0'
[0.807s] DEBUG:colcon.colcon_core.event_reactor:joining thread
[0.811s] INFO:colcon.colcon_core.plugin_system:Skipping extension 'colcon_notification.desktop_notification.terminal_notifier': Not used on non-Darwin systems
[0.811s] INFO:colcon.colcon_core.plugin_system:Skipping extension 'colcon_notification.desktop_notification.win32': Not used on non-Windows systems
[0.811s] INFO:colcon.colcon_notification.desktop_notification:Sending desktop notification using 'notify2'
[0.823s] DEBUG:colcon.colcon_core.event_reactor:joined thread
[0.824s] INFO:colcon.colcon_core.shell:Creating prefix script '/home/lxf/桌面/ROS/4.OPP_learn/install/local_setup.ps1'
[0.825s] INFO:colcon.colcon_core.shell:Creating prefix util module '/home/lxf/桌面/ROS/4.OPP_learn/install/_local_setup_util_ps1.py'
[0.826s] INFO:colcon.colcon_core.shell:Creating prefix chain script '/home/lxf/桌面/ROS/4.OPP_learn/install/setup.ps1'
[0.826s] INFO:colcon.colcon_core.shell:Creating prefix script '/home/lxf/桌面/ROS/4.OPP_learn/install/local_setup.sh'
[0.827s] INFO:colcon.colcon_core.shell:Creating prefix util module '/home/lxf/桌面/ROS/4.OPP_learn/install/_local_setup_util_sh.py'
[0.827s] INFO:colcon.colcon_core.shell:Creating prefix chain script '/home/lxf/桌面/ROS/4.OPP_learn/install/setup.sh'
[0.828s] INFO:colcon.colcon_core.shell:Creating prefix script '/home/lxf/桌面/ROS/4.OPP_learn/install/local_setup.bash'
[0.828s] INFO:colcon.colcon_core.shell:Creating prefix chain script '/home/lxf/桌面/ROS/4.OPP_learn/install/setup.bash'
[0.829s] INFO:colcon.colcon_core.shell:Creating prefix script '/home/lxf/桌面/ROS/4.OPP_learn/install/local_setup.zsh'
[0.829s] INFO:colcon.colcon_core.shell:Creating prefix chain script '/home/lxf/桌面/ROS/4.OPP_learn/install/setup.zsh'
