[0.009s] Invoking command in '/home/lxf/桌面/ROS/4.OPP_learn/build/cpp_pkg': CMAKE_PREFIX_PATH=/opt/ros/humble /usr/bin/cmake --build /home/lxf/桌面/ROS/4.OPP_learn/build/cpp_pkg -- -j16 -l16
[0.028s] -- Found ament_cmake: 1.3.12 (/opt/ros/humble/share/ament_cmake/cmake)
[0.135s] -- Found rclcpp: 16.0.15 (/opt/ros/humble/share/rclcpp/cmake)
[0.172s] -- Found rosidl_generator_c: 3.1.7 (/opt/ros/humble/share/rosidl_generator_c/cmake)
[0.174s] -- Found rosidl_adapter: 3.1.7 (/opt/ros/humble/share/rosidl_adapter/cmake)
[0.179s] -- Found rosidl_generator_cpp: 3.1.7 (/opt/ros/humble/share/rosidl_generator_cpp/cmake)
[0.186s] -- Using all available rosidl_typesupport_c: rosidl_typesupport_fastrtps_c;rosidl_typesupport_introspection_c
[0.196s] -- Using all available rosidl_typesupport_cpp: rosidl_typesupport_fastrtps_cpp;rosidl_typesupport_introspection_cpp
[0.222s] -- Found rmw_implementation_cmake: 6.1.2 (/opt/ros/humble/share/rmw_implementation_cmake/cmake)
[0.223s] -- Found rmw_fastrtps_cpp: 6.2.9 (/opt/ros/humble/share/rmw_fastrtps_cpp/cmake)
[0.292s] -- Using RMW implementation 'rmw_fastrtps_cpp' as default
[0.336s] -- Found ament_lint_auto: 0.12.14 (/opt/ros/humble/share/ament_lint_auto/cmake)
[0.400s] -- Added test 'cppcheck' to perform static code analysis on C / C++ code
[0.400s] -- Configured cppcheck include dirs: 
[0.400s] -- Configured cppcheck exclude dirs and/or files: 
[0.400s] -- Added test 'lint_cmake' to check CMake code style
[0.401s] -- Added test 'uncrustify' to check C / C++ code style
[0.401s] -- Configured uncrustify additional arguments: 
[0.401s] -- Added test 'xmllint' to check XML markup files
[0.402s] -- Configuring done
[0.410s] -- Generating done
[0.414s] -- Build files have been written to: /home/lxf/桌面/ROS/4.OPP_learn/build/cpp_pkg
[0.437s] [35m[1mConsolidate compiler generated dependencies of target cpp_node[0m
[0.439s] [ 25%] [32mBuilding CXX object CMakeFiles/person_node.dir/src/person_node.cpp.o[0m
[0.455s] [ 75%] Built target cpp_node
[2.041s] In file included from [01m[K/usr/include/x86_64-linux-gnu/c++/11/bits/c++allocator.h:33[m[K,
[2.041s]                  from [01m[K/usr/include/c++/11/bits/allocator.h:46[m[K,
[2.041s]                  from [01m[K/usr/include/c++/11/string:41[m[K,
[2.041s]                  from [01m[K/home/lxf/桌面/ROS/4.OPP_learn/src/cpp_pkg/src/person_node.cpp:1[m[K:
[2.041s] /usr/include/c++/11/ext/new_allocator.h: In instantiation of ‘[01m[Kvoid __gnu_cxx::new_allocator<_Tp>::construct(_Up*, _Args&& ...) [with _Up = PersonNode; _Args = {const char (&)[11], const char (&)[4], const char (&)[3]}; _Tp = PersonNode][m[K’:
[2.041s] [01m[K/usr/include/c++/11/bits/alloc_traits.h:516:17:[m[K   required from ‘[01m[Kstatic void std::allocator_traits<std::allocator<_CharT> >::construct(std::allocator_traits<std::allocator<_CharT> >::allocator_type&, _Up*, _Args&& ...) [with _Up = PersonNode; _Args = {const char (&)[11], const char (&)[4], const char (&)[3]}; _Tp = PersonNode; std::allocator_traits<std::allocator<_CharT> >::allocator_type = std::allocator<PersonNode>][m[K’
[2.041s] [01m[K/usr/include/c++/11/bits/shared_ptr_base.h:519:39:[m[K   required from ‘[01m[Kstd::_Sp_counted_ptr_inplace<_Tp, _Alloc, _Lp>::_Sp_counted_ptr_inplace(_Alloc, _Args&& ...) [with _Args = {const char (&)[11], const char (&)[4], const char (&)[3]}; _Tp = PersonNode; _Alloc = std::allocator<PersonNode>; __gnu_cxx::_Lock_policy _Lp = __gnu_cxx::_S_atomic][m[K’
[2.042s] [01m[K/usr/include/c++/11/bits/shared_ptr_base.h:650:16:[m[K   required from ‘[01m[Kstd::__shared_count<_Lp>::__shared_count(_Tp*&, std::_Sp_alloc_shared_tag<_Alloc>, _Args&& ...) [with _Tp = PersonNode; _Alloc = std::allocator<PersonNode>; _Args = {const char (&)[11], const char (&)[4], const char (&)[3]}; __gnu_cxx::_Lock_policy _Lp = __gnu_cxx::_S_atomic][m[K’
[2.042s] [01m[K/usr/include/c++/11/bits/shared_ptr_base.h:1342:14:[m[K   required from ‘[01m[Kstd::__shared_ptr<_Tp, _Lp>::__shared_ptr(std::_Sp_alloc_shared_tag<_Tp>, _Args&& ...) [with _Alloc = std::allocator<PersonNode>; _Args = {const char (&)[11], const char (&)[4], const char (&)[3]}; _Tp = PersonNode; __gnu_cxx::_Lock_policy _Lp = __gnu_cxx::_S_atomic][m[K’
[2.042s] [01m[K/usr/include/c++/11/bits/shared_ptr.h:409:59:[m[K   required from ‘[01m[Kstd::shared_ptr<_Tp>::shared_ptr(std::_Sp_alloc_shared_tag<_Tp>, _Args&& ...) [with _Alloc = std::allocator<PersonNode>; _Args = {const char (&)[11], const char (&)[4], const char (&)[3]}; _Tp = PersonNode][m[K’
[2.042s] [01m[K/usr/include/c++/11/bits/shared_ptr.h:862:14:[m[K   required from ‘[01m[Kstd::shared_ptr<_Tp> std::allocate_shared(const _Alloc&, _Args&& ...) [with _Tp = PersonNode; _Alloc = std::allocator<PersonNode>; _Args = {const char (&)[11], const char (&)[4], const char (&)[3]}][m[K’
[2.042s] [01m[K/usr/include/c++/11/bits/shared_ptr.h:878:39:[m[K   required from ‘[01m[Kstd::shared_ptr<_Tp> std::make_shared(_Args&& ...) [with _Tp = PersonNode; _Args = {const char (&)[11], const char (&)[4], const char (&)[3]}][m[K’
[2.042s] [01m[K/home/lxf/桌面/ROS/4.OPP_learn/src/cpp_pkg/src/person_node.cpp:25:43:[m[K   required from here
[2.042s] [01m[K/usr/include/c++/11/ext/new_allocator.h:162:11:[m[K [01;31m[Kerror: [m[Kinvalid conversion from ‘[01m[Kconst char*[m[K’ to ‘[01m[Kint[m[K’ [[01;31m[K]8;;https://gcc.gnu.org/onlinedocs/gcc/Warning-Options.html#index-fpermissive-fpermissive]8;;[m[K]
[2.042s]   162 |         { [01;31m[K::new((void *)__p) _Up(std::forward<_Args>(__args)...)[m[K; }
[2.042s]       |           [01;31m[K^~~~~~~~~~~~~~~~~~~~~~~~~~~~~~~~~~~~~~~~~~~~~~~~~~~~~~[m[K
[2.042s]       |           [01;31m[K|[m[K
[2.042s]       |           [01;31m[Kconst char*[m[K
[2.042s] [01m[K/home/lxf/桌面/ROS/4.OPP_learn/src/cpp_pkg/src/person_node.cpp:11:82:[m[K [01;36m[Knote: [m[K  initializing argument 3 of ‘[01m[KPersonNode::PersonNode(const string&, const string&, const int&)[m[K’
[2.042s]    11 |     PersonNode(const std::string &node_name, const std::string &name, [01;36m[Kconst int &age[m[K)
[2.042s]       |                                                                       [01;36m[K~~~~~~~~~~~^~~[m[K
[2.085s] gmake[2]: *** [CMakeFiles/person_node.dir/build.make:76：CMakeFiles/person_node.dir/src/person_node.cpp.o] 错误 1
[2.085s] gmake[1]: *** [CMakeFiles/Makefile2:165：CMakeFiles/person_node.dir/all] 错误 2
[2.085s] gmake: *** [Makefile:146：all] 错误 2
[2.087s] Invoked command in '/home/lxf/桌面/ROS/4.OPP_learn/build/cpp_pkg' returned '2': CMAKE_PREFIX_PATH=/opt/ros/humble /usr/bin/cmake --build /home/lxf/桌面/ROS/4.OPP_learn/build/cpp_pkg -- -j16 -l16
