[0.035s] Invoking command in '/home/lxf/æ¡Œé¢/ROS/4.OPP_learn/build/cpp_pkg': CMAKE_PREFIX_PATH=${CMAKE_PREFIX_PATH}:/home/lxf/æ¡Œé¢/ROS/4.OPP_learn/install/python_pkg:/opt/ros/humble /usr/bin/cmake --build /home/lxf/æ¡Œé¢/ROS/4.OPP_learn/build/cpp_pkg -- -j16 -l16
[0.186s] [35m[1mConsolidate compiler generated dependencies of target cpp_node[0m
[0.197s] [100%] Built target cpp_node
[0.237s] Invoked command in '/home/lxf/æ¡Œé¢/ROS/4.OPP_learn/build/cpp_pkg' returned '0': CMAKE_PREFIX_PATH=${CMAKE_PREFIX_PATH}:/home/lxf/æ¡Œé¢/ROS/4.OPP_learn/install/python_pkg:/opt/ros/humble /usr/bin/cmake --build /home/lxf/æ¡Œé¢/ROS/4.OPP_learn/build/cpp_pkg -- -j16 -l16
[0.248s] Invoking command in '/home/lxf/æ¡Œé¢/ROS/4.OPP_learn/build/cpp_pkg': CMAKE_PREFIX_PATH=${CMAKE_PREFIX_PATH}:/home/lxf/æ¡Œé¢/ROS/4.OPP_learn/install/python_pkg:/opt/ros/humble /usr/bin/cmake --install /home/lxf/æ¡Œé¢/ROS/4.OPP_learn/build/cpp_pkg
[0.258s] -- Install configuration: ""
[0.266s] -- Up-to-date: /home/lxf/æ¡Œé¢/ROS/4.OPP_learn/install/cpp_pkg/lib/&{PROJECT_NAME}/cpp_node
[0.266s] -- Up-to-date: /home/lxf/æ¡Œé¢/ROS/4.OPP_learn/install/cpp_pkg/share/ament_index/resource_index/package_run_dependencies/cpp_pkg
[0.266s] -- Up-to-date: /home/lxf/æ¡Œé¢/ROS/4.OPP_learn/install/cpp_pkg/share/ament_index/resource_index/parent_prefix_path/cpp_pkg
[0.266s] -- Up-to-date: /home/lxf/æ¡Œé¢/ROS/4.OPP_learn/install/cpp_pkg/share/cpp_pkg/environment/ament_prefix_path.sh
[0.266s] -- Up-to-date: /home/lxf/æ¡Œé¢/ROS/4.OPP_learn/install/cpp_pkg/share/cpp_pkg/environment/ament_prefix_path.dsv
[0.266s] -- Up-to-date: /home/lxf/æ¡Œé¢/ROS/4.OPP_learn/install/cpp_pkg/share/cpp_pkg/environment/path.sh
[0.267s] -- Up-to-date: /home/lxf/æ¡Œé¢/ROS/4.OPP_learn/install/cpp_pkg/share/cpp_pkg/environment/path.dsv
[0.267s] -- Up-to-date: /home/lxf/æ¡Œé¢/ROS/4.OPP_learn/install/cpp_pkg/share/cpp_pkg/local_setup.bash
[0.267s] -- Up-to-date: /home/lxf/æ¡Œé¢/ROS/4.OPP_learn/install/cpp_pkg/share/cpp_pkg/local_setup.sh
[0.267s] -- Up-to-date: /home/lxf/æ¡Œé¢/ROS/4.OPP_learn/install/cpp_pkg/share/cpp_pkg/local_setup.zsh
[0.267s] -- Up-to-date: /home/lxf/æ¡Œé¢/ROS/4.OPP_learn/install/cpp_pkg/share/cpp_pkg/local_setup.dsv
[0.267s] -- Installing: /home/lxf/æ¡Œé¢/ROS/4.OPP_learn/install/cpp_pkg/share/cpp_pkg/package.dsv
[0.267s] -- Up-to-date: /home/lxf/æ¡Œé¢/ROS/4.OPP_learn/install/cpp_pkg/share/ament_index/resource_index/packages/cpp_pkg
[0.267s] -- Up-to-date: /home/lxf/æ¡Œé¢/ROS/4.OPP_learn/install/cpp_pkg/share/cpp_pkg/cmake/cpp_pkgConfig.cmake
[0.267s] -- Up-to-date: /home/lxf/æ¡Œé¢/ROS/4.OPP_learn/install/cpp_pkg/share/cpp_pkg/cmake/cpp_pkgConfig-version.cmake
[0.267s] -- Up-to-date: /home/lxf/æ¡Œé¢/ROS/4.OPP_learn/install/cpp_pkg/share/cpp_pkg/package.xml
[0.268s] Invoked command in '/home/lxf/æ¡Œé¢/ROS/4.OPP_learn/build/cpp_pkg' returned '0': CMAKE_PREFIX_PATH=${CMAKE_PREFIX_PATH}:/home/lxf/æ¡Œé¢/ROS/4.OPP_learn/install/python_pkg:/opt/ros/humble /usr/bin/cmake --install /home/lxf/æ¡Œé¢/ROS/4.OPP_learn/build/cpp_pkg
