[0.010s] Invoking command in '/home/lxf/桌面/ROS/6.Thread/build/cpp_pkg': CMAKE_PREFIX_PATH=/opt/ros/humble /usr/bin/cmake --build /home/lxf/桌面/ROS/6.Thread/build/cpp_pkg -- -j16 -l16
[0.022s] [0mCMake Deprecation Warning at CMakeLists.txt:1 (cmake_minimum_required):
[0.022s]   Compatibility with CMake < 3.10 will be removed from a future version of
[0.022s]   CMake.
[0.022s] 
[0.022s]   Update the VERSION argument <min> value.  Or, use the <min>...<max> syntax
[0.022s]   to tell CMake that the project requires at least <min> but has been updated
[0.022s]   to work with policies introduced by <max> or earlier.
[0.022s] 
[0.022s] [0m
[0.027s] -- Found ament_cmake: 1.3.12 (/opt/ros/humble/share/ament_cmake/cmake)
[0.170s] -- Found rclcpp: 16.0.15 (/opt/ros/humble/share/rclcpp/cmake)
[0.191s] -- Found rosidl_generator_c: 3.1.7 (/opt/ros/humble/share/rosidl_generator_c/cmake)
[0.193s] -- Found rosidl_adapter: 3.1.7 (/opt/ros/humble/share/rosidl_adapter/cmake)
[0.197s] -- Found rosidl_generator_cpp: 3.1.7 (/opt/ros/humble/share/rosidl_generator_cpp/cmake)
[0.204s] -- Using all available rosidl_typesupport_c: rosidl_typesupport_fastrtps_c;rosidl_typesupport_introspection_c
[0.214s] -- Using all available rosidl_typesupport_cpp: rosidl_typesupport_fastrtps_cpp;rosidl_typesupport_introspection_cpp
[0.241s] -- Found rmw_implementation_cmake: 6.1.2 (/opt/ros/humble/share/rmw_implementation_cmake/cmake)
[0.243s] -- Found rmw_fastrtps_cpp: 6.2.9 (/opt/ros/humble/share/rmw_fastrtps_cpp/cmake)
[0.322s] -- Using RMW implementation 'rmw_fastrtps_cpp' as default
[0.374s] [31mCMake Error at CMakeLists.txt:11 (find_package):
[0.374s]   By not providing "Findcpp-httplib.cmake" in CMAKE_MODULE_PATH this project
[0.374s]   has asked CMake to find a package configuration file provided by
[0.374s]   "cpp-httplib", but CMake did not find one.
[0.374s] 
[0.374s]   Could not find a package configuration file provided by "cpp-httplib" with
[0.374s]   any of the following names:
[0.375s] 
[0.375s]     cpp-httplibConfig.cmake
[0.375s]     cpp-httplib-config.cmake
[0.375s] 
[0.375s]   Add the installation prefix of "cpp-httplib" to CMAKE_PREFIX_PATH or set
[0.375s]   "cpp-httplib_DIR" to a directory containing one of the above files.  If
[0.375s]   "cpp-httplib" provides a separate development package or SDK, be sure it
[0.375s]   has been installed.
[0.375s] 
[0.375s] [0m
[0.375s] -- Configuring incomplete, errors occurred!
[0.379s] gmake: *** [Makefile:513：cmake_check_build_system] 错误 1
[0.383s] Invoked command in '/home/lxf/桌面/ROS/6.Thread/build/cpp_pkg' returned '2': CMAKE_PREFIX_PATH=/opt/ros/humble /usr/bin/cmake --build /home/lxf/桌面/ROS/6.Thread/build/cpp_pkg -- -j16 -l16
