[0.009s] Invoking command in '/home/lxf/桌面/ROS/4.OPP_learn/build/cpp_pkg': CMAKE_PREFIX_PATH=/home/lxf/桌面/ROS/4.OPP_learn/install/python_pkg:/opt/ros/humble /usr/bin/cmake /home/lxf/桌面/ROS/4.OPP_learn/src/cpp_pkg -DCMAKE_INSTALL_PREFIX=/home/lxf/桌面/ROS/4.OPP_learn/install/cpp_pkg
[0.020s] -- Found ament_cmake: 1.3.12 (/opt/ros/humble/share/ament_cmake/cmake)
[0.105s] -- Found rclcpp: 16.0.15 (/opt/ros/humble/share/rclcpp/cmake)
[0.123s] -- Found rosidl_generator_c: 3.1.7 (/opt/ros/humble/share/rosidl_generator_c/cmake)
[0.125s] -- Found rosidl_adapter: 3.1.7 (/opt/ros/humble/share/rosidl_adapter/cmake)
[0.128s] -- Found rosidl_generator_cpp: 3.1.7 (/opt/ros/humble/share/rosidl_generator_cpp/cmake)
[0.134s] -- Using all available rosidl_typesupport_c: rosidl_typesupport_fastrtps_c;rosidl_typesupport_introspection_c
[0.142s] -- Using all available rosidl_typesupport_cpp: rosidl_typesupport_fastrtps_cpp;rosidl_typesupport_introspection_cpp
[0.162s] -- Found rmw_implementation_cmake: 6.1.2 (/opt/ros/humble/share/rmw_implementation_cmake/cmake)
[0.163s] -- Found rmw_fastrtps_cpp: 6.2.9 (/opt/ros/humble/share/rmw_fastrtps_cpp/cmake)
[0.234s] -- Using RMW implementation 'rmw_fastrtps_cpp' as default
[0.266s] -- Found ament_lint_auto: 0.12.14 (/opt/ros/humble/share/ament_lint_auto/cmake)
[0.326s] -- Added test 'cppcheck' to perform static code analysis on C / C++ code
[0.326s] -- Configured cppcheck include dirs: 
[0.326s] -- Configured cppcheck exclude dirs and/or files: 
[0.327s] -- Added test 'lint_cmake' to check CMake code style
[0.327s] -- Added test 'uncrustify' to check C / C++ code style
[0.327s] -- Configured uncrustify additional arguments: 
[0.328s] -- Added test 'xmllint' to check XML markup files
[0.329s] -- Configuring done
[0.333s] -- Generating done
[0.335s] -- Build files have been written to: /home/lxf/桌面/ROS/4.OPP_learn/build/cpp_pkg
[0.340s] Invoked command in '/home/lxf/桌面/ROS/4.OPP_learn/build/cpp_pkg' returned '0': CMAKE_PREFIX_PATH=/home/lxf/桌面/ROS/4.OPP_learn/install/python_pkg:/opt/ros/humble /usr/bin/cmake /home/lxf/桌面/ROS/4.OPP_learn/src/cpp_pkg -DCMAKE_INSTALL_PREFIX=/home/lxf/桌面/ROS/4.OPP_learn/install/cpp_pkg
[0.342s] Invoking command in '/home/lxf/桌面/ROS/4.OPP_learn/build/cpp_pkg': CMAKE_PREFIX_PATH=/home/lxf/桌面/ROS/4.OPP_learn/install/python_pkg:/opt/ros/humble /usr/bin/cmake --build /home/lxf/桌面/ROS/4.OPP_learn/build/cpp_pkg -- -j16 -l16
[0.381s] [ 50%] [32mBuilding CXX object CMakeFiles/cpp_node.dir/src/cpp_node.cpp.o[0m
[2.071s] [100%] [32m[1mLinking CXX executable cpp_node[0m
[2.167s] [100%] Built target cpp_node
[2.178s] Invoked command in '/home/lxf/桌面/ROS/4.OPP_learn/build/cpp_pkg' returned '0': CMAKE_PREFIX_PATH=/home/lxf/桌面/ROS/4.OPP_learn/install/python_pkg:/opt/ros/humble /usr/bin/cmake --build /home/lxf/桌面/ROS/4.OPP_learn/build/cpp_pkg -- -j16 -l16
[2.190s] Invoking command in '/home/lxf/桌面/ROS/4.OPP_learn/build/cpp_pkg': CMAKE_PREFIX_PATH=/home/lxf/桌面/ROS/4.OPP_learn/install/python_pkg:/opt/ros/humble /usr/bin/cmake --install /home/lxf/桌面/ROS/4.OPP_learn/build/cpp_pkg
[2.197s] -- Install configuration: ""
[2.197s] -- Installing: /home/lxf/桌面/ROS/4.OPP_learn/install/cpp_pkg/lib/&{PROJECT_NAME}/cpp_node
[2.197s] -- Set runtime path of "/home/lxf/桌面/ROS/4.OPP_learn/install/cpp_pkg/lib/&{PROJECT_NAME}/cpp_node" to ""
[2.198s] -- Installing: /home/lxf/桌面/ROS/4.OPP_learn/install/cpp_pkg/share/ament_index/resource_index/package_run_dependencies/cpp_pkg
[2.198s] -- Installing: /home/lxf/桌面/ROS/4.OPP_learn/install/cpp_pkg/share/ament_index/resource_index/parent_prefix_path/cpp_pkg
[2.198s] -- Installing: /home/lxf/桌面/ROS/4.OPP_learn/install/cpp_pkg/share/cpp_pkg/environment/ament_prefix_path.sh
[2.198s] -- Installing: /home/lxf/桌面/ROS/4.OPP_learn/install/cpp_pkg/share/cpp_pkg/environment/ament_prefix_path.dsv
[2.198s] -- Installing: /home/lxf/桌面/ROS/4.OPP_learn/install/cpp_pkg/share/cpp_pkg/environment/path.sh
[2.198s] -- Installing: /home/lxf/桌面/ROS/4.OPP_learn/install/cpp_pkg/share/cpp_pkg/environment/path.dsv
[2.198s] -- Installing: /home/lxf/桌面/ROS/4.OPP_learn/install/cpp_pkg/share/cpp_pkg/local_setup.bash
[2.198s] -- Installing: /home/lxf/桌面/ROS/4.OPP_learn/install/cpp_pkg/share/cpp_pkg/local_setup.sh
[2.198s] -- Installing: /home/lxf/桌面/ROS/4.OPP_learn/install/cpp_pkg/share/cpp_pkg/local_setup.zsh
[2.198s] -- Installing: /home/lxf/桌面/ROS/4.OPP_learn/install/cpp_pkg/share/cpp_pkg/local_setup.dsv
[2.199s] -- Installing: /home/lxf/桌面/ROS/4.OPP_learn/install/cpp_pkg/share/cpp_pkg/package.dsv
[2.199s] -- Installing: /home/lxf/桌面/ROS/4.OPP_learn/install/cpp_pkg/share/ament_index/resource_index/packages/cpp_pkg
[2.199s] -- Installing: /home/lxf/桌面/ROS/4.OPP_learn/install/cpp_pkg/share/cpp_pkg/cmake/cpp_pkgConfig.cmake
[2.199s] -- Installing: /home/lxf/桌面/ROS/4.OPP_learn/install/cpp_pkg/share/cpp_pkg/cmake/cpp_pkgConfig-version.cmake
[2.199s] -- Installing: /home/lxf/桌面/ROS/4.OPP_learn/install/cpp_pkg/share/cpp_pkg/package.xml
[2.201s] Invoked command in '/home/lxf/桌面/ROS/4.OPP_learn/build/cpp_pkg' returned '0': CMAKE_PREFIX_PATH=/home/lxf/桌面/ROS/4.OPP_learn/install/python_pkg:/opt/ros/humble /usr/bin/cmake --install /home/lxf/桌面/ROS/4.OPP_learn/build/cpp_pkg
