[1.723s] DEBUG:colcon:Command line arguments: ['/usr/bin/colcon', 'build']
[1.724s] DEBUG:colcon:Parsed command line arguments: Namespace(log_base=None, log_level=None, verb_name='build', build_base='build', install_base='install', merge_install=False, symlink_install=False, test_result_base=None, continue_on_error=False, executor='parallel', parallel_workers=16, event_handlers=None, ignore_user_meta=False, metas=['./colcon.meta'], base_paths=['.'], packages_ignore=None, packages_ignore_regex=None, paths=None, packages_up_to=None, packages_up_to_regex=None, packages_above=None, packages_above_and_dependencies=None, packages_above_depth=None, packages_select_by_dep=None, packages_skip_by_dep=None, packages_skip_up_to=None, packages_select_build_failed=False, packages_skip_build_finished=False, packages_select_test_failures=False, packages_skip_test_passed=False, packages_select=None, packages_skip=None, packages_select_regex=None, packages_skip_regex=None, packages_start=None, packages_end=None, allow_overriding=[], cmake_args=None, cmake_target=None, cmake_target_skip_unavailable=False, cmake_clean_cache=False, cmake_clean_first=False, cmake_force_configure=False, ament_cmake_args=None, catkin_cmake_args=None, catkin_skip_building_tests=False, verb_parser=<colcon_defaults.argument_parser.defaults.DefaultArgumentsDecorator object at 0x74a284ce80a0>, verb_extension=<colcon_core.verb.build.BuildVerb object at 0x74a284e65b70>, main=<bound method BuildVerb.main of <colcon_core.verb.build.BuildVerb object at 0x74a284e65b70>>)
[2.794s] Level 1:colcon.colcon_core.package_discovery:discover_packages(colcon_meta) check parameters
[2.795s] Level 1:colcon.colcon_core.package_discovery:discover_packages(recursive) check parameters
[2.795s] Level 1:colcon.colcon_core.package_discovery:discover_packages(ignore) check parameters
[2.795s] Level 1:colcon.colcon_core.package_discovery:discover_packages(path) check parameters
[2.795s] Level 1:colcon.colcon_core.package_discovery:discover_packages(colcon_meta) discover
[2.795s] Level 1:colcon.colcon_core.package_discovery:discover_packages(recursive) discover
[2.795s] INFO:colcon.colcon_core.package_discovery:Crawling recursively for packages in '/home/lxf/桌面/ROS/6.Thread'
[2.795s] Level 1:colcon.colcon_core.package_identification:_identify(.) by extensions ['ignore', 'ignore_ament_install']
[2.796s] Level 1:colcon.colcon_core.package_identification:_identify(.) by extension 'ignore'
[2.796s] Level 1:colcon.colcon_core.package_identification:_identify(.) by extension 'ignore_ament_install'
[2.796s] Level 1:colcon.colcon_core.package_identification:_identify(.) by extensions ['colcon_pkg']
[2.796s] Level 1:colcon.colcon_core.package_identification:_identify(.) by extension 'colcon_pkg'
[2.796s] Level 1:colcon.colcon_core.package_identification:_identify(.) by extensions ['colcon_meta']
[2.796s] Level 1:colcon.colcon_core.package_identification:_identify(.) by extension 'colcon_meta'
[2.796s] Level 1:colcon.colcon_core.package_identification:_identify(.) by extensions ['ros']
[2.796s] Level 1:colcon.colcon_core.package_identification:_identify(.) by extension 'ros'
[2.857s] Level 1:colcon.colcon_core.package_identification:_identify(.) by extensions ['cmake', 'python']
[2.857s] Level 1:colcon.colcon_core.package_identification:_identify(.) by extension 'cmake'
[2.857s] Level 1:colcon.colcon_core.package_identification:_identify(.) by extension 'python'
[2.857s] Level 1:colcon.colcon_core.package_identification:_identify(.) by extensions ['python_setup_py']
[2.857s] Level 1:colcon.colcon_core.package_identification:_identify(.) by extension 'python_setup_py'
[2.857s] Level 1:colcon.colcon_core.package_identification:_identify(build) by extensions ['ignore', 'ignore_ament_install']
[2.857s] Level 1:colcon.colcon_core.package_identification:_identify(build) by extension 'ignore'
[2.857s] Level 1:colcon.colcon_core.package_identification:_identify(build) ignored
[2.857s] Level 1:colcon.colcon_core.package_identification:_identify(install) by extensions ['ignore', 'ignore_ament_install']
[2.857s] Level 1:colcon.colcon_core.package_identification:_identify(install) by extension 'ignore'
[2.857s] Level 1:colcon.colcon_core.package_identification:_identify(install) ignored
[2.857s] Level 1:colcon.colcon_core.package_identification:_identify(log) by extensions ['ignore', 'ignore_ament_install']
[2.857s] Level 1:colcon.colcon_core.package_identification:_identify(log) by extension 'ignore'
[2.857s] Level 1:colcon.colcon_core.package_identification:_identify(log) ignored
[2.858s] Level 1:colcon.colcon_core.package_identification:_identify(src) by extensions ['ignore', 'ignore_ament_install']
[2.858s] Level 1:colcon.colcon_core.package_identification:_identify(src) by extension 'ignore'
[2.858s] Level 1:colcon.colcon_core.package_identification:_identify(src) by extension 'ignore_ament_install'
[2.858s] Level 1:colcon.colcon_core.package_identification:_identify(src) by extensions ['colcon_pkg']
[2.858s] Level 1:colcon.colcon_core.package_identification:_identify(src) by extension 'colcon_pkg'
[2.858s] Level 1:colcon.colcon_core.package_identification:_identify(src) by extensions ['colcon_meta']
[2.858s] Level 1:colcon.colcon_core.package_identification:_identify(src) by extension 'colcon_meta'
[2.858s] Level 1:colcon.colcon_core.package_identification:_identify(src) by extensions ['ros']
[2.858s] Level 1:colcon.colcon_core.package_identification:_identify(src) by extension 'ros'
[2.858s] Level 1:colcon.colcon_core.package_identification:_identify(src) by extensions ['cmake', 'python']
[2.858s] Level 1:colcon.colcon_core.package_identification:_identify(src) by extension 'cmake'
[2.858s] Level 1:colcon.colcon_core.package_identification:_identify(src) by extension 'python'
[2.858s] Level 1:colcon.colcon_core.package_identification:_identify(src) by extensions ['python_setup_py']
[2.858s] Level 1:colcon.colcon_core.package_identification:_identify(src) by extension 'python_setup_py'
[2.858s] Level 1:colcon.colcon_core.package_identification:_identify(src/cpp_pkg) by extensions ['ignore', 'ignore_ament_install']
[2.858s] Level 1:colcon.colcon_core.package_identification:_identify(src/cpp_pkg) by extension 'ignore'
[2.858s] Level 1:colcon.colcon_core.package_identification:_identify(src/cpp_pkg) by extension 'ignore_ament_install'
[2.858s] Level 1:colcon.colcon_core.package_identification:_identify(src/cpp_pkg) by extensions ['colcon_pkg']
[2.858s] Level 1:colcon.colcon_core.package_identification:_identify(src/cpp_pkg) by extension 'colcon_pkg'
[2.858s] Level 1:colcon.colcon_core.package_identification:_identify(src/cpp_pkg) by extensions ['colcon_meta']
[2.858s] Level 1:colcon.colcon_core.package_identification:_identify(src/cpp_pkg) by extension 'colcon_meta'
[2.858s] Level 1:colcon.colcon_core.package_identification:_identify(src/cpp_pkg) by extensions ['ros']
[2.858s] Level 1:colcon.colcon_core.package_identification:_identify(src/cpp_pkg) by extension 'ros'
[2.869s] DEBUG:colcon.colcon_core.package_identification:Package 'src/cpp_pkg' with type 'ros.ament_cmake' and name 'cpp_pkg'
[2.869s] Level 1:colcon.colcon_core.package_identification:_identify(src/python_pkg) by extensions ['ignore', 'ignore_ament_install']
[2.869s] Level 1:colcon.colcon_core.package_identification:_identify(src/python_pkg) by extension 'ignore'
[2.869s] Level 1:colcon.colcon_core.package_identification:_identify(src/python_pkg) by extension 'ignore_ament_install'
[2.869s] Level 1:colcon.colcon_core.package_identification:_identify(src/python_pkg) by extensions ['colcon_pkg']
[2.869s] Level 1:colcon.colcon_core.package_identification:_identify(src/python_pkg) by extension 'colcon_pkg'
[2.869s] Level 1:colcon.colcon_core.package_identification:_identify(src/python_pkg) by extensions ['colcon_meta']
[2.869s] Level 1:colcon.colcon_core.package_identification:_identify(src/python_pkg) by extension 'colcon_meta'
[2.869s] Level 1:colcon.colcon_core.package_identification:_identify(src/python_pkg) by extensions ['ros']
[2.869s] Level 1:colcon.colcon_core.package_identification:_identify(src/python_pkg) by extension 'ros'
[2.870s] DEBUG:colcon.colcon_core.package_identification:Package 'src/python_pkg' with type 'ros.ament_python' and name 'python_pkg'
[2.870s] Level 1:colcon.colcon_core.package_discovery:discover_packages(recursive) using defaults
[2.871s] Level 1:colcon.colcon_core.package_discovery:discover_packages(ignore) discover
[2.871s] Level 1:colcon.colcon_core.package_discovery:discover_packages(ignore) using defaults
[2.871s] Level 1:colcon.colcon_core.package_discovery:discover_packages(path) discover
[2.871s] Level 1:colcon.colcon_core.package_discovery:discover_packages(path) using defaults
[2.971s] Level 1:colcon.colcon_core.package_discovery:discover_packages(prefix_path) check parameters
[2.971s] Level 1:colcon.colcon_core.package_discovery:discover_packages(prefix_path) discover
[2.993s] DEBUG:colcon.colcon_installed_package_information.package_discovery:Found 271 installed packages in /opt/ros/humble
[2.996s] Level 1:colcon.colcon_core.package_discovery:discover_packages(prefix_path) using defaults
[3.030s] Level 5:colcon.colcon_core.verb:set package 'cpp_pkg' build argument 'cmake_args' from command line to 'None'
[3.030s] Level 5:colcon.colcon_core.verb:set package 'cpp_pkg' build argument 'cmake_target' from command line to 'None'
[3.030s] Level 5:colcon.colcon_core.verb:set package 'cpp_pkg' build argument 'cmake_target_skip_unavailable' from command line to 'False'
[3.030s] Level 5:colcon.colcon_core.verb:set package 'cpp_pkg' build argument 'cmake_clean_cache' from command line to 'False'
[3.030s] Level 5:colcon.colcon_core.verb:set package 'cpp_pkg' build argument 'cmake_clean_first' from command line to 'False'
[3.030s] Level 5:colcon.colcon_core.verb:set package 'cpp_pkg' build argument 'cmake_force_configure' from command line to 'False'
[3.030s] Level 5:colcon.colcon_core.verb:set package 'cpp_pkg' build argument 'ament_cmake_args' from command line to 'None'
[3.030s] Level 5:colcon.colcon_core.verb:set package 'cpp_pkg' build argument 'catkin_cmake_args' from command line to 'None'
[3.030s] Level 5:colcon.colcon_core.verb:set package 'cpp_pkg' build argument 'catkin_skip_building_tests' from command line to 'False'
[3.030s] DEBUG:colcon.colcon_core.verb:Building package 'cpp_pkg' with the following arguments: {'ament_cmake_args': None, 'build_base': '/home/lxf/桌面/ROS/6.Thread/build/cpp_pkg', 'catkin_cmake_args': None, 'catkin_skip_building_tests': False, 'cmake_args': None, 'cmake_clean_cache': False, 'cmake_clean_first': False, 'cmake_force_configure': False, 'cmake_target': None, 'cmake_target_skip_unavailable': False, 'install_base': '/home/lxf/桌面/ROS/6.Thread/install/cpp_pkg', 'merge_install': False, 'path': '/home/lxf/桌面/ROS/6.Thread/src/cpp_pkg', 'symlink_install': False, 'test_result_base': None}
[3.030s] Level 5:colcon.colcon_core.verb:set package 'python_pkg' build argument 'cmake_args' from command line to 'None'
[3.030s] Level 5:colcon.colcon_core.verb:set package 'python_pkg' build argument 'cmake_target' from command line to 'None'
[3.030s] Level 5:colcon.colcon_core.verb:set package 'python_pkg' build argument 'cmake_target_skip_unavailable' from command line to 'False'
[3.030s] Level 5:colcon.colcon_core.verb:set package 'python_pkg' build argument 'cmake_clean_cache' from command line to 'False'
[3.030s] Level 5:colcon.colcon_core.verb:set package 'python_pkg' build argument 'cmake_clean_first' from command line to 'False'
[3.030s] Level 5:colcon.colcon_core.verb:set package 'python_pkg' build argument 'cmake_force_configure' from command line to 'False'
[3.030s] Level 5:colcon.colcon_core.verb:set package 'python_pkg' build argument 'ament_cmake_args' from command line to 'None'
[3.030s] Level 5:colcon.colcon_core.verb:set package 'python_pkg' build argument 'catkin_cmake_args' from command line to 'None'
[3.030s] Level 5:colcon.colcon_core.verb:set package 'python_pkg' build argument 'catkin_skip_building_tests' from command line to 'False'
[3.030s] DEBUG:colcon.colcon_core.verb:Building package 'python_pkg' with the following arguments: {'ament_cmake_args': None, 'build_base': '/home/lxf/桌面/ROS/6.Thread/build/python_pkg', 'catkin_cmake_args': None, 'catkin_skip_building_tests': False, 'cmake_args': None, 'cmake_clean_cache': False, 'cmake_clean_first': False, 'cmake_force_configure': False, 'cmake_target': None, 'cmake_target_skip_unavailable': False, 'install_base': '/home/lxf/桌面/ROS/6.Thread/install/python_pkg', 'merge_install': False, 'path': '/home/lxf/桌面/ROS/6.Thread/src/python_pkg', 'symlink_install': False, 'test_result_base': None}
[3.030s] INFO:colcon.colcon_core.executor:Executing jobs using 'parallel' executor
[3.031s] DEBUG:colcon.colcon_parallel_executor.executor.parallel:run_until_complete
[3.031s] INFO:colcon.colcon_ros.task.ament_cmake.build:Building ROS package in '/home/lxf/桌面/ROS/6.Thread/src/cpp_pkg' with build type 'ament_cmake'
[3.031s] INFO:colcon.colcon_cmake.task.cmake.build:Building CMake package in '/home/lxf/桌面/ROS/6.Thread/src/cpp_pkg'
[3.053s] INFO:colcon.colcon_core.plugin_system:Skipping extension 'colcon_core.shell.bat': Not used on non-Windows systems
[3.053s] INFO:colcon.colcon_core.shell:Skip shell extension 'powershell' for command environment: Not usable outside of PowerShell
[3.053s] DEBUG:colcon.colcon_core.shell:Skip shell extension 'dsv' for command environment
[3.058s] INFO:colcon.colcon_ros.task.ament_python.build:Building ROS package in '/home/lxf/桌面/ROS/6.Thread/src/python_pkg' with build type 'ament_python'
[3.059s] Level 1:colcon.colcon_core.shell:create_environment_hook('python_pkg', 'ament_prefix_path')
[3.059s] INFO:colcon.colcon_core.shell:Creating environment hook '/home/lxf/桌面/ROS/6.Thread/install/python_pkg/share/python_pkg/hook/ament_prefix_path.ps1'
[3.061s] INFO:colcon.colcon_core.shell:Creating environment descriptor '/home/lxf/桌面/ROS/6.Thread/install/python_pkg/share/python_pkg/hook/ament_prefix_path.dsv'
[3.065s] INFO:colcon.colcon_core.shell:Creating environment hook '/home/lxf/桌面/ROS/6.Thread/install/python_pkg/share/python_pkg/hook/ament_prefix_path.sh'
[3.070s] INFO:colcon.colcon_core.shell:Skip shell extension 'powershell' for command environment: Not usable outside of PowerShell
[3.070s] DEBUG:colcon.colcon_core.shell:Skip shell extension 'dsv' for command environment
[3.078s] DEBUG:colcon.colcon_core.event_handler.log_command:Invoking command in '/home/lxf/桌面/ROS/6.Thread/build/cpp_pkg': CMAKE_PREFIX_PATH=/opt/ros/humble /usr/bin/cmake /home/lxf/桌面/ROS/6.Thread/src/cpp_pkg -DCMAKE_INSTALL_PREFIX=/home/lxf/桌面/ROS/6.Thread/install/cpp_pkg
[3.255s] INFO:colcon.colcon_core.task.python.build:Building Python package in '/home/lxf/桌面/ROS/6.Thread/src/python_pkg'
[3.255s] INFO:colcon.colcon_core.shell:Skip shell extension 'powershell' for command environment: Not usable outside of PowerShell
[3.255s] DEBUG:colcon.colcon_core.shell:Skip shell extension 'dsv' for command environment
[3.840s] DEBUG:colcon.colcon_core.event_handler.log_command:Invoking command in '/home/lxf/桌面/ROS/6.Thread/src/python_pkg': PYTHONPATH=/home/lxf/桌面/ROS/6.Thread/build/python_pkg/prefix_override:/usr/lib/python3/dist-packages/colcon_core/task/python/colcon_distutils_commands:/home/lxf/桌面/ROS/6.Thread/install/python_pkg/lib/python3.10/site-packages:${PYTHONPATH} /usr/bin/python3 -W ignore:setup.py install is deprecated -W ignore:easy_install command is deprecated setup.py egg_info --egg-base ../../build/python_pkg build --build-base /home/lxf/桌面/ROS/6.Thread/build/python_pkg/build install --record /home/lxf/桌面/ROS/6.Thread/build/python_pkg/install.log --single-version-externally-managed install_data
[4.021s] DEBUG:colcon.colcon_core.event_handler.log_command:Invoked command in '/home/lxf/桌面/ROS/6.Thread/src/python_pkg' returned '0': PYTHONPATH=/home/lxf/桌面/ROS/6.Thread/build/python_pkg/prefix_override:/usr/lib/python3/dist-packages/colcon_core/task/python/colcon_distutils_commands:/home/lxf/桌面/ROS/6.Thread/install/python_pkg/lib/python3.10/site-packages:${PYTHONPATH} /usr/bin/python3 -W ignore:setup.py install is deprecated -W ignore:easy_install command is deprecated setup.py egg_info --egg-base ../../build/python_pkg build --build-base /home/lxf/桌面/ROS/6.Thread/build/python_pkg/build install --record /home/lxf/桌面/ROS/6.Thread/build/python_pkg/install.log --single-version-externally-managed install_data
[4.046s] Level 1:colcon.colcon_core.environment:checking '/home/lxf/桌面/ROS/6.Thread/install/python_pkg' for CMake module files
[4.046s] Level 1:colcon.colcon_core.environment:checking '/home/lxf/桌面/ROS/6.Thread/install/python_pkg' for CMake config files
[4.047s] Level 1:colcon.colcon_core.environment:checking '/home/lxf/桌面/ROS/6.Thread/install/python_pkg/lib'
[4.047s] Level 1:colcon.colcon_core.environment:checking '/home/lxf/桌面/ROS/6.Thread/install/python_pkg/bin'
[4.048s] Level 1:colcon.colcon_core.environment:checking '/home/lxf/桌面/ROS/6.Thread/install/python_pkg/lib/pkgconfig/python_pkg.pc'
[4.048s] Level 1:colcon.colcon_core.environment:checking '/home/lxf/桌面/ROS/6.Thread/install/python_pkg/lib/python3.10/site-packages'
[4.048s] Level 1:colcon.colcon_core.shell:create_environment_hook('python_pkg', 'pythonpath')
[4.048s] INFO:colcon.colcon_core.shell:Creating environment hook '/home/lxf/桌面/ROS/6.Thread/install/python_pkg/share/python_pkg/hook/pythonpath.ps1'
[4.049s] INFO:colcon.colcon_core.shell:Creating environment descriptor '/home/lxf/桌面/ROS/6.Thread/install/python_pkg/share/python_pkg/hook/pythonpath.dsv'
[4.049s] INFO:colcon.colcon_core.shell:Creating environment hook '/home/lxf/桌面/ROS/6.Thread/install/python_pkg/share/python_pkg/hook/pythonpath.sh'
[4.050s] Level 1:colcon.colcon_core.environment:checking '/home/lxf/桌面/ROS/6.Thread/install/python_pkg/bin'
[4.050s] Level 1:colcon.colcon_core.environment:create_environment_scripts_only(python_pkg)
[4.050s] INFO:colcon.colcon_core.shell:Creating package script '/home/lxf/桌面/ROS/6.Thread/install/python_pkg/share/python_pkg/package.ps1'
[4.054s] INFO:colcon.colcon_core.shell:Creating package descriptor '/home/lxf/桌面/ROS/6.Thread/install/python_pkg/share/python_pkg/package.dsv'
[4.058s] INFO:colcon.colcon_core.shell:Creating package script '/home/lxf/桌面/ROS/6.Thread/install/python_pkg/share/python_pkg/package.sh'
[4.062s] INFO:colcon.colcon_core.shell:Creating package script '/home/lxf/桌面/ROS/6.Thread/install/python_pkg/share/python_pkg/package.bash'
[4.067s] INFO:colcon.colcon_core.shell:Creating package script '/home/lxf/桌面/ROS/6.Thread/install/python_pkg/share/python_pkg/package.zsh'
[4.072s] Level 1:colcon.colcon_core.environment:create_file_with_runtime_dependencies(/home/lxf/桌面/ROS/6.Thread/install/python_pkg/share/colcon-core/packages/python_pkg)
[5.298s] DEBUG:colcon.colcon_core.event_handler.log_command:Invoked command in '/home/lxf/桌面/ROS/6.Thread/build/cpp_pkg' returned '0': CMAKE_PREFIX_PATH=/opt/ros/humble /usr/bin/cmake /home/lxf/桌面/ROS/6.Thread/src/cpp_pkg -DCMAKE_INSTALL_PREFIX=/home/lxf/桌面/ROS/6.Thread/install/cpp_pkg
[5.299s] DEBUG:colcon.colcon_core.event_handler.log_command:Invoking command in '/home/lxf/桌面/ROS/6.Thread/build/cpp_pkg': CMAKE_PREFIX_PATH=/opt/ros/humble /usr/bin/cmake --build /home/lxf/桌面/ROS/6.Thread/build/cpp_pkg -- -j16 -l16
[7.609s] DEBUG:colcon.colcon_core.event_handler.log_command:Invoked command in '/home/lxf/桌面/ROS/6.Thread/build/cpp_pkg' returned '0': CMAKE_PREFIX_PATH=/opt/ros/humble /usr/bin/cmake --build /home/lxf/桌面/ROS/6.Thread/build/cpp_pkg -- -j16 -l16
[7.616s] DEBUG:colcon.colcon_core.event_handler.log_command:Invoking command in '/home/lxf/桌面/ROS/6.Thread/build/cpp_pkg': CMAKE_PREFIX_PATH=/opt/ros/humble /usr/bin/cmake --install /home/lxf/桌面/ROS/6.Thread/build/cpp_pkg
[7.626s] Level 1:colcon.colcon_core.environment:create_environment_scripts_only(cpp_pkg)
[7.626s] Level 1:colcon.colcon_core.environment:checking '/home/lxf/桌面/ROS/6.Thread/install/cpp_pkg' for CMake module files
[7.626s] DEBUG:colcon.colcon_core.event_handler.log_command:Invoked command in '/home/lxf/桌面/ROS/6.Thread/build/cpp_pkg' returned '0': CMAKE_PREFIX_PATH=/opt/ros/humble /usr/bin/cmake --install /home/lxf/桌面/ROS/6.Thread/build/cpp_pkg
[7.627s] Level 1:colcon.colcon_core.environment:checking '/home/lxf/桌面/ROS/6.Thread/install/cpp_pkg' for CMake config files
[7.627s] Level 1:colcon.colcon_core.shell:create_environment_hook('cpp_pkg', 'cmake_prefix_path')
[7.627s] INFO:colcon.colcon_core.shell:Creating environment hook '/home/lxf/桌面/ROS/6.Thread/install/cpp_pkg/share/cpp_pkg/hook/cmake_prefix_path.ps1'
[7.627s] INFO:colcon.colcon_core.shell:Creating environment descriptor '/home/lxf/桌面/ROS/6.Thread/install/cpp_pkg/share/cpp_pkg/hook/cmake_prefix_path.dsv'
[7.627s] INFO:colcon.colcon_core.shell:Creating environment hook '/home/lxf/桌面/ROS/6.Thread/install/cpp_pkg/share/cpp_pkg/hook/cmake_prefix_path.sh'
[7.628s] Level 1:colcon.colcon_core.environment:checking '/home/lxf/桌面/ROS/6.Thread/install/cpp_pkg/lib'
[7.628s] Level 1:colcon.colcon_core.environment:checking '/home/lxf/桌面/ROS/6.Thread/install/cpp_pkg/bin'
[7.628s] Level 1:colcon.colcon_core.environment:checking '/home/lxf/桌面/ROS/6.Thread/install/cpp_pkg/lib/pkgconfig/cpp_pkg.pc'
[7.628s] Level 1:colcon.colcon_core.environment:checking '/home/lxf/桌面/ROS/6.Thread/install/cpp_pkg/lib/python3.10/site-packages'
[7.628s] Level 1:colcon.colcon_core.environment:checking '/home/lxf/桌面/ROS/6.Thread/install/cpp_pkg/bin'
[7.628s] INFO:colcon.colcon_core.shell:Creating package script '/home/lxf/桌面/ROS/6.Thread/install/cpp_pkg/share/cpp_pkg/package.ps1'
[7.629s] INFO:colcon.colcon_core.shell:Creating package descriptor '/home/lxf/桌面/ROS/6.Thread/install/cpp_pkg/share/cpp_pkg/package.dsv'
[7.629s] INFO:colcon.colcon_core.shell:Creating package script '/home/lxf/桌面/ROS/6.Thread/install/cpp_pkg/share/cpp_pkg/package.sh'
[7.629s] INFO:colcon.colcon_core.shell:Creating package script '/home/lxf/桌面/ROS/6.Thread/install/cpp_pkg/share/cpp_pkg/package.bash'
[7.629s] INFO:colcon.colcon_core.shell:Creating package script '/home/lxf/桌面/ROS/6.Thread/install/cpp_pkg/share/cpp_pkg/package.zsh'
[7.629s] Level 1:colcon.colcon_core.environment:create_file_with_runtime_dependencies(/home/lxf/桌面/ROS/6.Thread/install/cpp_pkg/share/colcon-core/packages/cpp_pkg)
[7.630s] Level 1:colcon.colcon_core.environment:create_environment_scripts_only(cpp_pkg)
[7.630s] Level 1:colcon.colcon_core.environment:checking '/home/lxf/桌面/ROS/6.Thread/install/cpp_pkg' for CMake module files
[7.630s] Level 1:colcon.colcon_core.environment:checking '/home/lxf/桌面/ROS/6.Thread/install/cpp_pkg' for CMake config files
[7.630s] Level 1:colcon.colcon_core.shell:create_environment_hook('cpp_pkg', 'cmake_prefix_path')
[7.630s] INFO:colcon.colcon_core.shell:Creating environment hook '/home/lxf/桌面/ROS/6.Thread/install/cpp_pkg/share/cpp_pkg/hook/cmake_prefix_path.ps1'
[7.630s] INFO:colcon.colcon_core.shell:Creating environment descriptor '/home/lxf/桌面/ROS/6.Thread/install/cpp_pkg/share/cpp_pkg/hook/cmake_prefix_path.dsv'
[7.631s] INFO:colcon.colcon_core.shell:Creating environment hook '/home/lxf/桌面/ROS/6.Thread/install/cpp_pkg/share/cpp_pkg/hook/cmake_prefix_path.sh'
[7.632s] Level 1:colcon.colcon_core.environment:checking '/home/lxf/桌面/ROS/6.Thread/install/cpp_pkg/lib'
[7.632s] Level 1:colcon.colcon_core.environment:checking '/home/lxf/桌面/ROS/6.Thread/install/cpp_pkg/bin'
[7.632s] Level 1:colcon.colcon_core.environment:checking '/home/lxf/桌面/ROS/6.Thread/install/cpp_pkg/lib/pkgconfig/cpp_pkg.pc'
[7.632s] Level 1:colcon.colcon_core.environment:checking '/home/lxf/桌面/ROS/6.Thread/install/cpp_pkg/lib/python3.10/site-packages'
[7.632s] Level 1:colcon.colcon_core.environment:checking '/home/lxf/桌面/ROS/6.Thread/install/cpp_pkg/bin'
[7.632s] INFO:colcon.colcon_core.shell:Creating package script '/home/lxf/桌面/ROS/6.Thread/install/cpp_pkg/share/cpp_pkg/package.ps1'
[7.632s] INFO:colcon.colcon_core.shell:Creating package descriptor '/home/lxf/桌面/ROS/6.Thread/install/cpp_pkg/share/cpp_pkg/package.dsv'
[7.633s] INFO:colcon.colcon_core.shell:Creating package script '/home/lxf/桌面/ROS/6.Thread/install/cpp_pkg/share/cpp_pkg/package.sh'
[7.633s] INFO:colcon.colcon_core.shell:Creating package script '/home/lxf/桌面/ROS/6.Thread/install/cpp_pkg/share/cpp_pkg/package.bash'
[7.633s] INFO:colcon.colcon_core.shell:Creating package script '/home/lxf/桌面/ROS/6.Thread/install/cpp_pkg/share/cpp_pkg/package.zsh'
[7.633s] Level 1:colcon.colcon_core.environment:create_file_with_runtime_dependencies(/home/lxf/桌面/ROS/6.Thread/install/cpp_pkg/share/colcon-core/packages/cpp_pkg)
[7.633s] DEBUG:colcon.colcon_parallel_executor.executor.parallel:closing loop
[7.634s] DEBUG:colcon.colcon_parallel_executor.executor.parallel:loop closed
[7.634s] DEBUG:colcon.colcon_parallel_executor.executor.parallel:run_until_complete finished with '0'
[7.634s] DEBUG:colcon.colcon_core.event_reactor:joining thread
[7.648s] INFO:colcon.colcon_core.plugin_system:Skipping extension 'colcon_notification.desktop_notification.terminal_notifier': Not used on non-Darwin systems
[7.648s] INFO:colcon.colcon_core.plugin_system:Skipping extension 'colcon_notification.desktop_notification.win32': Not used on non-Windows systems
[7.648s] INFO:colcon.colcon_notification.desktop_notification:Sending desktop notification using 'notify2'
[7.677s] DEBUG:colcon.colcon_core.event_reactor:joined thread
[7.678s] INFO:colcon.colcon_core.shell:Creating prefix script '/home/lxf/桌面/ROS/6.Thread/install/local_setup.ps1'
[7.679s] INFO:colcon.colcon_core.shell:Creating prefix util module '/home/lxf/桌面/ROS/6.Thread/install/_local_setup_util_ps1.py'
[7.684s] INFO:colcon.colcon_core.shell:Creating prefix chain script '/home/lxf/桌面/ROS/6.Thread/install/setup.ps1'
[7.687s] INFO:colcon.colcon_core.shell:Creating prefix script '/home/lxf/桌面/ROS/6.Thread/install/local_setup.sh'
[7.688s] INFO:colcon.colcon_core.shell:Creating prefix util module '/home/lxf/桌面/ROS/6.Thread/install/_local_setup_util_sh.py'
[7.689s] INFO:colcon.colcon_core.shell:Creating prefix chain script '/home/lxf/桌面/ROS/6.Thread/install/setup.sh'
[7.692s] INFO:colcon.colcon_core.shell:Creating prefix script '/home/lxf/桌面/ROS/6.Thread/install/local_setup.bash'
[7.695s] INFO:colcon.colcon_core.shell:Creating prefix chain script '/home/lxf/桌面/ROS/6.Thread/install/setup.bash'
[7.700s] INFO:colcon.colcon_core.shell:Creating prefix script '/home/lxf/桌面/ROS/6.Thread/install/local_setup.zsh'
[7.704s] INFO:colcon.colcon_core.shell:Creating prefix chain script '/home/lxf/桌面/ROS/6.Thread/install/setup.zsh'
