[0.370s] Invoking command in '/home/lxf/桌面/ROS/5.CPP_new_feature/src/python_pkg': PYTHONPATH=/home/lxf/桌面/ROS/5.CPP_new_feature/build/python_pkg/prefix_override:/usr/lib/python3/dist-packages/colcon_core/task/python/colcon_distutils_commands:/home/lxf/桌面/ROS/5.CPP_new_feature/install/python_pkg/lib/python3.10/site-packages:${PYTHONPATH} /usr/bin/python3 -W ignore:setup.py install is deprecated -W ignore:easy_install command is deprecated setup.py egg_info --egg-base ../../build/python_pkg build --build-base /home/lxf/桌面/ROS/5.CPP_new_feature/build/python_pkg/build install --record /home/lxf/桌面/ROS/5.CPP_new_feature/build/python_pkg/install.log --single-version-externally-managed install_data
[0.511s] running egg_info
[0.512s] creating ../../build/python_pkg/python_pkg.egg-info
[0.512s] writing ../../build/python_pkg/python_pkg.egg-info/PKG-INFO
[0.512s] writing dependency_links to ../../build/python_pkg/python_pkg.egg-info/dependency_links.txt
[0.512s] writing entry points to ../../build/python_pkg/python_pkg.egg-info/entry_points.txt
[0.512s] writing requirements to ../../build/python_pkg/python_pkg.egg-info/requires.txt
[0.512s] writing top-level names to ../../build/python_pkg/python_pkg.egg-info/top_level.txt
[0.512s] writing manifest file '../../build/python_pkg/python_pkg.egg-info/SOURCES.txt'
[0.513s] reading manifest file '../../build/python_pkg/python_pkg.egg-info/SOURCES.txt'
[0.513s] adding license file 'LICENSE'
[0.514s] writing manifest file '../../build/python_pkg/python_pkg.egg-info/SOURCES.txt'
[0.514s] running build
[0.514s] running build_py
[0.514s] creating /home/lxf/桌面/ROS/5.CPP_new_feature/build/python_pkg/build
[0.514s] creating /home/lxf/桌面/ROS/5.CPP_new_feature/build/python_pkg/build/lib
[0.514s] creating /home/lxf/桌面/ROS/5.CPP_new_feature/build/python_pkg/build/lib/python_pkg
[0.514s] copying python_pkg/person_node.py -> /home/lxf/桌面/ROS/5.CPP_new_feature/build/python_pkg/build/lib/python_pkg
[0.514s] copying python_pkg/writer_node.py -> /home/lxf/桌面/ROS/5.CPP_new_feature/build/python_pkg/build/lib/python_pkg
[0.514s] copying python_pkg/__init__.py -> /home/lxf/桌面/ROS/5.CPP_new_feature/build/python_pkg/build/lib/python_pkg
[0.514s] copying python_pkg/python_node.py -> /home/lxf/桌面/ROS/5.CPP_new_feature/build/python_pkg/build/lib/python_pkg
[0.514s] running install
[0.514s] running install_lib
[0.515s] creating /home/lxf/桌面/ROS/5.CPP_new_feature/install/python_pkg/lib/python3.10/site-packages/python_pkg
[0.515s] copying /home/lxf/桌面/ROS/5.CPP_new_feature/build/python_pkg/build/lib/python_pkg/person_node.py -> /home/lxf/桌面/ROS/5.CPP_new_feature/install/python_pkg/lib/python3.10/site-packages/python_pkg
[0.515s] copying /home/lxf/桌面/ROS/5.CPP_new_feature/build/python_pkg/build/lib/python_pkg/writer_node.py -> /home/lxf/桌面/ROS/5.CPP_new_feature/install/python_pkg/lib/python3.10/site-packages/python_pkg
[0.515s] copying /home/lxf/桌面/ROS/5.CPP_new_feature/build/python_pkg/build/lib/python_pkg/__init__.py -> /home/lxf/桌面/ROS/5.CPP_new_feature/install/python_pkg/lib/python3.10/site-packages/python_pkg
[0.515s] copying /home/lxf/桌面/ROS/5.CPP_new_feature/build/python_pkg/build/lib/python_pkg/python_node.py -> /home/lxf/桌面/ROS/5.CPP_new_feature/install/python_pkg/lib/python3.10/site-packages/python_pkg
[0.515s] byte-compiling /home/lxf/桌面/ROS/5.CPP_new_feature/install/python_pkg/lib/python3.10/site-packages/python_pkg/person_node.py to person_node.cpython-310.pyc
[0.516s] byte-compiling /home/lxf/桌面/ROS/5.CPP_new_feature/install/python_pkg/lib/python3.10/site-packages/python_pkg/writer_node.py to writer_node.cpython-310.pyc
[0.516s] byte-compiling /home/lxf/桌面/ROS/5.CPP_new_feature/install/python_pkg/lib/python3.10/site-packages/python_pkg/__init__.py to __init__.cpython-310.pyc
[0.516s] byte-compiling /home/lxf/桌面/ROS/5.CPP_new_feature/install/python_pkg/lib/python3.10/site-packages/python_pkg/python_node.py to python_node.cpython-310.pyc
[0.516s] running install_data
[0.516s] creating /home/lxf/桌面/ROS/5.CPP_new_feature/install/python_pkg/share/ament_index
[0.516s] creating /home/lxf/桌面/ROS/5.CPP_new_feature/install/python_pkg/share/ament_index/resource_index
[0.516s] creating /home/lxf/桌面/ROS/5.CPP_new_feature/install/python_pkg/share/ament_index/resource_index/packages
[0.516s] copying resource/python_pkg -> /home/lxf/桌面/ROS/5.CPP_new_feature/install/python_pkg/share/ament_index/resource_index/packages
[0.516s] copying package.xml -> /home/lxf/桌面/ROS/5.CPP_new_feature/install/python_pkg/share/python_pkg
[0.516s] running install_egg_info
[0.518s] Copying ../../build/python_pkg/python_pkg.egg-info to /home/lxf/桌面/ROS/5.CPP_new_feature/install/python_pkg/lib/python3.10/site-packages/python_pkg-0.0.0-py3.10.egg-info
[0.518s] running install_scripts
[0.532s] Installing person_node script to /home/lxf/桌面/ROS/5.CPP_new_feature/install/python_pkg/lib/python_pkg
[0.532s] Installing python_node script to /home/lxf/桌面/ROS/5.CPP_new_feature/install/python_pkg/lib/python_pkg
[0.532s] Installing writer_node script to /home/lxf/桌面/ROS/5.CPP_new_feature/install/python_pkg/lib/python_pkg
[0.532s] writing list of installed files to '/home/lxf/桌面/ROS/5.CPP_new_feature/build/python_pkg/install.log'
[0.548s] Invoked command in '/home/lxf/桌面/ROS/5.CPP_new_feature/src/python_pkg' returned '0': PYTHONPATH=/home/lxf/桌面/ROS/5.CPP_new_feature/build/python_pkg/prefix_override:/usr/lib/python3/dist-packages/colcon_core/task/python/colcon_distutils_commands:/home/lxf/桌面/ROS/5.CPP_new_feature/install/python_pkg/lib/python3.10/site-packages:${PYTHONPATH} /usr/bin/python3 -W ignore:setup.py install is deprecated -W ignore:easy_install command is deprecated setup.py egg_info --egg-base ../../build/python_pkg build --build-base /home/lxf/桌面/ROS/5.CPP_new_feature/build/python_pkg/build install --record /home/lxf/桌面/ROS/5.CPP_new_feature/build/python_pkg/install.log --single-version-externally-managed install_data
