[0.416s] Invoking command in '/home/lxf/桌面/ROS/7.话题发布小说/src/python_topic': PYTHONPATH=/home/lxf/桌面/ROS/7.话题发布小说/build/python_topic/prefix_override:/usr/lib/python3/dist-packages/colcon_core/task/python/colcon_distutils_commands:/home/lxf/桌面/ROS/7.话题发布小说/install/python_topic/lib/python3.10/site-packages:${PYTHONPATH} /usr/bin/python3 -W ignore:setup.py install is deprecated -W ignore:easy_install command is deprecated setup.py egg_info --egg-base ../../build/python_topic build --build-base /home/lxf/桌面/ROS/7.话题发布小说/build/python_topic/build install --record /home/lxf/桌面/ROS/7.话题发布小说/build/python_topic/install.log --single-version-externally-managed install_data
[0.571s] running egg_info
[0.572s] writing ../../build/python_topic/python_topic.egg-info/PKG-INFO
[0.572s] writing dependency_links to ../../build/python_topic/python_topic.egg-info/dependency_links.txt
[0.572s] writing entry points to ../../build/python_topic/python_topic.egg-info/entry_points.txt
[0.572s] writing requirements to ../../build/python_topic/python_topic.egg-info/requires.txt
[0.573s] writing top-level names to ../../build/python_topic/python_topic.egg-info/top_level.txt
[0.574s] reading manifest file '../../build/python_topic/python_topic.egg-info/SOURCES.txt'
[0.575s] adding license file 'LICENSE'
[0.575s] writing manifest file '../../build/python_topic/python_topic.egg-info/SOURCES.txt'
[0.576s] running build
[0.576s] running build_py
[0.576s] copying python_topic/novel_pub_node.py -> /home/lxf/桌面/ROS/7.话题发布小说/build/python_topic/build/lib/python_topic
[0.576s] running install
[0.576s] running install_lib
[0.577s] copying /home/lxf/桌面/ROS/7.话题发布小说/build/python_topic/build/lib/python_topic/novel_pub_node.py -> /home/lxf/桌面/ROS/7.话题发布小说/install/python_topic/lib/python3.10/site-packages/python_topic
[0.578s] byte-compiling /home/lxf/桌面/ROS/7.话题发布小说/install/python_topic/lib/python3.10/site-packages/python_topic/novel_pub_node.py to novel_pub_node.cpython-310.pyc
[0.579s] running install_data
[0.579s] running install_egg_info
[0.581s] removing '/home/lxf/桌面/ROS/7.话题发布小说/install/python_topic/lib/python3.10/site-packages/python_topic-0.0.0-py3.10.egg-info' (and everything under it)
[0.581s] Copying ../../build/python_topic/python_topic.egg-info to /home/lxf/桌面/ROS/7.话题发布小说/install/python_topic/lib/python3.10/site-packages/python_topic-0.0.0-py3.10.egg-info
[0.581s] running install_scripts
[0.600s] Installing novel_pub_node script to /home/lxf/桌面/ROS/7.话题发布小说/install/python_topic/lib/python_topic
[0.600s] writing list of installed files to '/home/lxf/桌面/ROS/7.话题发布小说/build/python_topic/install.log'
[0.621s] Invoked command in '/home/lxf/桌面/ROS/7.话题发布小说/src/python_topic' returned '0': PYTHONPATH=/home/lxf/桌面/ROS/7.话题发布小说/build/python_topic/prefix_override:/usr/lib/python3/dist-packages/colcon_core/task/python/colcon_distutils_commands:/home/lxf/桌面/ROS/7.话题发布小说/install/python_topic/lib/python3.10/site-packages:${PYTHONPATH} /usr/bin/python3 -W ignore:setup.py install is deprecated -W ignore:easy_install command is deprecated setup.py egg_info --egg-base ../../build/python_topic build --build-base /home/lxf/桌面/ROS/7.话题发布小说/build/python_topic/build install --record /home/lxf/桌面/ROS/7.话题发布小说/build/python_topic/install.log --single-version-externally-managed install_data
